[2025-08-21 06:10:04] opensid.ERROR: Telegram responded with an error `404 - Not Found`
[2025-08-21 06:10:04] opensid.ERROR: Telegram responded with an error `404 - Not Found`
[2025-08-21 08:48:08] opensid.ERROR: Severity: error --> Exception: View [partials.artikel.mobile-card] not found. (View: /Users/akmalfadli/Developer/desa-digital/wiradesa/storage/app/themes/perwira/resources/views/partials/articles.blade.php) (View: /Users/akmalfadli/Developer/desa-digital/wiradesa/storage/app/themes/perwira/resources/views/partials/articles.blade.php) (View: /Users/akmalfadli/Developer/desa-digital/wiradesa/storage/app/themes/perwira/resources/views/partials/articles.blade.php) /Users/akmalfadli/Developer/desa-digital/wiradesa/vendor/illuminate/view/FileViewFinder.php 137
[2025-08-21 08:49:45] opensid.ERROR: Severity: error --> Exception: Call to undefined function AmbilGambar() (View: /Users/akmalfadli/Developer/desa-digital/wiradesa/storage/app/themes/perwira/resources/views/partials/artikel/mobile-card.blade.php) (View: /Users/akmalfadli/Developer/desa-digital/wiradesa/storage/app/themes/perwira/resources/views/partials/artikel/mobile-card.blade.php) (View: /Users/akmalfadli/Developer/desa-digital/wiradesa/storage/app/themes/perwira/resources/views/partials/artikel/mobile-card.blade.php) (View: /Users/akmalfadli/Developer/desa-digital/wiradesa/storage/app/themes/perwira/resources/views/partials/artikel/mobile-card.blade.php) /Users/akmalfadli/Developer/desa-digital/wiradesa/storage/framework/views/6a7b8db6d53e9945dc9e8c8170a03eaa.php 6
[2025-08-21 08:50:37] opensid.ERROR: Severity: error --> Exception: Call to undefined function AmbilGambar() (View: /Users/akmalfadli/Developer/desa-digital/wiradesa/storage/app/themes/perwira/resources/views/partials/artikel/mobile-card.blade.php) (View: /Users/akmalfadli/Developer/desa-digital/wiradesa/storage/app/themes/perwira/resources/views/partials/artikel/mobile-card.blade.php) (View: /Users/akmalfadli/Developer/desa-digital/wiradesa/storage/app/themes/perwira/resources/views/partials/artikel/mobile-card.blade.php) (View: /Users/akmalfadli/Developer/desa-digital/wiradesa/storage/app/themes/perwira/resources/views/partials/artikel/mobile-card.blade.php) /Users/akmalfadli/Developer/desa-digital/wiradesa/storage/framework/views/6a7b8db6d53e9945dc9e8c8170a03eaa.php 6
[2025-08-21 01:51:47] opensid.ERROR: Severity: 8192 --> Creation of dynamic property CI_URI::$config is deprecated /Users/akmalfadli/Developer/desa-digital/wiradesa/vendor/codeigniter/framework/system/core/URI.php 102
[2025-08-21 01:51:47] opensid.ERROR: Severity: 8192 --> Creation of dynamic property MY_Router::$uri is deprecated /Users/akmalfadli/Developer/desa-digital/wiradesa/vendor/codeigniter/framework/system/core/Router.php 128
[2025-08-21 01:51:47] opensid.ERROR: Severity: 8192 --> Creation of dynamic property Utama::$benchmark is deprecated /Users/akmalfadli/Developer/desa-digital/wiradesa/vendor/codeigniter/framework/system/core/Controller.php 83
[2025-08-21 01:51:47] opensid.ERROR: Severity: 8192 --> Creation of dynamic property Utama::$hooks is deprecated /Users/akmalfadli/Developer/desa-digital/wiradesa/vendor/codeigniter/framework/system/core/Controller.php 83
[2025-08-21 01:51:47] opensid.ERROR: Severity: 8192 --> Creation of dynamic property Utama::$config is deprecated /Users/akmalfadli/Developer/desa-digital/wiradesa/vendor/codeigniter/framework/system/core/Controller.php 83
[2025-08-21 01:51:47] opensid.ERROR: Severity: 8192 --> Creation of dynamic property Utama::$utf8 is deprecated /Users/akmalfadli/Developer/desa-digital/wiradesa/vendor/codeigniter/framework/system/core/Controller.php 83
[2025-08-21 01:51:47] opensid.ERROR: Severity: 8192 --> Creation of dynamic property Utama::$uri is deprecated /Users/akmalfadli/Developer/desa-digital/wiradesa/vendor/codeigniter/framework/system/core/Controller.php 83
[2025-08-21 01:51:47] opensid.ERROR: Severity: 8192 --> Creation of dynamic property Utama::$exceptions is deprecated /Users/akmalfadli/Developer/desa-digital/wiradesa/vendor/codeigniter/framework/system/core/Controller.php 83
[2025-08-21 01:51:47] opensid.ERROR: Severity: 8192 --> Creation of dynamic property Utama::$router is deprecated /Users/akmalfadli/Developer/desa-digital/wiradesa/vendor/codeigniter/framework/system/core/Controller.php 83
[2025-08-21 01:51:47] opensid.ERROR: Severity: 8192 --> Creation of dynamic property Utama::$output is deprecated /Users/akmalfadli/Developer/desa-digital/wiradesa/vendor/codeigniter/framework/system/core/Controller.php 83
[2025-08-21 01:51:47] opensid.ERROR: Severity: 8192 --> Creation of dynamic property Utama::$security is deprecated /Users/akmalfadli/Developer/desa-digital/wiradesa/vendor/codeigniter/framework/system/core/Controller.php 83
[2025-08-21 01:51:47] opensid.ERROR: Severity: 8192 --> Creation of dynamic property Utama::$input is deprecated /Users/akmalfadli/Developer/desa-digital/wiradesa/vendor/codeigniter/framework/system/core/Controller.php 83
[2025-08-21 01:51:47] opensid.ERROR: Severity: 8192 --> Creation of dynamic property Utama::$lang is deprecated /Users/akmalfadli/Developer/desa-digital/wiradesa/vendor/codeigniter/framework/system/core/Controller.php 83
[2025-08-21 08:51:47] opensid.ERROR: Severity: error --> Exception: Call to undefined function AmbilGambar() (View: /Users/akmalfadli/Developer/desa-digital/wiradesa/storage/app/themes/perwira/resources/views/partials/artikel/mobile-card.blade.php) (View: /Users/akmalfadli/Developer/desa-digital/wiradesa/storage/app/themes/perwira/resources/views/partials/artikel/mobile-card.blade.php) (View: /Users/akmalfadli/Developer/desa-digital/wiradesa/storage/app/themes/perwira/resources/views/partials/artikel/mobile-card.blade.php) (View: /Users/akmalfadli/Developer/desa-digital/wiradesa/storage/app/themes/perwira/resources/views/partials/artikel/mobile-card.blade.php) /Users/akmalfadli/Developer/desa-digital/wiradesa/storage/framework/views/6a7b8db6d53e9945dc9e8c8170a03eaa.php 6
[2025-08-21 02:28:12] opensid.ERROR: Severity: 8192 --> Creation of dynamic property CI_URI::$config is deprecated /Users/akmalfadli/Developer/desa-digital/wiradesa/vendor/codeigniter/framework/system/core/URI.php 102
[2025-08-21 02:28:12] opensid.ERROR: Severity: 8192 --> Creation of dynamic property MY_Router::$uri is deprecated /Users/akmalfadli/Developer/desa-digital/wiradesa/vendor/codeigniter/framework/system/core/Router.php 128
[2025-08-21 02:28:12] opensid.ERROR: Severity: 8192 --> Creation of dynamic property Utama::$benchmark is deprecated /Users/akmalfadli/Developer/desa-digital/wiradesa/vendor/codeigniter/framework/system/core/Controller.php 83
[2025-08-21 02:28:12] opensid.ERROR: Severity: 8192 --> Creation of dynamic property Utama::$hooks is deprecated /Users/akmalfadli/Developer/desa-digital/wiradesa/vendor/codeigniter/framework/system/core/Controller.php 83
[2025-08-21 02:28:12] opensid.ERROR: Severity: 8192 --> Creation of dynamic property Utama::$config is deprecated /Users/akmalfadli/Developer/desa-digital/wiradesa/vendor/codeigniter/framework/system/core/Controller.php 83
[2025-08-21 02:28:12] opensid.ERROR: Severity: 8192 --> Creation of dynamic property Utama::$utf8 is deprecated /Users/akmalfadli/Developer/desa-digital/wiradesa/vendor/codeigniter/framework/system/core/Controller.php 83
[2025-08-21 02:28:12] opensid.ERROR: Severity: 8192 --> Creation of dynamic property Utama::$uri is deprecated /Users/akmalfadli/Developer/desa-digital/wiradesa/vendor/codeigniter/framework/system/core/Controller.php 83
[2025-08-21 02:28:12] opensid.ERROR: Severity: 8192 --> Creation of dynamic property Utama::$exceptions is deprecated /Users/akmalfadli/Developer/desa-digital/wiradesa/vendor/codeigniter/framework/system/core/Controller.php 83
[2025-08-21 02:28:12] opensid.ERROR: Severity: 8192 --> Creation of dynamic property Utama::$router is deprecated /Users/akmalfadli/Developer/desa-digital/wiradesa/vendor/codeigniter/framework/system/core/Controller.php 83
[2025-08-21 02:28:12] opensid.ERROR: Severity: 8192 --> Creation of dynamic property Utama::$output is deprecated /Users/akmalfadli/Developer/desa-digital/wiradesa/vendor/codeigniter/framework/system/core/Controller.php 83
[2025-08-21 02:28:12] opensid.ERROR: Severity: 8192 --> Creation of dynamic property Utama::$security is deprecated /Users/akmalfadli/Developer/desa-digital/wiradesa/vendor/codeigniter/framework/system/core/Controller.php 83
[2025-08-21 02:28:12] opensid.ERROR: Severity: 8192 --> Creation of dynamic property Utama::$input is deprecated /Users/akmalfadli/Developer/desa-digital/wiradesa/vendor/codeigniter/framework/system/core/Controller.php 83
[2025-08-21 02:28:12] opensid.ERROR: Severity: 8192 --> Creation of dynamic property Utama::$lang is deprecated /Users/akmalfadli/Developer/desa-digital/wiradesa/vendor/codeigniter/framework/system/core/Controller.php 83
[2025-08-21 09:28:13] opensid.ERROR: Severity: error --> Exception: View [commons.mobile-paging] not found. (View: /Users/akmalfadli/Developer/desa-digital/wiradesa/storage/app/themes/perwira/resources/views/partials/articles.blade.php) (View: /Users/akmalfadli/Developer/desa-digital/wiradesa/storage/app/themes/perwira/resources/views/partials/articles.blade.php) (View: /Users/akmalfadli/Developer/desa-digital/wiradesa/storage/app/themes/perwira/resources/views/partials/articles.blade.php) /Users/akmalfadli/Developer/desa-digital/wiradesa/vendor/illuminate/view/FileViewFinder.php 137
[2025-08-21 02:30:20] opensid.ERROR: Severity: 8192 --> Creation of dynamic property CI_URI::$config is deprecated /Users/akmalfadli/Developer/desa-digital/wiradesa/vendor/codeigniter/framework/system/core/URI.php 102
[2025-08-21 02:30:20] opensid.ERROR: Severity: 8192 --> Creation of dynamic property MY_Router::$uri is deprecated /Users/akmalfadli/Developer/desa-digital/wiradesa/vendor/codeigniter/framework/system/core/Router.php 128
[2025-08-21 02:30:20] opensid.ERROR: Severity: 8192 --> Creation of dynamic property Utama::$benchmark is deprecated /Users/akmalfadli/Developer/desa-digital/wiradesa/vendor/codeigniter/framework/system/core/Controller.php 83
[2025-08-21 02:30:20] opensid.ERROR: Severity: 8192 --> Creation of dynamic property Utama::$hooks is deprecated /Users/akmalfadli/Developer/desa-digital/wiradesa/vendor/codeigniter/framework/system/core/Controller.php 83
[2025-08-21 02:30:20] opensid.ERROR: Severity: 8192 --> Creation of dynamic property Utama::$config is deprecated /Users/akmalfadli/Developer/desa-digital/wiradesa/vendor/codeigniter/framework/system/core/Controller.php 83
[2025-08-21 02:30:20] opensid.ERROR: Severity: 8192 --> Creation of dynamic property Utama::$utf8 is deprecated /Users/akmalfadli/Developer/desa-digital/wiradesa/vendor/codeigniter/framework/system/core/Controller.php 83
[2025-08-21 02:30:20] opensid.ERROR: Severity: 8192 --> Creation of dynamic property Utama::$uri is deprecated /Users/akmalfadli/Developer/desa-digital/wiradesa/vendor/codeigniter/framework/system/core/Controller.php 83
[2025-08-21 02:30:20] opensid.ERROR: Severity: 8192 --> Creation of dynamic property Utama::$exceptions is deprecated /Users/akmalfadli/Developer/desa-digital/wiradesa/vendor/codeigniter/framework/system/core/Controller.php 83
[2025-08-21 02:30:20] opensid.ERROR: Severity: 8192 --> Creation of dynamic property Utama::$router is deprecated /Users/akmalfadli/Developer/desa-digital/wiradesa/vendor/codeigniter/framework/system/core/Controller.php 83
[2025-08-21 02:30:20] opensid.ERROR: Severity: 8192 --> Creation of dynamic property Utama::$output is deprecated /Users/akmalfadli/Developer/desa-digital/wiradesa/vendor/codeigniter/framework/system/core/Controller.php 83
[2025-08-21 02:30:20] opensid.ERROR: Severity: 8192 --> Creation of dynamic property Utama::$security is deprecated /Users/akmalfadli/Developer/desa-digital/wiradesa/vendor/codeigniter/framework/system/core/Controller.php 83
[2025-08-21 02:30:20] opensid.ERROR: Severity: 8192 --> Creation of dynamic property Utama::$input is deprecated /Users/akmalfadli/Developer/desa-digital/wiradesa/vendor/codeigniter/framework/system/core/Controller.php 83
[2025-08-21 02:30:20] opensid.ERROR: Severity: 8192 --> Creation of dynamic property Utama::$lang is deprecated /Users/akmalfadli/Developer/desa-digital/wiradesa/vendor/codeigniter/framework/system/core/Controller.php 83
[2025-08-21 02:30:45] opensid.ERROR: Severity: 8192 --> Creation of dynamic property CI_URI::$config is deprecated /Users/akmalfadli/Developer/desa-digital/wiradesa/vendor/codeigniter/framework/system/core/URI.php 102
[2025-08-21 02:30:45] opensid.ERROR: Severity: 8192 --> Creation of dynamic property MY_Router::$uri is deprecated /Users/akmalfadli/Developer/desa-digital/wiradesa/vendor/codeigniter/framework/system/core/Router.php 128
[2025-08-21 02:30:45] opensid.ERROR: Severity: 8192 --> Creation of dynamic property Utama::$benchmark is deprecated /Users/akmalfadli/Developer/desa-digital/wiradesa/vendor/codeigniter/framework/system/core/Controller.php 83
[2025-08-21 02:30:45] opensid.ERROR: Severity: 8192 --> Creation of dynamic property Utama::$hooks is deprecated /Users/akmalfadli/Developer/desa-digital/wiradesa/vendor/codeigniter/framework/system/core/Controller.php 83
[2025-08-21 02:30:45] opensid.ERROR: Severity: 8192 --> Creation of dynamic property Utama::$config is deprecated /Users/akmalfadli/Developer/desa-digital/wiradesa/vendor/codeigniter/framework/system/core/Controller.php 83
[2025-08-21 02:30:45] opensid.ERROR: Severity: 8192 --> Creation of dynamic property Utama::$utf8 is deprecated /Users/akmalfadli/Developer/desa-digital/wiradesa/vendor/codeigniter/framework/system/core/Controller.php 83
[2025-08-21 02:30:45] opensid.ERROR: Severity: 8192 --> Creation of dynamic property Utama::$uri is deprecated /Users/akmalfadli/Developer/desa-digital/wiradesa/vendor/codeigniter/framework/system/core/Controller.php 83
[2025-08-21 02:30:45] opensid.ERROR: Severity: 8192 --> Creation of dynamic property Utama::$exceptions is deprecated /Users/akmalfadli/Developer/desa-digital/wiradesa/vendor/codeigniter/framework/system/core/Controller.php 83
[2025-08-21 02:30:45] opensid.ERROR: Severity: 8192 --> Creation of dynamic property Utama::$router is deprecated /Users/akmalfadli/Developer/desa-digital/wiradesa/vendor/codeigniter/framework/system/core/Controller.php 83
[2025-08-21 02:30:45] opensid.ERROR: Severity: 8192 --> Creation of dynamic property Utama::$output is deprecated /Users/akmalfadli/Developer/desa-digital/wiradesa/vendor/codeigniter/framework/system/core/Controller.php 83
[2025-08-21 02:30:45] opensid.ERROR: Severity: 8192 --> Creation of dynamic property Utama::$security is deprecated /Users/akmalfadli/Developer/desa-digital/wiradesa/vendor/codeigniter/framework/system/core/Controller.php 83
[2025-08-21 02:30:45] opensid.ERROR: Severity: 8192 --> Creation of dynamic property Utama::$input is deprecated /Users/akmalfadli/Developer/desa-digital/wiradesa/vendor/codeigniter/framework/system/core/Controller.php 83
[2025-08-21 02:30:45] opensid.ERROR: Severity: 8192 --> Creation of dynamic property Utama::$lang is deprecated /Users/akmalfadli/Developer/desa-digital/wiradesa/vendor/codeigniter/framework/system/core/Controller.php 83
[2025-08-21 02:39:30] opensid.ERROR: Severity: 8192 --> Creation of dynamic property CI_URI::$config is deprecated /Users/akmalfadli/Developer/desa-digital/wiradesa/vendor/codeigniter/framework/system/core/URI.php 102
[2025-08-21 02:39:30] opensid.ERROR: Severity: 8192 --> Creation of dynamic property MY_Router::$uri is deprecated /Users/akmalfadli/Developer/desa-digital/wiradesa/vendor/codeigniter/framework/system/core/Router.php 128
[2025-08-21 02:39:30] opensid.ERROR: Severity: 8192 --> Creation of dynamic property Utama::$benchmark is deprecated /Users/akmalfadli/Developer/desa-digital/wiradesa/vendor/codeigniter/framework/system/core/Controller.php 83
[2025-08-21 02:39:30] opensid.ERROR: Severity: 8192 --> Creation of dynamic property Utama::$hooks is deprecated /Users/akmalfadli/Developer/desa-digital/wiradesa/vendor/codeigniter/framework/system/core/Controller.php 83
[2025-08-21 02:39:30] opensid.ERROR: Severity: 8192 --> Creation of dynamic property Utama::$config is deprecated /Users/akmalfadli/Developer/desa-digital/wiradesa/vendor/codeigniter/framework/system/core/Controller.php 83
[2025-08-21 02:39:30] opensid.ERROR: Severity: 8192 --> Creation of dynamic property Utama::$utf8 is deprecated /Users/akmalfadli/Developer/desa-digital/wiradesa/vendor/codeigniter/framework/system/core/Controller.php 83
[2025-08-21 02:39:30] opensid.ERROR: Severity: 8192 --> Creation of dynamic property Utama::$uri is deprecated /Users/akmalfadli/Developer/desa-digital/wiradesa/vendor/codeigniter/framework/system/core/Controller.php 83
[2025-08-21 02:39:30] opensid.ERROR: Severity: 8192 --> Creation of dynamic property Utama::$exceptions is deprecated /Users/akmalfadli/Developer/desa-digital/wiradesa/vendor/codeigniter/framework/system/core/Controller.php 83
[2025-08-21 02:39:30] opensid.ERROR: Severity: 8192 --> Creation of dynamic property Utama::$router is deprecated /Users/akmalfadli/Developer/desa-digital/wiradesa/vendor/codeigniter/framework/system/core/Controller.php 83
[2025-08-21 02:39:30] opensid.ERROR: Severity: 8192 --> Creation of dynamic property Utama::$output is deprecated /Users/akmalfadli/Developer/desa-digital/wiradesa/vendor/codeigniter/framework/system/core/Controller.php 83
[2025-08-21 02:39:30] opensid.ERROR: Severity: 8192 --> Creation of dynamic property Utama::$security is deprecated /Users/akmalfadli/Developer/desa-digital/wiradesa/vendor/codeigniter/framework/system/core/Controller.php 83
[2025-08-21 02:39:30] opensid.ERROR: Severity: 8192 --> Creation of dynamic property Utama::$input is deprecated /Users/akmalfadli/Developer/desa-digital/wiradesa/vendor/codeigniter/framework/system/core/Controller.php 83
[2025-08-21 02:39:30] opensid.ERROR: Severity: 8192 --> Creation of dynamic property Utama::$lang is deprecated /Users/akmalfadli/Developer/desa-digital/wiradesa/vendor/codeigniter/framework/system/core/Controller.php 83
[2025-08-21 02:39:50] opensid.ERROR: Severity: 8192 --> Creation of dynamic property CI_URI::$config is deprecated /Users/akmalfadli/Developer/desa-digital/wiradesa/vendor/codeigniter/framework/system/core/URI.php 102
[2025-08-21 02:39:50] opensid.ERROR: Severity: 8192 --> Creation of dynamic property MY_Router::$uri is deprecated /Users/akmalfadli/Developer/desa-digital/wiradesa/vendor/codeigniter/framework/system/core/Router.php 128
[2025-08-21 02:39:50] opensid.ERROR: Severity: 8192 --> Creation of dynamic property Utama::$benchmark is deprecated /Users/akmalfadli/Developer/desa-digital/wiradesa/vendor/codeigniter/framework/system/core/Controller.php 83
[2025-08-21 02:39:50] opensid.ERROR: Severity: 8192 --> Creation of dynamic property Utama::$hooks is deprecated /Users/akmalfadli/Developer/desa-digital/wiradesa/vendor/codeigniter/framework/system/core/Controller.php 83
[2025-08-21 02:39:50] opensid.ERROR: Severity: 8192 --> Creation of dynamic property Utama::$config is deprecated /Users/akmalfadli/Developer/desa-digital/wiradesa/vendor/codeigniter/framework/system/core/Controller.php 83
[2025-08-21 02:39:50] opensid.ERROR: Severity: 8192 --> Creation of dynamic property Utama::$utf8 is deprecated /Users/akmalfadli/Developer/desa-digital/wiradesa/vendor/codeigniter/framework/system/core/Controller.php 83
[2025-08-21 02:39:50] opensid.ERROR: Severity: 8192 --> Creation of dynamic property Utama::$uri is deprecated /Users/akmalfadli/Developer/desa-digital/wiradesa/vendor/codeigniter/framework/system/core/Controller.php 83
[2025-08-21 02:39:50] opensid.ERROR: Severity: 8192 --> Creation of dynamic property Utama::$exceptions is deprecated /Users/akmalfadli/Developer/desa-digital/wiradesa/vendor/codeigniter/framework/system/core/Controller.php 83
[2025-08-21 02:39:50] opensid.ERROR: Severity: 8192 --> Creation of dynamic property Utama::$router is deprecated /Users/akmalfadli/Developer/desa-digital/wiradesa/vendor/codeigniter/framework/system/core/Controller.php 83
[2025-08-21 02:39:50] opensid.ERROR: Severity: 8192 --> Creation of dynamic property Utama::$output is deprecated /Users/akmalfadli/Developer/desa-digital/wiradesa/vendor/codeigniter/framework/system/core/Controller.php 83
[2025-08-21 02:39:50] opensid.ERROR: Severity: 8192 --> Creation of dynamic property Utama::$security is deprecated /Users/akmalfadli/Developer/desa-digital/wiradesa/vendor/codeigniter/framework/system/core/Controller.php 83
[2025-08-21 02:39:50] opensid.ERROR: Severity: 8192 --> Creation of dynamic property Utama::$input is deprecated /Users/akmalfadli/Developer/desa-digital/wiradesa/vendor/codeigniter/framework/system/core/Controller.php 83
[2025-08-21 02:39:50] opensid.ERROR: Severity: 8192 --> Creation of dynamic property Utama::$lang is deprecated /Users/akmalfadli/Developer/desa-digital/wiradesa/vendor/codeigniter/framework/system/core/Controller.php 83
[2025-08-21 02:40:59] opensid.ERROR: Severity: 8192 --> Creation of dynamic property CI_URI::$config is deprecated /Users/akmalfadli/Developer/desa-digital/wiradesa/vendor/codeigniter/framework/system/core/URI.php 102
[2025-08-21 02:40:59] opensid.ERROR: Severity: 8192 --> Creation of dynamic property MY_Router::$uri is deprecated /Users/akmalfadli/Developer/desa-digital/wiradesa/vendor/codeigniter/framework/system/core/Router.php 128
[2025-08-21 02:40:59] opensid.ERROR: Severity: 8192 --> Creation of dynamic property Utama::$benchmark is deprecated /Users/akmalfadli/Developer/desa-digital/wiradesa/vendor/codeigniter/framework/system/core/Controller.php 83
[2025-08-21 02:40:59] opensid.ERROR: Severity: 8192 --> Creation of dynamic property Utama::$hooks is deprecated /Users/akmalfadli/Developer/desa-digital/wiradesa/vendor/codeigniter/framework/system/core/Controller.php 83
[2025-08-21 02:40:59] opensid.ERROR: Severity: 8192 --> Creation of dynamic property Utama::$config is deprecated /Users/akmalfadli/Developer/desa-digital/wiradesa/vendor/codeigniter/framework/system/core/Controller.php 83
[2025-08-21 02:40:59] opensid.ERROR: Severity: 8192 --> Creation of dynamic property Utama::$utf8 is deprecated /Users/akmalfadli/Developer/desa-digital/wiradesa/vendor/codeigniter/framework/system/core/Controller.php 83
[2025-08-21 02:40:59] opensid.ERROR: Severity: 8192 --> Creation of dynamic property Utama::$uri is deprecated /Users/akmalfadli/Developer/desa-digital/wiradesa/vendor/codeigniter/framework/system/core/Controller.php 83
[2025-08-21 02:40:59] opensid.ERROR: Severity: 8192 --> Creation of dynamic property Utama::$exceptions is deprecated /Users/akmalfadli/Developer/desa-digital/wiradesa/vendor/codeigniter/framework/system/core/Controller.php 83
[2025-08-21 02:40:59] opensid.ERROR: Severity: 8192 --> Creation of dynamic property Utama::$router is deprecated /Users/akmalfadli/Developer/desa-digital/wiradesa/vendor/codeigniter/framework/system/core/Controller.php 83
[2025-08-21 02:40:59] opensid.ERROR: Severity: 8192 --> Creation of dynamic property Utama::$output is deprecated /Users/akmalfadli/Developer/desa-digital/wiradesa/vendor/codeigniter/framework/system/core/Controller.php 83
[2025-08-21 02:40:59] opensid.ERROR: Severity: 8192 --> Creation of dynamic property Utama::$security is deprecated /Users/akmalfadli/Developer/desa-digital/wiradesa/vendor/codeigniter/framework/system/core/Controller.php 83
[2025-08-21 02:40:59] opensid.ERROR: Severity: 8192 --> Creation of dynamic property Utama::$input is deprecated /Users/akmalfadli/Developer/desa-digital/wiradesa/vendor/codeigniter/framework/system/core/Controller.php 83
[2025-08-21 02:40:59] opensid.ERROR: Severity: 8192 --> Creation of dynamic property Utama::$lang is deprecated /Users/akmalfadli/Developer/desa-digital/wiradesa/vendor/codeigniter/framework/system/core/Controller.php 83
[2025-08-21 02:49:27] opensid.ERROR: Severity: 8192 --> Creation of dynamic property CI_URI::$config is deprecated /Users/akmalfadli/Developer/desa-digital/wiradesa/vendor/codeigniter/framework/system/core/URI.php 102
[2025-08-21 02:49:27] opensid.ERROR: Severity: 8192 --> Creation of dynamic property MY_Router::$uri is deprecated /Users/akmalfadli/Developer/desa-digital/wiradesa/vendor/codeigniter/framework/system/core/Router.php 128
[2025-08-21 02:49:27] opensid.ERROR: Severity: 8192 --> Creation of dynamic property Utama::$benchmark is deprecated /Users/akmalfadli/Developer/desa-digital/wiradesa/vendor/codeigniter/framework/system/core/Controller.php 83
[2025-08-21 02:49:27] opensid.ERROR: Severity: 8192 --> Creation of dynamic property Utama::$hooks is deprecated /Users/akmalfadli/Developer/desa-digital/wiradesa/vendor/codeigniter/framework/system/core/Controller.php 83
[2025-08-21 02:49:27] opensid.ERROR: Severity: 8192 --> Creation of dynamic property Utama::$config is deprecated /Users/akmalfadli/Developer/desa-digital/wiradesa/vendor/codeigniter/framework/system/core/Controller.php 83
[2025-08-21 02:49:27] opensid.ERROR: Severity: 8192 --> Creation of dynamic property Utama::$utf8 is deprecated /Users/akmalfadli/Developer/desa-digital/wiradesa/vendor/codeigniter/framework/system/core/Controller.php 83
[2025-08-21 02:49:27] opensid.ERROR: Severity: 8192 --> Creation of dynamic property Utama::$uri is deprecated /Users/akmalfadli/Developer/desa-digital/wiradesa/vendor/codeigniter/framework/system/core/Controller.php 83
[2025-08-21 02:49:27] opensid.ERROR: Severity: 8192 --> Creation of dynamic property Utama::$exceptions is deprecated /Users/akmalfadli/Developer/desa-digital/wiradesa/vendor/codeigniter/framework/system/core/Controller.php 83
[2025-08-21 02:49:27] opensid.ERROR: Severity: 8192 --> Creation of dynamic property Utama::$router is deprecated /Users/akmalfadli/Developer/desa-digital/wiradesa/vendor/codeigniter/framework/system/core/Controller.php 83
[2025-08-21 02:49:27] opensid.ERROR: Severity: 8192 --> Creation of dynamic property Utama::$output is deprecated /Users/akmalfadli/Developer/desa-digital/wiradesa/vendor/codeigniter/framework/system/core/Controller.php 83
[2025-08-21 02:49:27] opensid.ERROR: Severity: 8192 --> Creation of dynamic property Utama::$security is deprecated /Users/akmalfadli/Developer/desa-digital/wiradesa/vendor/codeigniter/framework/system/core/Controller.php 83
[2025-08-21 02:49:27] opensid.ERROR: Severity: 8192 --> Creation of dynamic property Utama::$input is deprecated /Users/akmalfadli/Developer/desa-digital/wiradesa/vendor/codeigniter/framework/system/core/Controller.php 83
[2025-08-21 02:49:27] opensid.ERROR: Severity: 8192 --> Creation of dynamic property Utama::$lang is deprecated /Users/akmalfadli/Developer/desa-digital/wiradesa/vendor/codeigniter/framework/system/core/Controller.php 83
[2025-08-21 02:49:30] opensid.ERROR: Severity: 8192 --> Creation of dynamic property CI_URI::$config is deprecated /Users/akmalfadli/Developer/desa-digital/wiradesa/vendor/codeigniter/framework/system/core/URI.php 102
[2025-08-21 02:49:30] opensid.ERROR: Severity: 8192 --> Creation of dynamic property MY_Router::$uri is deprecated /Users/akmalfadli/Developer/desa-digital/wiradesa/vendor/codeigniter/framework/system/core/Router.php 128
[2025-08-21 02:49:30] opensid.ERROR: Severity: 8192 --> Creation of dynamic property Utama::$benchmark is deprecated /Users/akmalfadli/Developer/desa-digital/wiradesa/vendor/codeigniter/framework/system/core/Controller.php 83
[2025-08-21 02:49:30] opensid.ERROR: Severity: 8192 --> Creation of dynamic property Utama::$hooks is deprecated /Users/akmalfadli/Developer/desa-digital/wiradesa/vendor/codeigniter/framework/system/core/Controller.php 83
[2025-08-21 02:49:30] opensid.ERROR: Severity: 8192 --> Creation of dynamic property Utama::$config is deprecated /Users/akmalfadli/Developer/desa-digital/wiradesa/vendor/codeigniter/framework/system/core/Controller.php 83
[2025-08-21 02:49:30] opensid.ERROR: Severity: 8192 --> Creation of dynamic property Utama::$utf8 is deprecated /Users/akmalfadli/Developer/desa-digital/wiradesa/vendor/codeigniter/framework/system/core/Controller.php 83
[2025-08-21 02:49:30] opensid.ERROR: Severity: 8192 --> Creation of dynamic property Utama::$uri is deprecated /Users/akmalfadli/Developer/desa-digital/wiradesa/vendor/codeigniter/framework/system/core/Controller.php 83
[2025-08-21 02:49:30] opensid.ERROR: Severity: 8192 --> Creation of dynamic property Utama::$exceptions is deprecated /Users/akmalfadli/Developer/desa-digital/wiradesa/vendor/codeigniter/framework/system/core/Controller.php 83
[2025-08-21 02:49:30] opensid.ERROR: Severity: 8192 --> Creation of dynamic property Utama::$router is deprecated /Users/akmalfadli/Developer/desa-digital/wiradesa/vendor/codeigniter/framework/system/core/Controller.php 83
[2025-08-21 02:49:30] opensid.ERROR: Severity: 8192 --> Creation of dynamic property Utama::$output is deprecated /Users/akmalfadli/Developer/desa-digital/wiradesa/vendor/codeigniter/framework/system/core/Controller.php 83
[2025-08-21 02:49:30] opensid.ERROR: Severity: 8192 --> Creation of dynamic property Utama::$security is deprecated /Users/akmalfadli/Developer/desa-digital/wiradesa/vendor/codeigniter/framework/system/core/Controller.php 83
[2025-08-21 02:49:30] opensid.ERROR: Severity: 8192 --> Creation of dynamic property Utama::$input is deprecated /Users/akmalfadli/Developer/desa-digital/wiradesa/vendor/codeigniter/framework/system/core/Controller.php 83
[2025-08-21 02:49:30] opensid.ERROR: Severity: 8192 --> Creation of dynamic property Utama::$lang is deprecated /Users/akmalfadli/Developer/desa-digital/wiradesa/vendor/codeigniter/framework/system/core/Controller.php 83
[2025-08-21 02:50:25] opensid.ERROR: Severity: 8192 --> Creation of dynamic property CI_URI::$config is deprecated /Users/akmalfadli/Developer/desa-digital/wiradesa/vendor/codeigniter/framework/system/core/URI.php 102
[2025-08-21 02:50:25] opensid.ERROR: Severity: 8192 --> Creation of dynamic property MY_Router::$uri is deprecated /Users/akmalfadli/Developer/desa-digital/wiradesa/vendor/codeigniter/framework/system/core/Router.php 128
[2025-08-21 02:50:25] opensid.ERROR: Severity: 8192 --> Creation of dynamic property Utama::$benchmark is deprecated /Users/akmalfadli/Developer/desa-digital/wiradesa/vendor/codeigniter/framework/system/core/Controller.php 83
[2025-08-21 02:50:25] opensid.ERROR: Severity: 8192 --> Creation of dynamic property Utama::$hooks is deprecated /Users/akmalfadli/Developer/desa-digital/wiradesa/vendor/codeigniter/framework/system/core/Controller.php 83
[2025-08-21 02:50:25] opensid.ERROR: Severity: 8192 --> Creation of dynamic property Utama::$config is deprecated /Users/akmalfadli/Developer/desa-digital/wiradesa/vendor/codeigniter/framework/system/core/Controller.php 83
[2025-08-21 02:50:25] opensid.ERROR: Severity: 8192 --> Creation of dynamic property Utama::$utf8 is deprecated /Users/akmalfadli/Developer/desa-digital/wiradesa/vendor/codeigniter/framework/system/core/Controller.php 83
[2025-08-21 02:50:25] opensid.ERROR: Severity: 8192 --> Creation of dynamic property Utama::$uri is deprecated /Users/akmalfadli/Developer/desa-digital/wiradesa/vendor/codeigniter/framework/system/core/Controller.php 83
[2025-08-21 02:50:25] opensid.ERROR: Severity: 8192 --> Creation of dynamic property Utama::$exceptions is deprecated /Users/akmalfadli/Developer/desa-digital/wiradesa/vendor/codeigniter/framework/system/core/Controller.php 83
[2025-08-21 02:50:25] opensid.ERROR: Severity: 8192 --> Creation of dynamic property Utama::$router is deprecated /Users/akmalfadli/Developer/desa-digital/wiradesa/vendor/codeigniter/framework/system/core/Controller.php 83
[2025-08-21 02:50:25] opensid.ERROR: Severity: 8192 --> Creation of dynamic property Utama::$output is deprecated /Users/akmalfadli/Developer/desa-digital/wiradesa/vendor/codeigniter/framework/system/core/Controller.php 83
[2025-08-21 02:50:25] opensid.ERROR: Severity: 8192 --> Creation of dynamic property Utama::$security is deprecated /Users/akmalfadli/Developer/desa-digital/wiradesa/vendor/codeigniter/framework/system/core/Controller.php 83
[2025-08-21 02:50:25] opensid.ERROR: Severity: 8192 --> Creation of dynamic property Utama::$input is deprecated /Users/akmalfadli/Developer/desa-digital/wiradesa/vendor/codeigniter/framework/system/core/Controller.php 83
[2025-08-21 02:50:25] opensid.ERROR: Severity: 8192 --> Creation of dynamic property Utama::$lang is deprecated /Users/akmalfadli/Developer/desa-digital/wiradesa/vendor/codeigniter/framework/system/core/Controller.php 83
[2025-08-21 02:52:04] opensid.ERROR: Severity: 8192 --> Creation of dynamic property CI_URI::$config is deprecated /Users/akmalfadli/Developer/desa-digital/wiradesa/vendor/codeigniter/framework/system/core/URI.php 102
[2025-08-21 02:52:04] opensid.ERROR: Severity: 8192 --> Creation of dynamic property MY_Router::$uri is deprecated /Users/akmalfadli/Developer/desa-digital/wiradesa/vendor/codeigniter/framework/system/core/Router.php 128
[2025-08-21 02:52:04] opensid.ERROR: Severity: 8192 --> Creation of dynamic property Utama::$benchmark is deprecated /Users/akmalfadli/Developer/desa-digital/wiradesa/vendor/codeigniter/framework/system/core/Controller.php 83
[2025-08-21 02:52:04] opensid.ERROR: Severity: 8192 --> Creation of dynamic property Utama::$hooks is deprecated /Users/akmalfadli/Developer/desa-digital/wiradesa/vendor/codeigniter/framework/system/core/Controller.php 83
[2025-08-21 02:52:04] opensid.ERROR: Severity: 8192 --> Creation of dynamic property Utama::$config is deprecated /Users/akmalfadli/Developer/desa-digital/wiradesa/vendor/codeigniter/framework/system/core/Controller.php 83
[2025-08-21 02:52:04] opensid.ERROR: Severity: 8192 --> Creation of dynamic property Utama::$utf8 is deprecated /Users/akmalfadli/Developer/desa-digital/wiradesa/vendor/codeigniter/framework/system/core/Controller.php 83
[2025-08-21 02:52:04] opensid.ERROR: Severity: 8192 --> Creation of dynamic property Utama::$uri is deprecated /Users/akmalfadli/Developer/desa-digital/wiradesa/vendor/codeigniter/framework/system/core/Controller.php 83
[2025-08-21 02:52:04] opensid.ERROR: Severity: 8192 --> Creation of dynamic property Utama::$exceptions is deprecated /Users/akmalfadli/Developer/desa-digital/wiradesa/vendor/codeigniter/framework/system/core/Controller.php 83
[2025-08-21 02:52:04] opensid.ERROR: Severity: 8192 --> Creation of dynamic property Utama::$router is deprecated /Users/akmalfadli/Developer/desa-digital/wiradesa/vendor/codeigniter/framework/system/core/Controller.php 83
[2025-08-21 02:52:04] opensid.ERROR: Severity: 8192 --> Creation of dynamic property Utama::$output is deprecated /Users/akmalfadli/Developer/desa-digital/wiradesa/vendor/codeigniter/framework/system/core/Controller.php 83
[2025-08-21 02:52:04] opensid.ERROR: Severity: 8192 --> Creation of dynamic property Utama::$security is deprecated /Users/akmalfadli/Developer/desa-digital/wiradesa/vendor/codeigniter/framework/system/core/Controller.php 83
[2025-08-21 02:52:04] opensid.ERROR: Severity: 8192 --> Creation of dynamic property Utama::$input is deprecated /Users/akmalfadli/Developer/desa-digital/wiradesa/vendor/codeigniter/framework/system/core/Controller.php 83
[2025-08-21 02:52:04] opensid.ERROR: Severity: 8192 --> Creation of dynamic property Utama::$lang is deprecated /Users/akmalfadli/Developer/desa-digital/wiradesa/vendor/codeigniter/framework/system/core/Controller.php 83
[2025-08-21 02:52:13] opensid.ERROR: Severity: 8192 --> Creation of dynamic property CI_URI::$config is deprecated /Users/akmalfadli/Developer/desa-digital/wiradesa/vendor/codeigniter/framework/system/core/URI.php 102
[2025-08-21 02:52:13] opensid.ERROR: Severity: 8192 --> Creation of dynamic property MY_Router::$uri is deprecated /Users/akmalfadli/Developer/desa-digital/wiradesa/vendor/codeigniter/framework/system/core/Router.php 128
[2025-08-21 02:52:13] opensid.ERROR: Severity: 8192 --> Creation of dynamic property Utama::$benchmark is deprecated /Users/akmalfadli/Developer/desa-digital/wiradesa/vendor/codeigniter/framework/system/core/Controller.php 83
[2025-08-21 02:52:13] opensid.ERROR: Severity: 8192 --> Creation of dynamic property Utama::$hooks is deprecated /Users/akmalfadli/Developer/desa-digital/wiradesa/vendor/codeigniter/framework/system/core/Controller.php 83
[2025-08-21 02:52:13] opensid.ERROR: Severity: 8192 --> Creation of dynamic property Utama::$config is deprecated /Users/akmalfadli/Developer/desa-digital/wiradesa/vendor/codeigniter/framework/system/core/Controller.php 83
[2025-08-21 02:52:13] opensid.ERROR: Severity: 8192 --> Creation of dynamic property Utama::$utf8 is deprecated /Users/akmalfadli/Developer/desa-digital/wiradesa/vendor/codeigniter/framework/system/core/Controller.php 83
[2025-08-21 02:52:13] opensid.ERROR: Severity: 8192 --> Creation of dynamic property Utama::$uri is deprecated /Users/akmalfadli/Developer/desa-digital/wiradesa/vendor/codeigniter/framework/system/core/Controller.php 83
[2025-08-21 02:52:13] opensid.ERROR: Severity: 8192 --> Creation of dynamic property Utama::$exceptions is deprecated /Users/akmalfadli/Developer/desa-digital/wiradesa/vendor/codeigniter/framework/system/core/Controller.php 83
[2025-08-21 02:52:13] opensid.ERROR: Severity: 8192 --> Creation of dynamic property Utama::$router is deprecated /Users/akmalfadli/Developer/desa-digital/wiradesa/vendor/codeigniter/framework/system/core/Controller.php 83
[2025-08-21 02:52:13] opensid.ERROR: Severity: 8192 --> Creation of dynamic property Utama::$output is deprecated /Users/akmalfadli/Developer/desa-digital/wiradesa/vendor/codeigniter/framework/system/core/Controller.php 83
[2025-08-21 02:52:13] opensid.ERROR: Severity: 8192 --> Creation of dynamic property Utama::$security is deprecated /Users/akmalfadli/Developer/desa-digital/wiradesa/vendor/codeigniter/framework/system/core/Controller.php 83
[2025-08-21 02:52:13] opensid.ERROR: Severity: 8192 --> Creation of dynamic property Utama::$input is deprecated /Users/akmalfadli/Developer/desa-digital/wiradesa/vendor/codeigniter/framework/system/core/Controller.php 83
[2025-08-21 02:52:13] opensid.ERROR: Severity: 8192 --> Creation of dynamic property Utama::$lang is deprecated /Users/akmalfadli/Developer/desa-digital/wiradesa/vendor/codeigniter/framework/system/core/Controller.php 83
[2025-08-21 02:55:15] opensid.ERROR: Severity: 8192 --> Creation of dynamic property CI_URI::$config is deprecated /Users/akmalfadli/Developer/desa-digital/wiradesa/vendor/codeigniter/framework/system/core/URI.php 102
[2025-08-21 02:55:15] opensid.ERROR: Severity: 8192 --> Creation of dynamic property MY_Router::$uri is deprecated /Users/akmalfadli/Developer/desa-digital/wiradesa/vendor/codeigniter/framework/system/core/Router.php 128
[2025-08-21 02:55:15] opensid.ERROR: Severity: 8192 --> Creation of dynamic property Utama::$benchmark is deprecated /Users/akmalfadli/Developer/desa-digital/wiradesa/vendor/codeigniter/framework/system/core/Controller.php 83
[2025-08-21 02:55:15] opensid.ERROR: Severity: 8192 --> Creation of dynamic property Utama::$hooks is deprecated /Users/akmalfadli/Developer/desa-digital/wiradesa/vendor/codeigniter/framework/system/core/Controller.php 83
[2025-08-21 02:55:15] opensid.ERROR: Severity: 8192 --> Creation of dynamic property Utama::$config is deprecated /Users/akmalfadli/Developer/desa-digital/wiradesa/vendor/codeigniter/framework/system/core/Controller.php 83
[2025-08-21 02:55:15] opensid.ERROR: Severity: 8192 --> Creation of dynamic property Utama::$utf8 is deprecated /Users/akmalfadli/Developer/desa-digital/wiradesa/vendor/codeigniter/framework/system/core/Controller.php 83
[2025-08-21 02:55:15] opensid.ERROR: Severity: 8192 --> Creation of dynamic property Utama::$uri is deprecated /Users/akmalfadli/Developer/desa-digital/wiradesa/vendor/codeigniter/framework/system/core/Controller.php 83
[2025-08-21 02:55:15] opensid.ERROR: Severity: 8192 --> Creation of dynamic property Utama::$exceptions is deprecated /Users/akmalfadli/Developer/desa-digital/wiradesa/vendor/codeigniter/framework/system/core/Controller.php 83
[2025-08-21 02:55:15] opensid.ERROR: Severity: 8192 --> Creation of dynamic property Utama::$router is deprecated /Users/akmalfadli/Developer/desa-digital/wiradesa/vendor/codeigniter/framework/system/core/Controller.php 83
[2025-08-21 02:55:15] opensid.ERROR: Severity: 8192 --> Creation of dynamic property Utama::$output is deprecated /Users/akmalfadli/Developer/desa-digital/wiradesa/vendor/codeigniter/framework/system/core/Controller.php 83
[2025-08-21 02:55:15] opensid.ERROR: Severity: 8192 --> Creation of dynamic property Utama::$security is deprecated /Users/akmalfadli/Developer/desa-digital/wiradesa/vendor/codeigniter/framework/system/core/Controller.php 83
[2025-08-21 02:55:15] opensid.ERROR: Severity: 8192 --> Creation of dynamic property Utama::$input is deprecated /Users/akmalfadli/Developer/desa-digital/wiradesa/vendor/codeigniter/framework/system/core/Controller.php 83
[2025-08-21 02:55:15] opensid.ERROR: Severity: 8192 --> Creation of dynamic property Utama::$lang is deprecated /Users/akmalfadli/Developer/desa-digital/wiradesa/vendor/codeigniter/framework/system/core/Controller.php 83
[2025-08-21 02:56:32] opensid.ERROR: Severity: 8192 --> Creation of dynamic property CI_URI::$config is deprecated /Users/akmalfadli/Developer/desa-digital/wiradesa/vendor/codeigniter/framework/system/core/URI.php 102
[2025-08-21 02:56:32] opensid.ERROR: Severity: 8192 --> Creation of dynamic property MY_Router::$uri is deprecated /Users/akmalfadli/Developer/desa-digital/wiradesa/vendor/codeigniter/framework/system/core/Router.php 128
[2025-08-21 02:56:32] opensid.ERROR: Severity: 8192 --> Creation of dynamic property Utama::$benchmark is deprecated /Users/akmalfadli/Developer/desa-digital/wiradesa/vendor/codeigniter/framework/system/core/Controller.php 83
[2025-08-21 02:56:32] opensid.ERROR: Severity: 8192 --> Creation of dynamic property Utama::$hooks is deprecated /Users/akmalfadli/Developer/desa-digital/wiradesa/vendor/codeigniter/framework/system/core/Controller.php 83
[2025-08-21 02:56:32] opensid.ERROR: Severity: 8192 --> Creation of dynamic property Utama::$config is deprecated /Users/akmalfadli/Developer/desa-digital/wiradesa/vendor/codeigniter/framework/system/core/Controller.php 83
[2025-08-21 02:56:32] opensid.ERROR: Severity: 8192 --> Creation of dynamic property Utama::$utf8 is deprecated /Users/akmalfadli/Developer/desa-digital/wiradesa/vendor/codeigniter/framework/system/core/Controller.php 83
[2025-08-21 02:56:32] opensid.ERROR: Severity: 8192 --> Creation of dynamic property Utama::$uri is deprecated /Users/akmalfadli/Developer/desa-digital/wiradesa/vendor/codeigniter/framework/system/core/Controller.php 83
[2025-08-21 02:56:32] opensid.ERROR: Severity: 8192 --> Creation of dynamic property Utama::$exceptions is deprecated /Users/akmalfadli/Developer/desa-digital/wiradesa/vendor/codeigniter/framework/system/core/Controller.php 83
[2025-08-21 02:56:32] opensid.ERROR: Severity: 8192 --> Creation of dynamic property Utama::$router is deprecated /Users/akmalfadli/Developer/desa-digital/wiradesa/vendor/codeigniter/framework/system/core/Controller.php 83
[2025-08-21 02:56:32] opensid.ERROR: Severity: 8192 --> Creation of dynamic property Utama::$output is deprecated /Users/akmalfadli/Developer/desa-digital/wiradesa/vendor/codeigniter/framework/system/core/Controller.php 83
[2025-08-21 02:56:32] opensid.ERROR: Severity: 8192 --> Creation of dynamic property Utama::$security is deprecated /Users/akmalfadli/Developer/desa-digital/wiradesa/vendor/codeigniter/framework/system/core/Controller.php 83
[2025-08-21 02:56:32] opensid.ERROR: Severity: 8192 --> Creation of dynamic property Utama::$input is deprecated /Users/akmalfadli/Developer/desa-digital/wiradesa/vendor/codeigniter/framework/system/core/Controller.php 83
[2025-08-21 02:56:32] opensid.ERROR: Severity: 8192 --> Creation of dynamic property Utama::$lang is deprecated /Users/akmalfadli/Developer/desa-digital/wiradesa/vendor/codeigniter/framework/system/core/Controller.php 83
[2025-08-21 02:56:34] opensid.ERROR: Severity: 8192 --> Creation of dynamic property CI_URI::$config is deprecated /Users/akmalfadli/Developer/desa-digital/wiradesa/vendor/codeigniter/framework/system/core/URI.php 102
[2025-08-21 02:56:34] opensid.ERROR: Severity: 8192 --> Creation of dynamic property MY_Router::$uri is deprecated /Users/akmalfadli/Developer/desa-digital/wiradesa/vendor/codeigniter/framework/system/core/Router.php 128
[2025-08-21 02:56:34] opensid.ERROR: Severity: 8192 --> Creation of dynamic property Utama::$benchmark is deprecated /Users/akmalfadli/Developer/desa-digital/wiradesa/vendor/codeigniter/framework/system/core/Controller.php 83
[2025-08-21 02:56:34] opensid.ERROR: Severity: 8192 --> Creation of dynamic property Utama::$hooks is deprecated /Users/akmalfadli/Developer/desa-digital/wiradesa/vendor/codeigniter/framework/system/core/Controller.php 83
[2025-08-21 02:56:34] opensid.ERROR: Severity: 8192 --> Creation of dynamic property Utama::$config is deprecated /Users/akmalfadli/Developer/desa-digital/wiradesa/vendor/codeigniter/framework/system/core/Controller.php 83
[2025-08-21 02:56:34] opensid.ERROR: Severity: 8192 --> Creation of dynamic property Utama::$utf8 is deprecated /Users/akmalfadli/Developer/desa-digital/wiradesa/vendor/codeigniter/framework/system/core/Controller.php 83
[2025-08-21 02:56:34] opensid.ERROR: Severity: 8192 --> Creation of dynamic property Utama::$uri is deprecated /Users/akmalfadli/Developer/desa-digital/wiradesa/vendor/codeigniter/framework/system/core/Controller.php 83
[2025-08-21 02:56:34] opensid.ERROR: Severity: 8192 --> Creation of dynamic property Utama::$exceptions is deprecated /Users/akmalfadli/Developer/desa-digital/wiradesa/vendor/codeigniter/framework/system/core/Controller.php 83
[2025-08-21 02:56:34] opensid.ERROR: Severity: 8192 --> Creation of dynamic property Utama::$router is deprecated /Users/akmalfadli/Developer/desa-digital/wiradesa/vendor/codeigniter/framework/system/core/Controller.php 83
[2025-08-21 02:56:34] opensid.ERROR: Severity: 8192 --> Creation of dynamic property Utama::$output is deprecated /Users/akmalfadli/Developer/desa-digital/wiradesa/vendor/codeigniter/framework/system/core/Controller.php 83
[2025-08-21 02:56:34] opensid.ERROR: Severity: 8192 --> Creation of dynamic property Utama::$security is deprecated /Users/akmalfadli/Developer/desa-digital/wiradesa/vendor/codeigniter/framework/system/core/Controller.php 83
[2025-08-21 02:56:34] opensid.ERROR: Severity: 8192 --> Creation of dynamic property Utama::$input is deprecated /Users/akmalfadli/Developer/desa-digital/wiradesa/vendor/codeigniter/framework/system/core/Controller.php 83
[2025-08-21 02:56:34] opensid.ERROR: Severity: 8192 --> Creation of dynamic property Utama::$lang is deprecated /Users/akmalfadli/Developer/desa-digital/wiradesa/vendor/codeigniter/framework/system/core/Controller.php 83
[2025-08-21 02:58:42] opensid.ERROR: Severity: 8192 --> Creation of dynamic property CI_URI::$config is deprecated /Users/akmalfadli/Developer/desa-digital/wiradesa/vendor/codeigniter/framework/system/core/URI.php 102
[2025-08-21 02:58:42] opensid.ERROR: Severity: 8192 --> Creation of dynamic property MY_Router::$uri is deprecated /Users/akmalfadli/Developer/desa-digital/wiradesa/vendor/codeigniter/framework/system/core/Router.php 128
[2025-08-21 02:58:42] opensid.ERROR: Severity: 8192 --> Creation of dynamic property Utama::$benchmark is deprecated /Users/akmalfadli/Developer/desa-digital/wiradesa/vendor/codeigniter/framework/system/core/Controller.php 83
[2025-08-21 02:58:42] opensid.ERROR: Severity: 8192 --> Creation of dynamic property Utama::$hooks is deprecated /Users/akmalfadli/Developer/desa-digital/wiradesa/vendor/codeigniter/framework/system/core/Controller.php 83
[2025-08-21 02:58:42] opensid.ERROR: Severity: 8192 --> Creation of dynamic property Utama::$config is deprecated /Users/akmalfadli/Developer/desa-digital/wiradesa/vendor/codeigniter/framework/system/core/Controller.php 83
[2025-08-21 02:58:42] opensid.ERROR: Severity: 8192 --> Creation of dynamic property Utama::$utf8 is deprecated /Users/akmalfadli/Developer/desa-digital/wiradesa/vendor/codeigniter/framework/system/core/Controller.php 83
[2025-08-21 02:58:42] opensid.ERROR: Severity: 8192 --> Creation of dynamic property Utama::$uri is deprecated /Users/akmalfadli/Developer/desa-digital/wiradesa/vendor/codeigniter/framework/system/core/Controller.php 83
[2025-08-21 02:58:42] opensid.ERROR: Severity: 8192 --> Creation of dynamic property Utama::$exceptions is deprecated /Users/akmalfadli/Developer/desa-digital/wiradesa/vendor/codeigniter/framework/system/core/Controller.php 83
[2025-08-21 02:58:42] opensid.ERROR: Severity: 8192 --> Creation of dynamic property Utama::$router is deprecated /Users/akmalfadli/Developer/desa-digital/wiradesa/vendor/codeigniter/framework/system/core/Controller.php 83
[2025-08-21 02:58:42] opensid.ERROR: Severity: 8192 --> Creation of dynamic property Utama::$output is deprecated /Users/akmalfadli/Developer/desa-digital/wiradesa/vendor/codeigniter/framework/system/core/Controller.php 83
[2025-08-21 02:58:42] opensid.ERROR: Severity: 8192 --> Creation of dynamic property Utama::$security is deprecated /Users/akmalfadli/Developer/desa-digital/wiradesa/vendor/codeigniter/framework/system/core/Controller.php 83
[2025-08-21 02:58:42] opensid.ERROR: Severity: 8192 --> Creation of dynamic property Utama::$input is deprecated /Users/akmalfadli/Developer/desa-digital/wiradesa/vendor/codeigniter/framework/system/core/Controller.php 83
[2025-08-21 02:58:42] opensid.ERROR: Severity: 8192 --> Creation of dynamic property Utama::$lang is deprecated /Users/akmalfadli/Developer/desa-digital/wiradesa/vendor/codeigniter/framework/system/core/Controller.php 83
[2025-08-21 02:58:56] opensid.ERROR: Severity: 8192 --> Creation of dynamic property CI_URI::$config is deprecated /Users/akmalfadli/Developer/desa-digital/wiradesa/vendor/codeigniter/framework/system/core/URI.php 102
[2025-08-21 02:58:56] opensid.ERROR: Severity: 8192 --> Creation of dynamic property MY_Router::$uri is deprecated /Users/akmalfadli/Developer/desa-digital/wiradesa/vendor/codeigniter/framework/system/core/Router.php 128
[2025-08-21 02:58:56] opensid.ERROR: Severity: 8192 --> Creation of dynamic property Utama::$benchmark is deprecated /Users/akmalfadli/Developer/desa-digital/wiradesa/vendor/codeigniter/framework/system/core/Controller.php 83
[2025-08-21 02:58:56] opensid.ERROR: Severity: 8192 --> Creation of dynamic property Utama::$hooks is deprecated /Users/akmalfadli/Developer/desa-digital/wiradesa/vendor/codeigniter/framework/system/core/Controller.php 83
[2025-08-21 02:58:56] opensid.ERROR: Severity: 8192 --> Creation of dynamic property Utama::$config is deprecated /Users/akmalfadli/Developer/desa-digital/wiradesa/vendor/codeigniter/framework/system/core/Controller.php 83
[2025-08-21 02:58:56] opensid.ERROR: Severity: 8192 --> Creation of dynamic property Utama::$utf8 is deprecated /Users/akmalfadli/Developer/desa-digital/wiradesa/vendor/codeigniter/framework/system/core/Controller.php 83
[2025-08-21 02:58:56] opensid.ERROR: Severity: 8192 --> Creation of dynamic property Utama::$uri is deprecated /Users/akmalfadli/Developer/desa-digital/wiradesa/vendor/codeigniter/framework/system/core/Controller.php 83
[2025-08-21 02:58:56] opensid.ERROR: Severity: 8192 --> Creation of dynamic property Utama::$exceptions is deprecated /Users/akmalfadli/Developer/desa-digital/wiradesa/vendor/codeigniter/framework/system/core/Controller.php 83
[2025-08-21 02:58:56] opensid.ERROR: Severity: 8192 --> Creation of dynamic property Utama::$router is deprecated /Users/akmalfadli/Developer/desa-digital/wiradesa/vendor/codeigniter/framework/system/core/Controller.php 83
[2025-08-21 02:58:56] opensid.ERROR: Severity: 8192 --> Creation of dynamic property Utama::$output is deprecated /Users/akmalfadli/Developer/desa-digital/wiradesa/vendor/codeigniter/framework/system/core/Controller.php 83
[2025-08-21 02:58:56] opensid.ERROR: Severity: 8192 --> Creation of dynamic property Utama::$security is deprecated /Users/akmalfadli/Developer/desa-digital/wiradesa/vendor/codeigniter/framework/system/core/Controller.php 83
[2025-08-21 02:58:56] opensid.ERROR: Severity: 8192 --> Creation of dynamic property Utama::$input is deprecated /Users/akmalfadli/Developer/desa-digital/wiradesa/vendor/codeigniter/framework/system/core/Controller.php 83
[2025-08-21 02:58:56] opensid.ERROR: Severity: 8192 --> Creation of dynamic property Utama::$lang is deprecated /Users/akmalfadli/Developer/desa-digital/wiradesa/vendor/codeigniter/framework/system/core/Controller.php 83
