[2025-08-29 13:27:48] opensid.ERROR: Telegram responded with an error `404 - Not Found`
[2025-08-29 13:27:48] opensid.ERROR: Telegram responded with an error `404 - Not Found`
[2025-08-29 14:29:07] opensid.ERROR: Severity: error --> Exception: View [commons.main_menu] not found. (View: /Users/akmalfadli/Developer/desa-digital/wiradesa/storage/app/themes/perwira/resources/views/partials/hero.blade.php) (View: /Users/akmalfadli/Developer/desa-digital/wiradesa/storage/app/themes/perwira/resources/views/partials/hero.blade.php) (View: /Users/akmalfadli/Developer/desa-digital/wiradesa/storage/app/themes/perwira/resources/views/partials/hero.blade.php) /Users/akmalfadli/Developer/desa-digital/wiradesa/vendor/illuminate/view/FileViewFinder.php 137
[2025-08-29 14:29:37] opensid.ERROR: Severity: error --> Exception: View [commons.main_menu] not found. (View: /Users/akmalfadli/Developer/desa-digital/wiradesa/storage/app/themes/perwira/resources/views/partials/hero.blade.php) (View: /Users/akmalfadli/Developer/desa-digital/wiradesa/storage/app/themes/perwira/resources/views/partials/hero.blade.php) (View: /Users/akmalfadli/Developer/desa-digital/wiradesa/storage/app/themes/perwira/resources/views/partials/hero.blade.php) /Users/akmalfadli/Developer/desa-digital/wiradesa/vendor/illuminate/view/FileViewFinder.php 137
[2025-08-29 14:29:42] opensid.ERROR: Severity: error --> Exception: View [commons.main_menu] not found. (View: /Users/akmalfadli/Developer/desa-digital/wiradesa/storage/app/themes/perwira/resources/views/partials/hero.blade.php) (View: /Users/akmalfadli/Developer/desa-digital/wiradesa/storage/app/themes/perwira/resources/views/partials/hero.blade.php) (View: /Users/akmalfadli/Developer/desa-digital/wiradesa/storage/app/themes/perwira/resources/views/partials/hero.blade.php) /Users/akmalfadli/Developer/desa-digital/wiradesa/vendor/illuminate/view/FileViewFinder.php 137
[2025-08-29 14:30:19] opensid.ERROR: Severity: error --> Exception: View [commons.main_menu] not found. (View: /Users/akmalfadli/Developer/desa-digital/wiradesa/storage/app/themes/perwira/resources/views/partials/hero.blade.php) (View: /Users/akmalfadli/Developer/desa-digital/wiradesa/storage/app/themes/perwira/resources/views/partials/hero.blade.php) (View: /Users/akmalfadli/Developer/desa-digital/wiradesa/storage/app/themes/perwira/resources/views/partials/hero.blade.php) /Users/akmalfadli/Developer/desa-digital/wiradesa/vendor/illuminate/view/FileViewFinder.php 137
[2025-08-29 07:30:31] opensid.ERROR: Severity: 8192 --> Creation of dynamic property CI_URI::$config is deprecated /Users/akmalfadli/Developer/desa-digital/wiradesa/vendor/codeigniter/framework/system/core/URI.php 102
[2025-08-29 07:30:31] opensid.ERROR: Severity: 8192 --> Creation of dynamic property MY_Router::$uri is deprecated /Users/akmalfadli/Developer/desa-digital/wiradesa/vendor/codeigniter/framework/system/core/Router.php 128
[2025-08-29 07:30:31] opensid.ERROR: Severity: 8192 --> Creation of dynamic property Utama::$benchmark is deprecated /Users/akmalfadli/Developer/desa-digital/wiradesa/vendor/codeigniter/framework/system/core/Controller.php 83
[2025-08-29 07:30:31] opensid.ERROR: Severity: 8192 --> Creation of dynamic property Utama::$hooks is deprecated /Users/akmalfadli/Developer/desa-digital/wiradesa/vendor/codeigniter/framework/system/core/Controller.php 83
[2025-08-29 07:30:31] opensid.ERROR: Severity: 8192 --> Creation of dynamic property Utama::$config is deprecated /Users/akmalfadli/Developer/desa-digital/wiradesa/vendor/codeigniter/framework/system/core/Controller.php 83
[2025-08-29 07:30:31] opensid.ERROR: Severity: 8192 --> Creation of dynamic property Utama::$utf8 is deprecated /Users/akmalfadli/Developer/desa-digital/wiradesa/vendor/codeigniter/framework/system/core/Controller.php 83
[2025-08-29 07:30:31] opensid.ERROR: Severity: 8192 --> Creation of dynamic property Utama::$uri is deprecated /Users/akmalfadli/Developer/desa-digital/wiradesa/vendor/codeigniter/framework/system/core/Controller.php 83
[2025-08-29 07:30:31] opensid.ERROR: Severity: 8192 --> Creation of dynamic property Utama::$exceptions is deprecated /Users/akmalfadli/Developer/desa-digital/wiradesa/vendor/codeigniter/framework/system/core/Controller.php 83
[2025-08-29 07:30:31] opensid.ERROR: Severity: 8192 --> Creation of dynamic property Utama::$router is deprecated /Users/akmalfadli/Developer/desa-digital/wiradesa/vendor/codeigniter/framework/system/core/Controller.php 83
[2025-08-29 07:30:31] opensid.ERROR: Severity: 8192 --> Creation of dynamic property Utama::$output is deprecated /Users/akmalfadli/Developer/desa-digital/wiradesa/vendor/codeigniter/framework/system/core/Controller.php 83
[2025-08-29 07:30:31] opensid.ERROR: Severity: 8192 --> Creation of dynamic property Utama::$security is deprecated /Users/akmalfadli/Developer/desa-digital/wiradesa/vendor/codeigniter/framework/system/core/Controller.php 83
[2025-08-29 07:30:31] opensid.ERROR: Severity: 8192 --> Creation of dynamic property Utama::$input is deprecated /Users/akmalfadli/Developer/desa-digital/wiradesa/vendor/codeigniter/framework/system/core/Controller.php 83
[2025-08-29 07:30:31] opensid.ERROR: Severity: 8192 --> Creation of dynamic property Utama::$lang is deprecated /Users/akmalfadli/Developer/desa-digital/wiradesa/vendor/codeigniter/framework/system/core/Controller.php 83
[2025-08-29 14:30:31] opensid.ERROR: Severity: error --> Exception: View [commons.main_menu] not found. (View: /Users/akmalfadli/Developer/desa-digital/wiradesa/storage/app/themes/perwira/resources/views/partials/hero.blade.php) (View: /Users/akmalfadli/Developer/desa-digital/wiradesa/storage/app/themes/perwira/resources/views/partials/hero.blade.php) (View: /Users/akmalfadli/Developer/desa-digital/wiradesa/storage/app/themes/perwira/resources/views/partials/hero.blade.php) /Users/akmalfadli/Developer/desa-digital/wiradesa/vendor/illuminate/view/FileViewFinder.php 137
[2025-08-29 07:31:06] opensid.ERROR: Severity: 8192 --> Creation of dynamic property CI_URI::$config is deprecated /Users/akmalfadli/Developer/desa-digital/wiradesa/vendor/codeigniter/framework/system/core/URI.php 102
[2025-08-29 07:31:06] opensid.ERROR: Severity: 8192 --> Creation of dynamic property MY_Router::$uri is deprecated /Users/akmalfadli/Developer/desa-digital/wiradesa/vendor/codeigniter/framework/system/core/Router.php 128
[2025-08-29 07:31:06] opensid.ERROR: Severity: 8192 --> Creation of dynamic property Utama::$benchmark is deprecated /Users/akmalfadli/Developer/desa-digital/wiradesa/vendor/codeigniter/framework/system/core/Controller.php 83
[2025-08-29 07:31:06] opensid.ERROR: Severity: 8192 --> Creation of dynamic property Utama::$hooks is deprecated /Users/akmalfadli/Developer/desa-digital/wiradesa/vendor/codeigniter/framework/system/core/Controller.php 83
[2025-08-29 07:31:06] opensid.ERROR: Severity: 8192 --> Creation of dynamic property Utama::$config is deprecated /Users/akmalfadli/Developer/desa-digital/wiradesa/vendor/codeigniter/framework/system/core/Controller.php 83
[2025-08-29 07:31:06] opensid.ERROR: Severity: 8192 --> Creation of dynamic property Utama::$utf8 is deprecated /Users/akmalfadli/Developer/desa-digital/wiradesa/vendor/codeigniter/framework/system/core/Controller.php 83
[2025-08-29 07:31:06] opensid.ERROR: Severity: 8192 --> Creation of dynamic property Utama::$uri is deprecated /Users/akmalfadli/Developer/desa-digital/wiradesa/vendor/codeigniter/framework/system/core/Controller.php 83
[2025-08-29 07:31:06] opensid.ERROR: Severity: 8192 --> Creation of dynamic property Utama::$exceptions is deprecated /Users/akmalfadli/Developer/desa-digital/wiradesa/vendor/codeigniter/framework/system/core/Controller.php 83
[2025-08-29 07:31:06] opensid.ERROR: Severity: 8192 --> Creation of dynamic property Utama::$router is deprecated /Users/akmalfadli/Developer/desa-digital/wiradesa/vendor/codeigniter/framework/system/core/Controller.php 83
[2025-08-29 07:31:06] opensid.ERROR: Severity: 8192 --> Creation of dynamic property Utama::$output is deprecated /Users/akmalfadli/Developer/desa-digital/wiradesa/vendor/codeigniter/framework/system/core/Controller.php 83
[2025-08-29 07:31:06] opensid.ERROR: Severity: 8192 --> Creation of dynamic property Utama::$security is deprecated /Users/akmalfadli/Developer/desa-digital/wiradesa/vendor/codeigniter/framework/system/core/Controller.php 83
[2025-08-29 07:31:06] opensid.ERROR: Severity: 8192 --> Creation of dynamic property Utama::$input is deprecated /Users/akmalfadli/Developer/desa-digital/wiradesa/vendor/codeigniter/framework/system/core/Controller.php 83
[2025-08-29 07:31:06] opensid.ERROR: Severity: 8192 --> Creation of dynamic property Utama::$lang is deprecated /Users/akmalfadli/Developer/desa-digital/wiradesa/vendor/codeigniter/framework/system/core/Controller.php 83
[2025-08-29 14:31:06] opensid.ERROR: Severity: error --> Exception: No hint path defined for [themes]. (View: /Users/akmalfadli/Developer/desa-digital/wiradesa/storage/app/themes/perwira/resources/views/partials/hero.blade.php) (View: /Users/akmalfadli/Developer/desa-digital/wiradesa/storage/app/themes/perwira/resources/views/partials/hero.blade.php) (View: /Users/akmalfadli/Developer/desa-digital/wiradesa/storage/app/themes/perwira/resources/views/partials/hero.blade.php) /Users/akmalfadli/Developer/desa-digital/wiradesa/vendor/illuminate/view/FileViewFinder.php 112
[2025-08-29 07:31:38] opensid.ERROR: Severity: 8192 --> Creation of dynamic property CI_URI::$config is deprecated /Users/akmalfadli/Developer/desa-digital/wiradesa/vendor/codeigniter/framework/system/core/URI.php 102
[2025-08-29 07:31:38] opensid.ERROR: Severity: 8192 --> Creation of dynamic property MY_Router::$uri is deprecated /Users/akmalfadli/Developer/desa-digital/wiradesa/vendor/codeigniter/framework/system/core/Router.php 128
[2025-08-29 07:31:38] opensid.ERROR: Severity: 8192 --> Creation of dynamic property Utama::$benchmark is deprecated /Users/akmalfadli/Developer/desa-digital/wiradesa/vendor/codeigniter/framework/system/core/Controller.php 83
[2025-08-29 07:31:38] opensid.ERROR: Severity: 8192 --> Creation of dynamic property Utama::$hooks is deprecated /Users/akmalfadli/Developer/desa-digital/wiradesa/vendor/codeigniter/framework/system/core/Controller.php 83
[2025-08-29 07:31:38] opensid.ERROR: Severity: 8192 --> Creation of dynamic property Utama::$config is deprecated /Users/akmalfadli/Developer/desa-digital/wiradesa/vendor/codeigniter/framework/system/core/Controller.php 83
[2025-08-29 07:31:38] opensid.ERROR: Severity: 8192 --> Creation of dynamic property Utama::$utf8 is deprecated /Users/akmalfadli/Developer/desa-digital/wiradesa/vendor/codeigniter/framework/system/core/Controller.php 83
[2025-08-29 07:31:38] opensid.ERROR: Severity: 8192 --> Creation of dynamic property Utama::$uri is deprecated /Users/akmalfadli/Developer/desa-digital/wiradesa/vendor/codeigniter/framework/system/core/Controller.php 83
[2025-08-29 07:31:38] opensid.ERROR: Severity: 8192 --> Creation of dynamic property Utama::$exceptions is deprecated /Users/akmalfadli/Developer/desa-digital/wiradesa/vendor/codeigniter/framework/system/core/Controller.php 83
[2025-08-29 07:31:38] opensid.ERROR: Severity: 8192 --> Creation of dynamic property Utama::$router is deprecated /Users/akmalfadli/Developer/desa-digital/wiradesa/vendor/codeigniter/framework/system/core/Controller.php 83
[2025-08-29 07:31:38] opensid.ERROR: Severity: 8192 --> Creation of dynamic property Utama::$output is deprecated /Users/akmalfadli/Developer/desa-digital/wiradesa/vendor/codeigniter/framework/system/core/Controller.php 83
[2025-08-29 07:31:38] opensid.ERROR: Severity: 8192 --> Creation of dynamic property Utama::$security is deprecated /Users/akmalfadli/Developer/desa-digital/wiradesa/vendor/codeigniter/framework/system/core/Controller.php 83
[2025-08-29 07:31:38] opensid.ERROR: Severity: 8192 --> Creation of dynamic property Utama::$input is deprecated /Users/akmalfadli/Developer/desa-digital/wiradesa/vendor/codeigniter/framework/system/core/Controller.php 83
[2025-08-29 07:31:38] opensid.ERROR: Severity: 8192 --> Creation of dynamic property Utama::$lang is deprecated /Users/akmalfadli/Developer/desa-digital/wiradesa/vendor/codeigniter/framework/system/core/Controller.php 83
[2025-08-29 14:36:15] opensid.ERROR: Severity: error --> Exception: View [commons.mobile_menu] not found. (View: /Users/akmalfadli/Developer/desa-digital/wiradesa/storage/app/themes/perwira/resources/views/partials/hero.blade.php) (View: /Users/akmalfadli/Developer/desa-digital/wiradesa/storage/app/themes/perwira/resources/views/partials/hero.blade.php) (View: /Users/akmalfadli/Developer/desa-digital/wiradesa/storage/app/themes/perwira/resources/views/partials/hero.blade.php) /Users/akmalfadli/Developer/desa-digital/wiradesa/vendor/illuminate/view/FileViewFinder.php 137
[2025-08-29 14:59:22] opensid.ERROR: Severity: error --> Exception: View [partials.slider] not found. (View: /Users/akmalfadli/Developer/desa-digital/wiradesa/storage/app/themes/perwira/resources/views/partials/hero.blade.php) (View: /Users/akmalfadli/Developer/desa-digital/wiradesa/storage/app/themes/perwira/resources/views/partials/hero.blade.php) (View: /Users/akmalfadli/Developer/desa-digital/wiradesa/storage/app/themes/perwira/resources/views/partials/hero.blade.php) /Users/akmalfadli/Developer/desa-digital/wiradesa/vendor/illuminate/view/FileViewFinder.php 137
[2025-08-29 15:00:01] opensid.ERROR: Severity: error --> Exception: View [partials.slider] not found. (View: /Users/akmalfadli/Developer/desa-digital/wiradesa/storage/app/themes/perwira/resources/views/partials/hero.blade.php) (View: /Users/akmalfadli/Developer/desa-digital/wiradesa/storage/app/themes/perwira/resources/views/partials/hero.blade.php) (View: /Users/akmalfadli/Developer/desa-digital/wiradesa/storage/app/themes/perwira/resources/views/partials/hero.blade.php) /Users/akmalfadli/Developer/desa-digital/wiradesa/vendor/illuminate/view/FileViewFinder.php 137
[2025-08-29 15:00:05] opensid.ERROR: Severity: error --> Exception: View [partials.slider] not found. (View: /Users/akmalfadli/Developer/desa-digital/wiradesa/storage/app/themes/perwira/resources/views/partials/hero.blade.php) (View: /Users/akmalfadli/Developer/desa-digital/wiradesa/storage/app/themes/perwira/resources/views/partials/hero.blade.php) (View: /Users/akmalfadli/Developer/desa-digital/wiradesa/storage/app/themes/perwira/resources/views/partials/hero.blade.php) /Users/akmalfadli/Developer/desa-digital/wiradesa/vendor/illuminate/view/FileViewFinder.php 137
