[2025-08-17 00:20:35] opensid.ERROR: Severity: error --> Exception: Call to a member function count() on null (View: /Users/akmalfadli/Developer/desa-digital/wiradesa/desa/themes/perwira/resources/views/partials/articles.blade.php) (View: /Users/akmalfadli/Developer/desa-digital/wiradesa/desa/themes/perwira/resources/views/partials/articles.blade.php) (View: /Users/akmalfadli/Developer/desa-digital/wiradesa/desa/themes/perwira/resources/views/partials/articles.blade.php) (View: /Users/akmalfadli/Developer/desa-digital/wiradesa/desa/themes/perwira/resources/views/partials/articles.blade.php) /Users/akmalfadli/Developer/desa-digital/wiradesa/storage/framework/views/746f35ccdf4801ddbcb8396ec7144231.php 12
[2025-08-17 00:20:57] opensid.ERROR: Severity: error --> Exception: Call to a member function count() on null (View: /Users/akmalfadli/Developer/desa-digital/wiradesa/desa/themes/perwira/resources/views/partials/articles.blade.php) (View: /Users/akmalfadli/Developer/desa-digital/wiradesa/desa/themes/perwira/resources/views/partials/articles.blade.php) (View: /Users/akmalfadli/Developer/desa-digital/wiradesa/desa/themes/perwira/resources/views/partials/articles.blade.php) (View: /Users/akmalfadli/Developer/desa-digital/wiradesa/desa/themes/perwira/resources/views/partials/articles.blade.php) /Users/akmalfadli/Developer/desa-digital/wiradesa/storage/framework/views/746f35ccdf4801ddbcb8396ec7144231.php 12
[2025-08-17 00:24:40] opensid.ERROR: Gagal menghubungi www.google.com dengan status error 60 - Operation timed out
[2025-08-17 00:24:40] opensid.ERROR: Gagal menghubungi www.google.com dengan status error 0 - php_network_getaddresses: getaddrinfo for www.google.com failed: nodename nor servname provided, or not known
[2025-08-17 00:24:40] opensid.ERROR: Gagal menghubungi www.google.com dengan status error 0 - php_network_getaddresses: getaddrinfo for www.google.com failed: nodename nor servname provided, or not known
[2025-08-17 00:24:41] opensid.ERROR: Gagal menghubungi www.google.com dengan status error 0 - php_network_getaddresses: getaddrinfo for www.google.com failed: nodename nor servname provided, or not known
[2025-08-17 00:24:41] opensid.ERROR: Gagal menghubungi www.google.com dengan status error 0 - php_network_getaddresses: getaddrinfo for www.google.com failed: nodename nor servname provided, or not known
[2025-08-17 00:24:41] opensid.ERROR: Gagal menghubungi www.google.com dengan status error 0 - php_network_getaddresses: getaddrinfo for www.google.com failed: nodename nor servname provided, or not known
[2025-08-17 00:24:41] opensid.ERROR: Gagal menghubungi www.google.com dengan status error 0 - php_network_getaddresses: getaddrinfo for www.google.com failed: nodename nor servname provided, or not known
[2025-08-17 00:24:41] opensid.ERROR: Gagal menghubungi www.google.com dengan status error 0 - php_network_getaddresses: getaddrinfo for www.google.com failed: nodename nor servname provided, or not known
[2025-08-17 00:24:41] opensid.ERROR: Gagal menghubungi www.google.com dengan status error 0 - php_network_getaddresses: getaddrinfo for www.google.com failed: nodename nor servname provided, or not known
[2025-08-17 00:24:41] opensid.ERROR: Gagal menghubungi www.google.com dengan status error 0 - php_network_getaddresses: getaddrinfo for www.google.com failed: nodename nor servname provided, or not known
[2025-08-17 00:24:41] opensid.ERROR: Gagal menghubungi www.google.com dengan status error 0 - php_network_getaddresses: getaddrinfo for www.google.com failed: nodename nor servname provided, or not known
[2025-08-17 00:24:41] opensid.ERROR: Gagal menghubungi www.google.com dengan status error 0 - php_network_getaddresses: getaddrinfo for www.google.com failed: nodename nor servname provided, or not known
[2025-08-17 00:24:41] opensid.ERROR: Gagal menghubungi www.google.com dengan status error 0 - php_network_getaddresses: getaddrinfo for www.google.com failed: nodename nor servname provided, or not known
[2025-08-17 00:24:41] opensid.ERROR: Gagal menghubungi www.google.com dengan status error 0 - php_network_getaddresses: getaddrinfo for www.google.com failed: nodename nor servname provided, or not known
[2025-08-17 00:24:41] opensid.ERROR: Gagal menghubungi www.google.com dengan status error 0 - php_network_getaddresses: getaddrinfo for www.google.com failed: nodename nor servname provided, or not known
[2025-08-17 00:24:41] opensid.ERROR: Gagal menghubungi www.google.com dengan status error 0 - php_network_getaddresses: getaddrinfo for www.google.com failed: nodename nor servname provided, or not known
[2025-08-17 00:24:41] opensid.ERROR: Gagal menghubungi www.google.com dengan status error 0 - php_network_getaddresses: getaddrinfo for www.google.com failed: nodename nor servname provided, or not known
[2025-08-17 00:24:41] opensid.ERROR: Gagal menghubungi www.google.com dengan status error 0 - php_network_getaddresses: getaddrinfo for www.google.com failed: nodename nor servname provided, or not known
[2025-08-17 00:24:41] opensid.ERROR: Gagal menghubungi www.google.com dengan status error 0 - php_network_getaddresses: getaddrinfo for www.google.com failed: nodename nor servname provided, or not known
[2025-08-17 00:24:41] opensid.ERROR: Gagal menghubungi www.google.com dengan status error 0 - php_network_getaddresses: getaddrinfo for www.google.com failed: nodename nor servname provided, or not known
[2025-08-17 00:24:41] opensid.ERROR: Gagal menghubungi www.google.com dengan status error 0 - php_network_getaddresses: getaddrinfo for www.google.com failed: nodename nor servname provided, or not known
[2025-08-17 00:24:41] opensid.ERROR: Gagal menghubungi www.google.com dengan status error 0 - php_network_getaddresses: getaddrinfo for www.google.com failed: nodename nor servname provided, or not known
[2025-08-17 00:24:41] opensid.ERROR: Gagal menghubungi www.google.com dengan status error 0 - php_network_getaddresses: getaddrinfo for www.google.com failed: nodename nor servname provided, or not known
[2025-08-17 00:24:41] opensid.ERROR: Gagal menghubungi www.google.com dengan status error 0 - php_network_getaddresses: getaddrinfo for www.google.com failed: nodename nor servname provided, or not known
[2025-08-17 00:24:41] opensid.ERROR: Gagal menghubungi www.google.com dengan status error 0 - php_network_getaddresses: getaddrinfo for www.google.com failed: nodename nor servname provided, or not known
[2025-08-17 00:24:41] opensid.ERROR: Gagal menghubungi www.google.com dengan status error 0 - php_network_getaddresses: getaddrinfo for www.google.com failed: nodename nor servname provided, or not known
[2025-08-17 00:24:41] opensid.ERROR: Gagal menghubungi www.google.com dengan status error 0 - php_network_getaddresses: getaddrinfo for www.google.com failed: nodename nor servname provided, or not known
[2025-08-17 00:24:41] opensid.ERROR: Gagal menghubungi www.google.com dengan status error 0 - php_network_getaddresses: getaddrinfo for www.google.com failed: nodename nor servname provided, or not known
[2025-08-17 00:24:41] opensid.ERROR: Gagal menghubungi www.google.com dengan status error 0 - php_network_getaddresses: getaddrinfo for www.google.com failed: nodename nor servname provided, or not known
[2025-08-17 00:24:41] opensid.ERROR: Gagal menghubungi www.google.com dengan status error 0 - php_network_getaddresses: getaddrinfo for www.google.com failed: nodename nor servname provided, or not known
[2025-08-17 00:24:41] opensid.ERROR: Gagal menghubungi www.google.com dengan status error 0 - php_network_getaddresses: getaddrinfo for www.google.com failed: nodename nor servname provided, or not known
[2025-08-17 00:24:41] opensid.ERROR: Gagal menghubungi www.google.com dengan status error 0 - php_network_getaddresses: getaddrinfo for www.google.com failed: nodename nor servname provided, or not known
[2025-08-17 00:24:41] opensid.ERROR: Gagal menghubungi www.google.com dengan status error 0 - php_network_getaddresses: getaddrinfo for www.google.com failed: nodename nor servname provided, or not known
[2025-08-17 00:24:41] opensid.ERROR: Gagal menghubungi www.google.com dengan status error 0 - php_network_getaddresses: getaddrinfo for www.google.com failed: nodename nor servname provided, or not known
[2025-08-17 00:24:41] opensid.ERROR: Gagal menghubungi www.google.com dengan status error 0 - php_network_getaddresses: getaddrinfo for www.google.com failed: nodename nor servname provided, or not known
[2025-08-17 00:24:41] opensid.ERROR: Gagal menghubungi www.google.com dengan status error 0 - php_network_getaddresses: getaddrinfo for www.google.com failed: nodename nor servname provided, or not known
[2025-08-17 00:24:41] opensid.ERROR: Gagal menghubungi www.google.com dengan status error 0 - php_network_getaddresses: getaddrinfo for www.google.com failed: nodename nor servname provided, or not known
[2025-08-17 00:24:41] opensid.ERROR: Gagal menghubungi www.google.com dengan status error 0 - php_network_getaddresses: getaddrinfo for www.google.com failed: nodename nor servname provided, or not known
[2025-08-17 00:24:41] opensid.ERROR: Gagal menghubungi www.google.com dengan status error 0 - php_network_getaddresses: getaddrinfo for www.google.com failed: nodename nor servname provided, or not known
[2025-08-17 00:24:41] opensid.ERROR: Gagal menghubungi www.google.com dengan status error 0 - php_network_getaddresses: getaddrinfo for www.google.com failed: nodename nor servname provided, or not known
[2025-08-17 00:24:41] opensid.ERROR: Gagal menghubungi www.google.com dengan status error 0 - php_network_getaddresses: getaddrinfo for www.google.com failed: nodename nor servname provided, or not known
[2025-08-17 00:24:41] opensid.ERROR: Gagal menghubungi www.google.com dengan status error 0 - php_network_getaddresses: getaddrinfo for www.google.com failed: nodename nor servname provided, or not known
[2025-08-17 00:24:41] opensid.ERROR: Gagal menghubungi www.google.com dengan status error 0 - php_network_getaddresses: getaddrinfo for www.google.com failed: nodename nor servname provided, or not known
[2025-08-17 00:24:41] opensid.ERROR: Gagal menghubungi www.google.com dengan status error 0 - php_network_getaddresses: getaddrinfo for www.google.com failed: nodename nor servname provided, or not known
[2025-08-17 00:24:41] opensid.ERROR: Gagal menghubungi www.google.com dengan status error 0 - php_network_getaddresses: getaddrinfo for www.google.com failed: nodename nor servname provided, or not known
[2025-08-17 00:24:41] opensid.ERROR: Gagal menghubungi www.google.com dengan status error 0 - php_network_getaddresses: getaddrinfo for www.google.com failed: nodename nor servname provided, or not known
[2025-08-17 00:24:41] opensid.ERROR: Gagal menghubungi www.google.com dengan status error 0 - php_network_getaddresses: getaddrinfo for www.google.com failed: nodename nor servname provided, or not known
[2025-08-17 00:24:41] opensid.ERROR: Gagal menghubungi www.google.com dengan status error 0 - php_network_getaddresses: getaddrinfo for www.google.com failed: nodename nor servname provided, or not known
[2025-08-17 00:24:41] opensid.ERROR: Gagal menghubungi www.google.com dengan status error 0 - php_network_getaddresses: getaddrinfo for www.google.com failed: nodename nor servname provided, or not known
[2025-08-17 00:24:41] opensid.ERROR: Gagal menghubungi www.google.com dengan status error 0 - php_network_getaddresses: getaddrinfo for www.google.com failed: nodename nor servname provided, or not known
[2025-08-17 00:24:41] opensid.ERROR: Gagal menghubungi www.google.com dengan status error 0 - php_network_getaddresses: getaddrinfo for www.google.com failed: nodename nor servname provided, or not known
[2025-08-17 00:24:41] opensid.ERROR: Gagal menghubungi www.google.com dengan status error 0 - php_network_getaddresses: getaddrinfo for www.google.com failed: nodename nor servname provided, or not known
[2025-08-17 00:24:41] opensid.ERROR: Gagal menghubungi www.google.com dengan status error 0 - php_network_getaddresses: getaddrinfo for www.google.com failed: nodename nor servname provided, or not known
[2025-08-17 00:24:41] opensid.ERROR: Gagal menghubungi www.google.com dengan status error 0 - php_network_getaddresses: getaddrinfo for www.google.com failed: nodename nor servname provided, or not known
[2025-08-17 03:19:39] opensid.ERROR: Severity: 8192 --> Creation of dynamic property CI_URI::$config is deprecated /Users/akmalfadli/Developer/desa-digital/wiradesa/vendor/codeigniter/framework/system/core/URI.php 102
[2025-08-17 03:19:39] opensid.ERROR: Severity: 8192 --> Creation of dynamic property MY_Router::$uri is deprecated /Users/akmalfadli/Developer/desa-digital/wiradesa/vendor/codeigniter/framework/system/core/Router.php 128
[2025-08-17 03:19:39] opensid.ERROR: Severity: 8192 --> Creation of dynamic property Artikel::$benchmark is deprecated /Users/akmalfadli/Developer/desa-digital/wiradesa/vendor/codeigniter/framework/system/core/Controller.php 83
[2025-08-17 03:19:39] opensid.ERROR: Severity: 8192 --> Creation of dynamic property Artikel::$hooks is deprecated /Users/akmalfadli/Developer/desa-digital/wiradesa/vendor/codeigniter/framework/system/core/Controller.php 83
[2025-08-17 03:19:39] opensid.ERROR: Severity: 8192 --> Creation of dynamic property Artikel::$config is deprecated /Users/akmalfadli/Developer/desa-digital/wiradesa/vendor/codeigniter/framework/system/core/Controller.php 83
[2025-08-17 03:19:39] opensid.ERROR: Severity: 8192 --> Creation of dynamic property Artikel::$utf8 is deprecated /Users/akmalfadli/Developer/desa-digital/wiradesa/vendor/codeigniter/framework/system/core/Controller.php 83
[2025-08-17 03:19:39] opensid.ERROR: Severity: 8192 --> Creation of dynamic property Artikel::$uri is deprecated /Users/akmalfadli/Developer/desa-digital/wiradesa/vendor/codeigniter/framework/system/core/Controller.php 83
[2025-08-17 03:19:39] opensid.ERROR: Severity: 8192 --> Creation of dynamic property Artikel::$exceptions is deprecated /Users/akmalfadli/Developer/desa-digital/wiradesa/vendor/codeigniter/framework/system/core/Controller.php 83
[2025-08-17 03:19:39] opensid.ERROR: Severity: 8192 --> Creation of dynamic property Artikel::$router is deprecated /Users/akmalfadli/Developer/desa-digital/wiradesa/vendor/codeigniter/framework/system/core/Controller.php 83
[2025-08-17 03:19:39] opensid.ERROR: Severity: 8192 --> Creation of dynamic property Artikel::$output is deprecated /Users/akmalfadli/Developer/desa-digital/wiradesa/vendor/codeigniter/framework/system/core/Controller.php 83
[2025-08-17 03:19:39] opensid.ERROR: Severity: 8192 --> Creation of dynamic property Artikel::$security is deprecated /Users/akmalfadli/Developer/desa-digital/wiradesa/vendor/codeigniter/framework/system/core/Controller.php 83
[2025-08-17 03:19:39] opensid.ERROR: Severity: 8192 --> Creation of dynamic property Artikel::$input is deprecated /Users/akmalfadli/Developer/desa-digital/wiradesa/vendor/codeigniter/framework/system/core/Controller.php 83
[2025-08-17 03:19:39] opensid.ERROR: Severity: 8192 --> Creation of dynamic property Artikel::$lang is deprecated /Users/akmalfadli/Developer/desa-digital/wiradesa/vendor/codeigniter/framework/system/core/Controller.php 83
[2025-08-17 03:20:25] opensid.ERROR: Severity: 8192 --> Creation of dynamic property CI_URI::$config is deprecated /Users/akmalfadli/Developer/desa-digital/wiradesa/vendor/codeigniter/framework/system/core/URI.php 102
[2025-08-17 03:20:25] opensid.ERROR: Severity: 8192 --> Creation of dynamic property MY_Router::$uri is deprecated /Users/akmalfadli/Developer/desa-digital/wiradesa/vendor/codeigniter/framework/system/core/Router.php 128
[2025-08-17 03:20:25] opensid.ERROR: Severity: 8192 --> Creation of dynamic property Utama::$benchmark is deprecated /Users/akmalfadli/Developer/desa-digital/wiradesa/vendor/codeigniter/framework/system/core/Controller.php 83
[2025-08-17 03:20:25] opensid.ERROR: Severity: 8192 --> Creation of dynamic property Utama::$hooks is deprecated /Users/akmalfadli/Developer/desa-digital/wiradesa/vendor/codeigniter/framework/system/core/Controller.php 83
[2025-08-17 03:20:25] opensid.ERROR: Severity: 8192 --> Creation of dynamic property Utama::$config is deprecated /Users/akmalfadli/Developer/desa-digital/wiradesa/vendor/codeigniter/framework/system/core/Controller.php 83
[2025-08-17 03:20:25] opensid.ERROR: Severity: 8192 --> Creation of dynamic property Utama::$utf8 is deprecated /Users/akmalfadli/Developer/desa-digital/wiradesa/vendor/codeigniter/framework/system/core/Controller.php 83
[2025-08-17 03:20:25] opensid.ERROR: Severity: 8192 --> Creation of dynamic property Utama::$uri is deprecated /Users/akmalfadli/Developer/desa-digital/wiradesa/vendor/codeigniter/framework/system/core/Controller.php 83
[2025-08-17 03:20:25] opensid.ERROR: Severity: 8192 --> Creation of dynamic property Utama::$exceptions is deprecated /Users/akmalfadli/Developer/desa-digital/wiradesa/vendor/codeigniter/framework/system/core/Controller.php 83
[2025-08-17 03:20:25] opensid.ERROR: Severity: 8192 --> Creation of dynamic property Utama::$router is deprecated /Users/akmalfadli/Developer/desa-digital/wiradesa/vendor/codeigniter/framework/system/core/Controller.php 83
[2025-08-17 03:20:25] opensid.ERROR: Severity: 8192 --> Creation of dynamic property Utama::$output is deprecated /Users/akmalfadli/Developer/desa-digital/wiradesa/vendor/codeigniter/framework/system/core/Controller.php 83
[2025-08-17 03:20:25] opensid.ERROR: Severity: 8192 --> Creation of dynamic property Utama::$security is deprecated /Users/akmalfadli/Developer/desa-digital/wiradesa/vendor/codeigniter/framework/system/core/Controller.php 83
[2025-08-17 03:20:25] opensid.ERROR: Severity: 8192 --> Creation of dynamic property Utama::$input is deprecated /Users/akmalfadli/Developer/desa-digital/wiradesa/vendor/codeigniter/framework/system/core/Controller.php 83
[2025-08-17 03:20:25] opensid.ERROR: Severity: 8192 --> Creation of dynamic property Utama::$lang is deprecated /Users/akmalfadli/Developer/desa-digital/wiradesa/vendor/codeigniter/framework/system/core/Controller.php 83
