[2025-08-26 10:42:03] opensid.ERROR: Telegram responded with an error `404 - Not Found`
[2025-08-26 10:42:03] opensid.ERROR: Telegram responded with an error `404 - Not Found`
[2025-08-26 04:21:51] opensid.ERROR: Severity: 8192 --> Creation of dynamic property CI_URI::$config is deprecated /Users/akmalfadli/Developer/desa-digital/wiradesa/vendor/codeigniter/framework/system/core/URI.php 102
[2025-08-26 04:21:51] opensid.ERROR: Severity: 8192 --> Creation of dynamic property MY_Router::$uri is deprecated /Users/akmalfadli/Developer/desa-digital/wiradesa/vendor/codeigniter/framework/system/core/Router.php 128
[2025-08-26 04:21:51] opensid.ERROR: Severity: 8192 --> Creation of dynamic property Surat::$benchmark is deprecated /Users/akmalfadli/Developer/desa-digital/wiradesa/vendor/codeigniter/framework/system/core/Controller.php 83
[2025-08-26 04:21:51] opensid.ERROR: Severity: 8192 --> Creation of dynamic property Surat::$hooks is deprecated /Users/akmalfadli/Developer/desa-digital/wiradesa/vendor/codeigniter/framework/system/core/Controller.php 83
[2025-08-26 04:21:51] opensid.ERROR: Severity: 8192 --> Creation of dynamic property Surat::$config is deprecated /Users/akmalfadli/Developer/desa-digital/wiradesa/vendor/codeigniter/framework/system/core/Controller.php 83
[2025-08-26 04:21:51] opensid.ERROR: Severity: 8192 --> Creation of dynamic property Surat::$utf8 is deprecated /Users/akmalfadli/Developer/desa-digital/wiradesa/vendor/codeigniter/framework/system/core/Controller.php 83
[2025-08-26 04:21:51] opensid.ERROR: Severity: 8192 --> Creation of dynamic property Surat::$uri is deprecated /Users/akmalfadli/Developer/desa-digital/wiradesa/vendor/codeigniter/framework/system/core/Controller.php 83
[2025-08-26 04:21:51] opensid.ERROR: Severity: 8192 --> Creation of dynamic property Surat::$exceptions is deprecated /Users/akmalfadli/Developer/desa-digital/wiradesa/vendor/codeigniter/framework/system/core/Controller.php 83
[2025-08-26 04:21:51] opensid.ERROR: Severity: 8192 --> Creation of dynamic property Surat::$router is deprecated /Users/akmalfadli/Developer/desa-digital/wiradesa/vendor/codeigniter/framework/system/core/Controller.php 83
[2025-08-26 04:21:51] opensid.ERROR: Severity: 8192 --> Creation of dynamic property Surat::$output is deprecated /Users/akmalfadli/Developer/desa-digital/wiradesa/vendor/codeigniter/framework/system/core/Controller.php 83
[2025-08-26 04:21:51] opensid.ERROR: Severity: 8192 --> Creation of dynamic property Surat::$security is deprecated /Users/akmalfadli/Developer/desa-digital/wiradesa/vendor/codeigniter/framework/system/core/Controller.php 83
[2025-08-26 04:21:51] opensid.ERROR: Severity: 8192 --> Creation of dynamic property Surat::$input is deprecated /Users/akmalfadli/Developer/desa-digital/wiradesa/vendor/codeigniter/framework/system/core/Controller.php 83
[2025-08-26 04:21:51] opensid.ERROR: Severity: 8192 --> Creation of dynamic property Surat::$lang is deprecated /Users/akmalfadli/Developer/desa-digital/wiradesa/vendor/codeigniter/framework/system/core/Controller.php 83
[2025-08-26 04:21:51] opensid.ERROR: Severity: 8192 --> Creation of dynamic property CI_URI::$config is deprecated /Users/akmalfadli/Developer/desa-digital/wiradesa/vendor/codeigniter/framework/system/core/URI.php 102
[2025-08-26 04:21:51] opensid.ERROR: Severity: 8192 --> Creation of dynamic property MY_Router::$uri is deprecated /Users/akmalfadli/Developer/desa-digital/wiradesa/vendor/codeigniter/framework/system/core/Router.php 128
[2025-08-26 04:21:51] opensid.ERROR: Severity: 8192 --> Creation of dynamic property Surat::$benchmark is deprecated /Users/akmalfadli/Developer/desa-digital/wiradesa/vendor/codeigniter/framework/system/core/Controller.php 83
[2025-08-26 04:21:51] opensid.ERROR: Severity: 8192 --> Creation of dynamic property Surat::$hooks is deprecated /Users/akmalfadli/Developer/desa-digital/wiradesa/vendor/codeigniter/framework/system/core/Controller.php 83
[2025-08-26 04:21:51] opensid.ERROR: Severity: 8192 --> Creation of dynamic property Surat::$config is deprecated /Users/akmalfadli/Developer/desa-digital/wiradesa/vendor/codeigniter/framework/system/core/Controller.php 83
[2025-08-26 04:21:51] opensid.ERROR: Severity: 8192 --> Creation of dynamic property Surat::$utf8 is deprecated /Users/akmalfadli/Developer/desa-digital/wiradesa/vendor/codeigniter/framework/system/core/Controller.php 83
[2025-08-26 04:21:51] opensid.ERROR: Severity: 8192 --> Creation of dynamic property Surat::$uri is deprecated /Users/akmalfadli/Developer/desa-digital/wiradesa/vendor/codeigniter/framework/system/core/Controller.php 83
[2025-08-26 04:21:51] opensid.ERROR: Severity: 8192 --> Creation of dynamic property Surat::$exceptions is deprecated /Users/akmalfadli/Developer/desa-digital/wiradesa/vendor/codeigniter/framework/system/core/Controller.php 83
[2025-08-26 04:21:51] opensid.ERROR: Severity: 8192 --> Creation of dynamic property Surat::$router is deprecated /Users/akmalfadli/Developer/desa-digital/wiradesa/vendor/codeigniter/framework/system/core/Controller.php 83
[2025-08-26 04:21:51] opensid.ERROR: Severity: 8192 --> Creation of dynamic property Surat::$output is deprecated /Users/akmalfadli/Developer/desa-digital/wiradesa/vendor/codeigniter/framework/system/core/Controller.php 83
[2025-08-26 04:21:51] opensid.ERROR: Severity: 8192 --> Creation of dynamic property Surat::$security is deprecated /Users/akmalfadli/Developer/desa-digital/wiradesa/vendor/codeigniter/framework/system/core/Controller.php 83
[2025-08-26 04:21:51] opensid.ERROR: Severity: 8192 --> Creation of dynamic property Surat::$input is deprecated /Users/akmalfadli/Developer/desa-digital/wiradesa/vendor/codeigniter/framework/system/core/Controller.php 83
[2025-08-26 04:21:51] opensid.ERROR: Severity: 8192 --> Creation of dynamic property Surat::$lang is deprecated /Users/akmalfadli/Developer/desa-digital/wiradesa/vendor/codeigniter/framework/system/core/Controller.php 83
[2025-08-26 04:21:56] opensid.ERROR: Severity: 8192 --> Creation of dynamic property CI_URI::$config is deprecated /Users/akmalfadli/Developer/desa-digital/wiradesa/vendor/codeigniter/framework/system/core/URI.php 102
[2025-08-26 04:21:56] opensid.ERROR: Severity: 8192 --> Creation of dynamic property MY_Router::$uri is deprecated /Users/akmalfadli/Developer/desa-digital/wiradesa/vendor/codeigniter/framework/system/core/Router.php 128
[2025-08-26 04:21:56] opensid.ERROR: Severity: 8192 --> Creation of dynamic property Info_sistem::$benchmark is deprecated /Users/akmalfadli/Developer/desa-digital/wiradesa/vendor/codeigniter/framework/system/core/Controller.php 83
[2025-08-26 04:21:56] opensid.ERROR: Severity: 8192 --> Creation of dynamic property Info_sistem::$hooks is deprecated /Users/akmalfadli/Developer/desa-digital/wiradesa/vendor/codeigniter/framework/system/core/Controller.php 83
[2025-08-26 04:21:56] opensid.ERROR: Severity: 8192 --> Creation of dynamic property Info_sistem::$config is deprecated /Users/akmalfadli/Developer/desa-digital/wiradesa/vendor/codeigniter/framework/system/core/Controller.php 83
[2025-08-26 04:21:56] opensid.ERROR: Severity: 8192 --> Creation of dynamic property Info_sistem::$utf8 is deprecated /Users/akmalfadli/Developer/desa-digital/wiradesa/vendor/codeigniter/framework/system/core/Controller.php 83
[2025-08-26 04:21:56] opensid.ERROR: Severity: 8192 --> Creation of dynamic property Info_sistem::$uri is deprecated /Users/akmalfadli/Developer/desa-digital/wiradesa/vendor/codeigniter/framework/system/core/Controller.php 83
[2025-08-26 04:21:56] opensid.ERROR: Severity: 8192 --> Creation of dynamic property Info_sistem::$exceptions is deprecated /Users/akmalfadli/Developer/desa-digital/wiradesa/vendor/codeigniter/framework/system/core/Controller.php 83
[2025-08-26 04:21:56] opensid.ERROR: Severity: 8192 --> Creation of dynamic property Info_sistem::$router is deprecated /Users/akmalfadli/Developer/desa-digital/wiradesa/vendor/codeigniter/framework/system/core/Controller.php 83
[2025-08-26 04:21:56] opensid.ERROR: Severity: 8192 --> Creation of dynamic property Info_sistem::$output is deprecated /Users/akmalfadli/Developer/desa-digital/wiradesa/vendor/codeigniter/framework/system/core/Controller.php 83
[2025-08-26 04:21:56] opensid.ERROR: Severity: 8192 --> Creation of dynamic property Info_sistem::$security is deprecated /Users/akmalfadli/Developer/desa-digital/wiradesa/vendor/codeigniter/framework/system/core/Controller.php 83
[2025-08-26 04:21:56] opensid.ERROR: Severity: 8192 --> Creation of dynamic property Info_sistem::$input is deprecated /Users/akmalfadli/Developer/desa-digital/wiradesa/vendor/codeigniter/framework/system/core/Controller.php 83
[2025-08-26 04:21:56] opensid.ERROR: Severity: 8192 --> Creation of dynamic property Info_sistem::$lang is deprecated /Users/akmalfadli/Developer/desa-digital/wiradesa/vendor/codeigniter/framework/system/core/Controller.php 83
[2025-08-26 04:21:57] opensid.ERROR: Severity: 8192 --> Creation of dynamic property CI_URI::$config is deprecated /Users/akmalfadli/Developer/desa-digital/wiradesa/vendor/codeigniter/framework/system/core/URI.php 102
[2025-08-26 04:21:57] opensid.ERROR: Severity: 8192 --> Creation of dynamic property MY_Router::$uri is deprecated /Users/akmalfadli/Developer/desa-digital/wiradesa/vendor/codeigniter/framework/system/core/Router.php 128
[2025-08-26 04:21:57] opensid.ERROR: Severity: 8192 --> Creation of dynamic property Surat::$benchmark is deprecated /Users/akmalfadli/Developer/desa-digital/wiradesa/vendor/codeigniter/framework/system/core/Controller.php 83
[2025-08-26 04:21:57] opensid.ERROR: Severity: 8192 --> Creation of dynamic property Surat::$hooks is deprecated /Users/akmalfadli/Developer/desa-digital/wiradesa/vendor/codeigniter/framework/system/core/Controller.php 83
[2025-08-26 04:21:57] opensid.ERROR: Severity: 8192 --> Creation of dynamic property Surat::$config is deprecated /Users/akmalfadli/Developer/desa-digital/wiradesa/vendor/codeigniter/framework/system/core/Controller.php 83
[2025-08-26 04:21:57] opensid.ERROR: Severity: 8192 --> Creation of dynamic property Surat::$utf8 is deprecated /Users/akmalfadli/Developer/desa-digital/wiradesa/vendor/codeigniter/framework/system/core/Controller.php 83
[2025-08-26 04:21:57] opensid.ERROR: Severity: 8192 --> Creation of dynamic property Surat::$uri is deprecated /Users/akmalfadli/Developer/desa-digital/wiradesa/vendor/codeigniter/framework/system/core/Controller.php 83
[2025-08-26 04:21:57] opensid.ERROR: Severity: 8192 --> Creation of dynamic property Surat::$exceptions is deprecated /Users/akmalfadli/Developer/desa-digital/wiradesa/vendor/codeigniter/framework/system/core/Controller.php 83
[2025-08-26 04:21:57] opensid.ERROR: Severity: 8192 --> Creation of dynamic property Surat::$router is deprecated /Users/akmalfadli/Developer/desa-digital/wiradesa/vendor/codeigniter/framework/system/core/Controller.php 83
[2025-08-26 04:21:57] opensid.ERROR: Severity: 8192 --> Creation of dynamic property Surat::$output is deprecated /Users/akmalfadli/Developer/desa-digital/wiradesa/vendor/codeigniter/framework/system/core/Controller.php 83
[2025-08-26 04:21:57] opensid.ERROR: Severity: 8192 --> Creation of dynamic property Surat::$security is deprecated /Users/akmalfadli/Developer/desa-digital/wiradesa/vendor/codeigniter/framework/system/core/Controller.php 83
[2025-08-26 04:21:57] opensid.ERROR: Severity: 8192 --> Creation of dynamic property Surat::$input is deprecated /Users/akmalfadli/Developer/desa-digital/wiradesa/vendor/codeigniter/framework/system/core/Controller.php 83
[2025-08-26 04:21:57] opensid.ERROR: Severity: 8192 --> Creation of dynamic property Surat::$lang is deprecated /Users/akmalfadli/Developer/desa-digital/wiradesa/vendor/codeigniter/framework/system/core/Controller.php 83
[2025-08-26 04:21:58] opensid.ERROR: Severity: 8192 --> Creation of dynamic property CI_URI::$config is deprecated /Users/akmalfadli/Developer/desa-digital/wiradesa/vendor/codeigniter/framework/system/core/URI.php 102
[2025-08-26 04:21:58] opensid.ERROR: Severity: 8192 --> Creation of dynamic property MY_Router::$uri is deprecated /Users/akmalfadli/Developer/desa-digital/wiradesa/vendor/codeigniter/framework/system/core/Router.php 128
[2025-08-26 04:21:58] opensid.ERROR: Severity: 8192 --> Creation of dynamic property Surat::$benchmark is deprecated /Users/akmalfadli/Developer/desa-digital/wiradesa/vendor/codeigniter/framework/system/core/Controller.php 83
[2025-08-26 04:21:58] opensid.ERROR: Severity: 8192 --> Creation of dynamic property Surat::$hooks is deprecated /Users/akmalfadli/Developer/desa-digital/wiradesa/vendor/codeigniter/framework/system/core/Controller.php 83
[2025-08-26 04:21:58] opensid.ERROR: Severity: 8192 --> Creation of dynamic property Surat::$config is deprecated /Users/akmalfadli/Developer/desa-digital/wiradesa/vendor/codeigniter/framework/system/core/Controller.php 83
[2025-08-26 04:21:58] opensid.ERROR: Severity: 8192 --> Creation of dynamic property Surat::$utf8 is deprecated /Users/akmalfadli/Developer/desa-digital/wiradesa/vendor/codeigniter/framework/system/core/Controller.php 83
[2025-08-26 04:21:58] opensid.ERROR: Severity: 8192 --> Creation of dynamic property Surat::$uri is deprecated /Users/akmalfadli/Developer/desa-digital/wiradesa/vendor/codeigniter/framework/system/core/Controller.php 83
[2025-08-26 04:21:58] opensid.ERROR: Severity: 8192 --> Creation of dynamic property Surat::$exceptions is deprecated /Users/akmalfadli/Developer/desa-digital/wiradesa/vendor/codeigniter/framework/system/core/Controller.php 83
[2025-08-26 04:21:58] opensid.ERROR: Severity: 8192 --> Creation of dynamic property Surat::$router is deprecated /Users/akmalfadli/Developer/desa-digital/wiradesa/vendor/codeigniter/framework/system/core/Controller.php 83
[2025-08-26 04:21:58] opensid.ERROR: Severity: 8192 --> Creation of dynamic property Surat::$output is deprecated /Users/akmalfadli/Developer/desa-digital/wiradesa/vendor/codeigniter/framework/system/core/Controller.php 83
[2025-08-26 04:21:58] opensid.ERROR: Severity: 8192 --> Creation of dynamic property Surat::$security is deprecated /Users/akmalfadli/Developer/desa-digital/wiradesa/vendor/codeigniter/framework/system/core/Controller.php 83
[2025-08-26 04:21:58] opensid.ERROR: Severity: 8192 --> Creation of dynamic property Surat::$input is deprecated /Users/akmalfadli/Developer/desa-digital/wiradesa/vendor/codeigniter/framework/system/core/Controller.php 83
[2025-08-26 04:21:58] opensid.ERROR: Severity: 8192 --> Creation of dynamic property Surat::$lang is deprecated /Users/akmalfadli/Developer/desa-digital/wiradesa/vendor/codeigniter/framework/system/core/Controller.php 83
[2025-08-26 04:22:41] opensid.ERROR: Severity: 8192 --> Creation of dynamic property CI_URI::$config is deprecated /Users/akmalfadli/Developer/desa-digital/wiradesa/vendor/codeigniter/framework/system/core/URI.php 102
[2025-08-26 04:22:41] opensid.ERROR: Severity: 8192 --> Creation of dynamic property MY_Router::$uri is deprecated /Users/akmalfadli/Developer/desa-digital/wiradesa/vendor/codeigniter/framework/system/core/Router.php 128
[2025-08-26 04:22:41] opensid.ERROR: Severity: 8192 --> Creation of dynamic property Surat::$benchmark is deprecated /Users/akmalfadli/Developer/desa-digital/wiradesa/vendor/codeigniter/framework/system/core/Controller.php 83
[2025-08-26 04:22:41] opensid.ERROR: Severity: 8192 --> Creation of dynamic property Surat::$hooks is deprecated /Users/akmalfadli/Developer/desa-digital/wiradesa/vendor/codeigniter/framework/system/core/Controller.php 83
[2025-08-26 04:22:41] opensid.ERROR: Severity: 8192 --> Creation of dynamic property Surat::$config is deprecated /Users/akmalfadli/Developer/desa-digital/wiradesa/vendor/codeigniter/framework/system/core/Controller.php 83
[2025-08-26 04:22:41] opensid.ERROR: Severity: 8192 --> Creation of dynamic property Surat::$utf8 is deprecated /Users/akmalfadli/Developer/desa-digital/wiradesa/vendor/codeigniter/framework/system/core/Controller.php 83
[2025-08-26 04:22:41] opensid.ERROR: Severity: 8192 --> Creation of dynamic property Surat::$uri is deprecated /Users/akmalfadli/Developer/desa-digital/wiradesa/vendor/codeigniter/framework/system/core/Controller.php 83
[2025-08-26 04:22:41] opensid.ERROR: Severity: 8192 --> Creation of dynamic property Surat::$exceptions is deprecated /Users/akmalfadli/Developer/desa-digital/wiradesa/vendor/codeigniter/framework/system/core/Controller.php 83
[2025-08-26 04:22:41] opensid.ERROR: Severity: 8192 --> Creation of dynamic property Surat::$router is deprecated /Users/akmalfadli/Developer/desa-digital/wiradesa/vendor/codeigniter/framework/system/core/Controller.php 83
[2025-08-26 04:22:41] opensid.ERROR: Severity: 8192 --> Creation of dynamic property Surat::$output is deprecated /Users/akmalfadli/Developer/desa-digital/wiradesa/vendor/codeigniter/framework/system/core/Controller.php 83
[2025-08-26 04:22:41] opensid.ERROR: Severity: 8192 --> Creation of dynamic property Surat::$security is deprecated /Users/akmalfadli/Developer/desa-digital/wiradesa/vendor/codeigniter/framework/system/core/Controller.php 83
[2025-08-26 04:22:41] opensid.ERROR: Severity: 8192 --> Creation of dynamic property Surat::$input is deprecated /Users/akmalfadli/Developer/desa-digital/wiradesa/vendor/codeigniter/framework/system/core/Controller.php 83
[2025-08-26 04:22:41] opensid.ERROR: Severity: 8192 --> Creation of dynamic property Surat::$lang is deprecated /Users/akmalfadli/Developer/desa-digital/wiradesa/vendor/codeigniter/framework/system/core/Controller.php 83
[2025-08-26 04:22:53] opensid.ERROR: Severity: 8192 --> Creation of dynamic property CI_URI::$config is deprecated /Users/akmalfadli/Developer/desa-digital/wiradesa/vendor/codeigniter/framework/system/core/URI.php 102
[2025-08-26 04:22:53] opensid.ERROR: Severity: 8192 --> Creation of dynamic property MY_Router::$uri is deprecated /Users/akmalfadli/Developer/desa-digital/wiradesa/vendor/codeigniter/framework/system/core/Router.php 128
[2025-08-26 04:22:53] opensid.ERROR: Severity: 8192 --> Creation of dynamic property Surat::$benchmark is deprecated /Users/akmalfadli/Developer/desa-digital/wiradesa/vendor/codeigniter/framework/system/core/Controller.php 83
[2025-08-26 04:22:53] opensid.ERROR: Severity: 8192 --> Creation of dynamic property Surat::$hooks is deprecated /Users/akmalfadli/Developer/desa-digital/wiradesa/vendor/codeigniter/framework/system/core/Controller.php 83
[2025-08-26 04:22:53] opensid.ERROR: Severity: 8192 --> Creation of dynamic property Surat::$config is deprecated /Users/akmalfadli/Developer/desa-digital/wiradesa/vendor/codeigniter/framework/system/core/Controller.php 83
[2025-08-26 04:22:53] opensid.ERROR: Severity: 8192 --> Creation of dynamic property Surat::$utf8 is deprecated /Users/akmalfadli/Developer/desa-digital/wiradesa/vendor/codeigniter/framework/system/core/Controller.php 83
[2025-08-26 04:22:53] opensid.ERROR: Severity: 8192 --> Creation of dynamic property Surat::$uri is deprecated /Users/akmalfadli/Developer/desa-digital/wiradesa/vendor/codeigniter/framework/system/core/Controller.php 83
[2025-08-26 04:22:53] opensid.ERROR: Severity: 8192 --> Creation of dynamic property Surat::$exceptions is deprecated /Users/akmalfadli/Developer/desa-digital/wiradesa/vendor/codeigniter/framework/system/core/Controller.php 83
[2025-08-26 04:22:53] opensid.ERROR: Severity: 8192 --> Creation of dynamic property Surat::$router is deprecated /Users/akmalfadli/Developer/desa-digital/wiradesa/vendor/codeigniter/framework/system/core/Controller.php 83
[2025-08-26 04:22:53] opensid.ERROR: Severity: 8192 --> Creation of dynamic property Surat::$output is deprecated /Users/akmalfadli/Developer/desa-digital/wiradesa/vendor/codeigniter/framework/system/core/Controller.php 83
[2025-08-26 04:22:53] opensid.ERROR: Severity: 8192 --> Creation of dynamic property Surat::$security is deprecated /Users/akmalfadli/Developer/desa-digital/wiradesa/vendor/codeigniter/framework/system/core/Controller.php 83
[2025-08-26 04:22:53] opensid.ERROR: Severity: 8192 --> Creation of dynamic property Surat::$input is deprecated /Users/akmalfadli/Developer/desa-digital/wiradesa/vendor/codeigniter/framework/system/core/Controller.php 83
[2025-08-26 04:22:53] opensid.ERROR: Severity: 8192 --> Creation of dynamic property Surat::$lang is deprecated /Users/akmalfadli/Developer/desa-digital/wiradesa/vendor/codeigniter/framework/system/core/Controller.php 83
[2025-08-26 11:24:49] opensid.ERROR: Must minimaly specify a single recipient or topic.
[2025-08-26 11:35:39] opensid.ERROR: Gagal menghubungi www.google.com dengan status error 60 - Operation timed out
[2025-08-26 23:08:02] opensid.ERROR: Telegram responded with an error `404 - Not Found`
[2025-08-26 23:08:02] opensid.ERROR: Telegram responded with an error `404 - Not Found`
[2025-08-26 23:22:20] opensid.ERROR: Must minimaly specify a single recipient or topic.
