[2025-08-25 01:22:02] opensid.ERROR: Severity: Warning --> Undefined array key 1 /Users/akmalfadli/Developer/desa-digital/wiradesa/vendor/opensid/router/src/Route.php 123
[2025-08-25 01:29:49] opensid.ERROR: Severity: error --> Exception: Unmatched '}' /Users/akmalfadli/Developer/desa-digital/wiradesa/Modules/Kehadiran/Http/Controllers/Api/AttendanceController.php 598
[2025-08-25 01:30:03] opensid.ERROR: Severity: error --> Exception: Unmatched '}' /Users/akmalfadli/Developer/desa-digital/wiradesa/Modules/Kehadiran/Http/Controllers/Api/AttendanceController.php 598
[2025-08-25 01:31:18] opensid.ERROR: Severity: 8192 --> Creation of dynamic property CI_URI::$config is deprecated /Users/akmalfadli/Developer/desa-digital/wiradesa/vendor/codeigniter/framework/system/core/URI.php 102
[2025-08-25 01:31:18] opensid.ERROR: Severity: 8192 --> Creation of dynamic property MY_Router::$uri is deprecated /Users/akmalfadli/Developer/desa-digital/wiradesa/vendor/codeigniter/framework/system/core/Router.php 128
[2025-08-25 01:31:18] opensid.ERROR: Severity: error --> Exception: Unmatched '}' /Users/akmalfadli/Developer/desa-digital/wiradesa/Modules/Kehadiran/Http/Controllers/Api/AttendanceController.php 598
[2025-08-25 01:33:58] opensid.ERROR: Severity: 8192 --> Creation of dynamic property CI_URI::$config is deprecated /Users/akmalfadli/Developer/desa-digital/wiradesa/vendor/codeigniter/framework/system/core/URI.php 102
[2025-08-25 01:33:58] opensid.ERROR: Severity: 8192 --> Creation of dynamic property MY_Router::$uri is deprecated /Users/akmalfadli/Developer/desa-digital/wiradesa/vendor/codeigniter/framework/system/core/Router.php 128
[2025-08-25 01:33:58] opensid.ERROR: Severity: 8192 --> Creation of dynamic property AttendanceController::$benchmark is deprecated /Users/akmalfadli/Developer/desa-digital/wiradesa/vendor/codeigniter/framework/system/core/Controller.php 83
[2025-08-25 01:33:58] opensid.ERROR: Severity: 8192 --> Creation of dynamic property AttendanceController::$hooks is deprecated /Users/akmalfadli/Developer/desa-digital/wiradesa/vendor/codeigniter/framework/system/core/Controller.php 83
[2025-08-25 01:33:58] opensid.ERROR: Severity: 8192 --> Creation of dynamic property AttendanceController::$config is deprecated /Users/akmalfadli/Developer/desa-digital/wiradesa/vendor/codeigniter/framework/system/core/Controller.php 83
[2025-08-25 01:33:58] opensid.ERROR: Severity: 8192 --> Creation of dynamic property AttendanceController::$utf8 is deprecated /Users/akmalfadli/Developer/desa-digital/wiradesa/vendor/codeigniter/framework/system/core/Controller.php 83
[2025-08-25 01:33:58] opensid.ERROR: Severity: 8192 --> Creation of dynamic property AttendanceController::$uri is deprecated /Users/akmalfadli/Developer/desa-digital/wiradesa/vendor/codeigniter/framework/system/core/Controller.php 83
[2025-08-25 01:33:58] opensid.ERROR: Severity: 8192 --> Creation of dynamic property AttendanceController::$exceptions is deprecated /Users/akmalfadli/Developer/desa-digital/wiradesa/vendor/codeigniter/framework/system/core/Controller.php 83
[2025-08-25 01:33:58] opensid.ERROR: Severity: 8192 --> Creation of dynamic property AttendanceController::$router is deprecated /Users/akmalfadli/Developer/desa-digital/wiradesa/vendor/codeigniter/framework/system/core/Controller.php 83
[2025-08-25 01:33:58] opensid.ERROR: Severity: 8192 --> Creation of dynamic property AttendanceController::$output is deprecated /Users/akmalfadli/Developer/desa-digital/wiradesa/vendor/codeigniter/framework/system/core/Controller.php 83
[2025-08-25 01:33:58] opensid.ERROR: Severity: 8192 --> Creation of dynamic property AttendanceController::$security is deprecated /Users/akmalfadli/Developer/desa-digital/wiradesa/vendor/codeigniter/framework/system/core/Controller.php 83
[2025-08-25 01:33:58] opensid.ERROR: Severity: 8192 --> Creation of dynamic property AttendanceController::$input is deprecated /Users/akmalfadli/Developer/desa-digital/wiradesa/vendor/codeigniter/framework/system/core/Controller.php 83
[2025-08-25 01:33:58] opensid.ERROR: Severity: 8192 --> Creation of dynamic property AttendanceController::$lang is deprecated /Users/akmalfadli/Developer/desa-digital/wiradesa/vendor/codeigniter/framework/system/core/Controller.php 83
[2025-08-25 01:35:07] opensid.ERROR: Severity: 8192 --> Creation of dynamic property CI_URI::$config is deprecated /Users/akmalfadli/Developer/desa-digital/wiradesa/vendor/codeigniter/framework/system/core/URI.php 102
[2025-08-25 01:35:07] opensid.ERROR: Severity: 8192 --> Creation of dynamic property MY_Router::$uri is deprecated /Users/akmalfadli/Developer/desa-digital/wiradesa/vendor/codeigniter/framework/system/core/Router.php 128
[2025-08-25 01:35:07] opensid.ERROR: Severity: 8192 --> Creation of dynamic property AuthenticatedSessionController::$benchmark is deprecated /Users/akmalfadli/Developer/desa-digital/wiradesa/vendor/codeigniter/framework/system/core/Controller.php 83
[2025-08-25 01:35:07] opensid.ERROR: Severity: 8192 --> Creation of dynamic property AuthenticatedSessionController::$hooks is deprecated /Users/akmalfadli/Developer/desa-digital/wiradesa/vendor/codeigniter/framework/system/core/Controller.php 83
[2025-08-25 01:35:07] opensid.ERROR: Severity: 8192 --> Creation of dynamic property AuthenticatedSessionController::$config is deprecated /Users/akmalfadli/Developer/desa-digital/wiradesa/vendor/codeigniter/framework/system/core/Controller.php 83
[2025-08-25 01:35:07] opensid.ERROR: Severity: 8192 --> Creation of dynamic property AuthenticatedSessionController::$utf8 is deprecated /Users/akmalfadli/Developer/desa-digital/wiradesa/vendor/codeigniter/framework/system/core/Controller.php 83
[2025-08-25 01:35:07] opensid.ERROR: Severity: 8192 --> Creation of dynamic property AuthenticatedSessionController::$uri is deprecated /Users/akmalfadli/Developer/desa-digital/wiradesa/vendor/codeigniter/framework/system/core/Controller.php 83
[2025-08-25 01:35:07] opensid.ERROR: Severity: 8192 --> Creation of dynamic property AuthenticatedSessionController::$exceptions is deprecated /Users/akmalfadli/Developer/desa-digital/wiradesa/vendor/codeigniter/framework/system/core/Controller.php 83
[2025-08-25 01:35:07] opensid.ERROR: Severity: 8192 --> Creation of dynamic property AuthenticatedSessionController::$router is deprecated /Users/akmalfadli/Developer/desa-digital/wiradesa/vendor/codeigniter/framework/system/core/Controller.php 83
[2025-08-25 01:35:07] opensid.ERROR: Severity: 8192 --> Creation of dynamic property AuthenticatedSessionController::$output is deprecated /Users/akmalfadli/Developer/desa-digital/wiradesa/vendor/codeigniter/framework/system/core/Controller.php 83
[2025-08-25 01:35:07] opensid.ERROR: Severity: 8192 --> Creation of dynamic property AuthenticatedSessionController::$security is deprecated /Users/akmalfadli/Developer/desa-digital/wiradesa/vendor/codeigniter/framework/system/core/Controller.php 83
[2025-08-25 01:35:07] opensid.ERROR: Severity: 8192 --> Creation of dynamic property AuthenticatedSessionController::$input is deprecated /Users/akmalfadli/Developer/desa-digital/wiradesa/vendor/codeigniter/framework/system/core/Controller.php 83
[2025-08-25 01:35:07] opensid.ERROR: Severity: 8192 --> Creation of dynamic property AuthenticatedSessionController::$lang is deprecated /Users/akmalfadli/Developer/desa-digital/wiradesa/vendor/codeigniter/framework/system/core/Controller.php 83
[2025-08-25 08:35:27] opensid.ERROR: Telegram responded with an error `404 - Not Found`
[2025-08-25 08:35:28] opensid.ERROR: Telegram responded with an error `404 - Not Found`
[2025-08-25 01:59:13] opensid.ERROR: Severity: error --> Exception: syntax error, unexpected token "<", expecting end of file /Users/akmalfadli/Developer/desa-digital/wiradesa/Modules/Kehadiran/Routes/api.php 38
[2025-08-25 01:59:32] opensid.ERROR: Severity: error --> Exception: syntax error, unexpected token "<", expecting end of file /Users/akmalfadli/Developer/desa-digital/wiradesa/Modules/Kehadiran/Routes/api.php 38
[2025-08-25 02:00:01] opensid.ERROR: Severity: error --> Exception: syntax error, unexpected token "<", expecting end of file /Users/akmalfadli/Developer/desa-digital/wiradesa/Modules/Kehadiran/Routes/api.php 38
[2025-08-25 02:00:05] opensid.ERROR: Severity: error --> Exception: syntax error, unexpected token "<", expecting end of file /Users/akmalfadli/Developer/desa-digital/wiradesa/Modules/Kehadiran/Routes/api.php 38
[2025-08-25 02:00:54] opensid.ERROR: Severity: error --> Exception: syntax error, unexpected token "<", expecting end of file /Users/akmalfadli/Developer/desa-digital/wiradesa/Modules/Kehadiran/Routes/api.php 38
[2025-08-25 02:01:51] opensid.ERROR: Severity: 8192 --> Creation of dynamic property CI_URI::$config is deprecated /Users/akmalfadli/Developer/desa-digital/wiradesa/vendor/codeigniter/framework/system/core/URI.php 102
[2025-08-25 02:01:51] opensid.ERROR: Severity: 8192 --> Creation of dynamic property MY_Router::$uri is deprecated /Users/akmalfadli/Developer/desa-digital/wiradesa/vendor/codeigniter/framework/system/core/Router.php 128
[2025-08-25 02:01:51] opensid.ERROR: Severity: 8192 --> Creation of dynamic property AttendanceController::$benchmark is deprecated /Users/akmalfadli/Developer/desa-digital/wiradesa/vendor/codeigniter/framework/system/core/Controller.php 83
[2025-08-25 02:01:51] opensid.ERROR: Severity: 8192 --> Creation of dynamic property AttendanceController::$hooks is deprecated /Users/akmalfadli/Developer/desa-digital/wiradesa/vendor/codeigniter/framework/system/core/Controller.php 83
[2025-08-25 02:01:51] opensid.ERROR: Severity: 8192 --> Creation of dynamic property AttendanceController::$config is deprecated /Users/akmalfadli/Developer/desa-digital/wiradesa/vendor/codeigniter/framework/system/core/Controller.php 83
[2025-08-25 02:01:51] opensid.ERROR: Severity: 8192 --> Creation of dynamic property AttendanceController::$utf8 is deprecated /Users/akmalfadli/Developer/desa-digital/wiradesa/vendor/codeigniter/framework/system/core/Controller.php 83
[2025-08-25 02:01:51] opensid.ERROR: Severity: 8192 --> Creation of dynamic property AttendanceController::$uri is deprecated /Users/akmalfadli/Developer/desa-digital/wiradesa/vendor/codeigniter/framework/system/core/Controller.php 83
[2025-08-25 02:01:51] opensid.ERROR: Severity: 8192 --> Creation of dynamic property AttendanceController::$exceptions is deprecated /Users/akmalfadli/Developer/desa-digital/wiradesa/vendor/codeigniter/framework/system/core/Controller.php 83
[2025-08-25 02:01:51] opensid.ERROR: Severity: 8192 --> Creation of dynamic property AttendanceController::$router is deprecated /Users/akmalfadli/Developer/desa-digital/wiradesa/vendor/codeigniter/framework/system/core/Controller.php 83
[2025-08-25 02:01:51] opensid.ERROR: Severity: 8192 --> Creation of dynamic property AttendanceController::$output is deprecated /Users/akmalfadli/Developer/desa-digital/wiradesa/vendor/codeigniter/framework/system/core/Controller.php 83
[2025-08-25 02:01:51] opensid.ERROR: Severity: 8192 --> Creation of dynamic property AttendanceController::$security is deprecated /Users/akmalfadli/Developer/desa-digital/wiradesa/vendor/codeigniter/framework/system/core/Controller.php 83
[2025-08-25 02:01:51] opensid.ERROR: Severity: 8192 --> Creation of dynamic property AttendanceController::$input is deprecated /Users/akmalfadli/Developer/desa-digital/wiradesa/vendor/codeigniter/framework/system/core/Controller.php 83
[2025-08-25 02:01:51] opensid.ERROR: Severity: 8192 --> Creation of dynamic property AttendanceController::$lang is deprecated /Users/akmalfadli/Developer/desa-digital/wiradesa/vendor/codeigniter/framework/system/core/Controller.php 83
[2025-08-25 02:14:53] opensid.ERROR: Severity: 8192 --> Creation of dynamic property CI_URI::$config is deprecated /Users/akmalfadli/Developer/desa-digital/wiradesa/vendor/codeigniter/framework/system/core/URI.php 102
[2025-08-25 02:14:53] opensid.ERROR: Severity: 8192 --> Creation of dynamic property MY_Router::$uri is deprecated /Users/akmalfadli/Developer/desa-digital/wiradesa/vendor/codeigniter/framework/system/core/Router.php 128
[2025-08-25 03:19:10] opensid.ERROR: Severity: 8192 --> Creation of dynamic property CI_URI::$config is deprecated /Users/akmalfadli/Developer/desa-digital/wiradesa/vendor/codeigniter/framework/system/core/URI.php 102
[2025-08-25 03:19:10] opensid.ERROR: Severity: 8192 --> Creation of dynamic property MY_Router::$uri is deprecated /Users/akmalfadli/Developer/desa-digital/wiradesa/vendor/codeigniter/framework/system/core/Router.php 128
[2025-08-25 03:19:10] opensid.ERROR: Severity: 8192 --> Creation of dynamic property AttendanceController::$benchmark is deprecated /Users/akmalfadli/Developer/desa-digital/wiradesa/vendor/codeigniter/framework/system/core/Controller.php 83
[2025-08-25 03:19:10] opensid.ERROR: Severity: 8192 --> Creation of dynamic property AttendanceController::$hooks is deprecated /Users/akmalfadli/Developer/desa-digital/wiradesa/vendor/codeigniter/framework/system/core/Controller.php 83
[2025-08-25 03:19:10] opensid.ERROR: Severity: 8192 --> Creation of dynamic property AttendanceController::$config is deprecated /Users/akmalfadli/Developer/desa-digital/wiradesa/vendor/codeigniter/framework/system/core/Controller.php 83
[2025-08-25 03:19:10] opensid.ERROR: Severity: 8192 --> Creation of dynamic property AttendanceController::$utf8 is deprecated /Users/akmalfadli/Developer/desa-digital/wiradesa/vendor/codeigniter/framework/system/core/Controller.php 83
[2025-08-25 03:19:10] opensid.ERROR: Severity: 8192 --> Creation of dynamic property AttendanceController::$uri is deprecated /Users/akmalfadli/Developer/desa-digital/wiradesa/vendor/codeigniter/framework/system/core/Controller.php 83
[2025-08-25 03:19:10] opensid.ERROR: Severity: 8192 --> Creation of dynamic property AttendanceController::$exceptions is deprecated /Users/akmalfadli/Developer/desa-digital/wiradesa/vendor/codeigniter/framework/system/core/Controller.php 83
[2025-08-25 03:19:10] opensid.ERROR: Severity: 8192 --> Creation of dynamic property AttendanceController::$router is deprecated /Users/akmalfadli/Developer/desa-digital/wiradesa/vendor/codeigniter/framework/system/core/Controller.php 83
[2025-08-25 03:19:10] opensid.ERROR: Severity: 8192 --> Creation of dynamic property AttendanceController::$output is deprecated /Users/akmalfadli/Developer/desa-digital/wiradesa/vendor/codeigniter/framework/system/core/Controller.php 83
[2025-08-25 03:19:10] opensid.ERROR: Severity: 8192 --> Creation of dynamic property AttendanceController::$security is deprecated /Users/akmalfadli/Developer/desa-digital/wiradesa/vendor/codeigniter/framework/system/core/Controller.php 83
[2025-08-25 03:19:10] opensid.ERROR: Severity: 8192 --> Creation of dynamic property AttendanceController::$input is deprecated /Users/akmalfadli/Developer/desa-digital/wiradesa/vendor/codeigniter/framework/system/core/Controller.php 83
[2025-08-25 03:19:10] opensid.ERROR: Severity: 8192 --> Creation of dynamic property AttendanceController::$lang is deprecated /Users/akmalfadli/Developer/desa-digital/wiradesa/vendor/codeigniter/framework/system/core/Controller.php 83
[2025-08-25 03:19:49] opensid.ERROR: Severity: 8192 --> Creation of dynamic property CI_URI::$config is deprecated /Users/akmalfadli/Developer/desa-digital/wiradesa/vendor/codeigniter/framework/system/core/URI.php 102
[2025-08-25 03:19:49] opensid.ERROR: Severity: 8192 --> Creation of dynamic property MY_Router::$uri is deprecated /Users/akmalfadli/Developer/desa-digital/wiradesa/vendor/codeigniter/framework/system/core/Router.php 128
[2025-08-25 03:19:49] opensid.ERROR: Severity: 8192 --> Creation of dynamic property AttendanceController::$benchmark is deprecated /Users/akmalfadli/Developer/desa-digital/wiradesa/vendor/codeigniter/framework/system/core/Controller.php 83
[2025-08-25 03:19:49] opensid.ERROR: Severity: 8192 --> Creation of dynamic property AttendanceController::$hooks is deprecated /Users/akmalfadli/Developer/desa-digital/wiradesa/vendor/codeigniter/framework/system/core/Controller.php 83
[2025-08-25 03:19:49] opensid.ERROR: Severity: 8192 --> Creation of dynamic property AttendanceController::$config is deprecated /Users/akmalfadli/Developer/desa-digital/wiradesa/vendor/codeigniter/framework/system/core/Controller.php 83
[2025-08-25 03:19:49] opensid.ERROR: Severity: 8192 --> Creation of dynamic property AttendanceController::$utf8 is deprecated /Users/akmalfadli/Developer/desa-digital/wiradesa/vendor/codeigniter/framework/system/core/Controller.php 83
[2025-08-25 03:19:49] opensid.ERROR: Severity: 8192 --> Creation of dynamic property AttendanceController::$uri is deprecated /Users/akmalfadli/Developer/desa-digital/wiradesa/vendor/codeigniter/framework/system/core/Controller.php 83
[2025-08-25 03:19:49] opensid.ERROR: Severity: 8192 --> Creation of dynamic property AttendanceController::$exceptions is deprecated /Users/akmalfadli/Developer/desa-digital/wiradesa/vendor/codeigniter/framework/system/core/Controller.php 83
[2025-08-25 03:19:49] opensid.ERROR: Severity: 8192 --> Creation of dynamic property AttendanceController::$router is deprecated /Users/akmalfadli/Developer/desa-digital/wiradesa/vendor/codeigniter/framework/system/core/Controller.php 83
[2025-08-25 03:19:49] opensid.ERROR: Severity: 8192 --> Creation of dynamic property AttendanceController::$output is deprecated /Users/akmalfadli/Developer/desa-digital/wiradesa/vendor/codeigniter/framework/system/core/Controller.php 83
[2025-08-25 03:19:49] opensid.ERROR: Severity: 8192 --> Creation of dynamic property AttendanceController::$security is deprecated /Users/akmalfadli/Developer/desa-digital/wiradesa/vendor/codeigniter/framework/system/core/Controller.php 83
[2025-08-25 03:19:49] opensid.ERROR: Severity: 8192 --> Creation of dynamic property AttendanceController::$input is deprecated /Users/akmalfadli/Developer/desa-digital/wiradesa/vendor/codeigniter/framework/system/core/Controller.php 83
[2025-08-25 03:19:49] opensid.ERROR: Severity: 8192 --> Creation of dynamic property AttendanceController::$lang is deprecated /Users/akmalfadli/Developer/desa-digital/wiradesa/vendor/codeigniter/framework/system/core/Controller.php 83
