[2025-08-19 06:44:25] opensid.ERROR: Telegram responded with an error `404 - Not Found`
[2025-08-19 06:44:25] opensid.ERROR: Telegram responded with an error `404 - Not Found`
[2025-08-19 06:58:43] opensid.ERROR: Telegram responded with an error `404 - Not Found`
[2025-08-19 06:58:43] opensid.ERROR: Telegram responded with an error `404 - Not Found`
[2025-08-19 07:15:52] opensid.ERROR: Severity: error --> Exception: Call to undefined function getSocialMediaInfo() (View: /Users/akmalfadli/Developer/desa-digital/wiradesa/storage/app/themes/perwira/resources/views/partials/footer.blade.php) (View: /Users/akmalfadli/Developer/desa-digital/wiradesa/storage/app/themes/perwira/resources/views/partials/footer.blade.php) (View: /Users/akmalfadli/Developer/desa-digital/wiradesa/storage/app/themes/perwira/resources/views/partials/footer.blade.php) /Users/akmalfadli/Developer/desa-digital/wiradesa/storage/framework/views/9dcd005b932320f5ee553da3e10ac56d.php 37
[2025-08-19 00:17:06] opensid.ERROR: Severity: 8192 --> Creation of dynamic property CI_URI::$config is deprecated /Users/akmalfadli/Developer/desa-digital/wiradesa/vendor/codeigniter/framework/system/core/URI.php 102
[2025-08-19 00:17:06] opensid.ERROR: Severity: 8192 --> Creation of dynamic property MY_Router::$uri is deprecated /Users/akmalfadli/Developer/desa-digital/wiradesa/vendor/codeigniter/framework/system/core/Router.php 128
[2025-08-19 00:17:06] opensid.ERROR: Severity: 8192 --> Creation of dynamic property Utama::$benchmark is deprecated /Users/akmalfadli/Developer/desa-digital/wiradesa/vendor/codeigniter/framework/system/core/Controller.php 83
[2025-08-19 00:17:06] opensid.ERROR: Severity: 8192 --> Creation of dynamic property Utama::$hooks is deprecated /Users/akmalfadli/Developer/desa-digital/wiradesa/vendor/codeigniter/framework/system/core/Controller.php 83
[2025-08-19 00:17:06] opensid.ERROR: Severity: 8192 --> Creation of dynamic property Utama::$config is deprecated /Users/akmalfadli/Developer/desa-digital/wiradesa/vendor/codeigniter/framework/system/core/Controller.php 83
[2025-08-19 00:17:06] opensid.ERROR: Severity: 8192 --> Creation of dynamic property Utama::$utf8 is deprecated /Users/akmalfadli/Developer/desa-digital/wiradesa/vendor/codeigniter/framework/system/core/Controller.php 83
[2025-08-19 00:17:06] opensid.ERROR: Severity: 8192 --> Creation of dynamic property Utama::$uri is deprecated /Users/akmalfadli/Developer/desa-digital/wiradesa/vendor/codeigniter/framework/system/core/Controller.php 83
[2025-08-19 00:17:06] opensid.ERROR: Severity: 8192 --> Creation of dynamic property Utama::$exceptions is deprecated /Users/akmalfadli/Developer/desa-digital/wiradesa/vendor/codeigniter/framework/system/core/Controller.php 83
[2025-08-19 00:17:06] opensid.ERROR: Severity: 8192 --> Creation of dynamic property Utama::$router is deprecated /Users/akmalfadli/Developer/desa-digital/wiradesa/vendor/codeigniter/framework/system/core/Controller.php 83
[2025-08-19 00:17:06] opensid.ERROR: Severity: 8192 --> Creation of dynamic property Utama::$output is deprecated /Users/akmalfadli/Developer/desa-digital/wiradesa/vendor/codeigniter/framework/system/core/Controller.php 83
[2025-08-19 00:17:06] opensid.ERROR: Severity: 8192 --> Creation of dynamic property Utama::$security is deprecated /Users/akmalfadli/Developer/desa-digital/wiradesa/vendor/codeigniter/framework/system/core/Controller.php 83
[2025-08-19 00:17:06] opensid.ERROR: Severity: 8192 --> Creation of dynamic property Utama::$input is deprecated /Users/akmalfadli/Developer/desa-digital/wiradesa/vendor/codeigniter/framework/system/core/Controller.php 83
[2025-08-19 00:17:06] opensid.ERROR: Severity: 8192 --> Creation of dynamic property Utama::$lang is deprecated /Users/akmalfadli/Developer/desa-digital/wiradesa/vendor/codeigniter/framework/system/core/Controller.php 83
[2025-08-19 07:17:06] opensid.ERROR: Severity: error --> Exception: Call to undefined function getSocialMediaInfo() (View: /Users/akmalfadli/Developer/desa-digital/wiradesa/storage/app/themes/perwira/resources/views/partials/footer.blade.php) (View: /Users/akmalfadli/Developer/desa-digital/wiradesa/storage/app/themes/perwira/resources/views/partials/footer.blade.php) (View: /Users/akmalfadli/Developer/desa-digital/wiradesa/storage/app/themes/perwira/resources/views/partials/footer.blade.php) /Users/akmalfadli/Developer/desa-digital/wiradesa/storage/framework/views/9dcd005b932320f5ee553da3e10ac56d.php 37
[2025-08-19 00:17:54] opensid.ERROR: Severity: 8192 --> Creation of dynamic property CI_URI::$config is deprecated /Users/akmalfadli/Developer/desa-digital/wiradesa/vendor/codeigniter/framework/system/core/URI.php 102
[2025-08-19 00:17:54] opensid.ERROR: Severity: 8192 --> Creation of dynamic property MY_Router::$uri is deprecated /Users/akmalfadli/Developer/desa-digital/wiradesa/vendor/codeigniter/framework/system/core/Router.php 128
[2025-08-19 00:17:54] opensid.ERROR: Severity: 8192 --> Creation of dynamic property Utama::$benchmark is deprecated /Users/akmalfadli/Developer/desa-digital/wiradesa/vendor/codeigniter/framework/system/core/Controller.php 83
[2025-08-19 00:17:54] opensid.ERROR: Severity: 8192 --> Creation of dynamic property Utama::$hooks is deprecated /Users/akmalfadli/Developer/desa-digital/wiradesa/vendor/codeigniter/framework/system/core/Controller.php 83
[2025-08-19 00:17:54] opensid.ERROR: Severity: 8192 --> Creation of dynamic property Utama::$config is deprecated /Users/akmalfadli/Developer/desa-digital/wiradesa/vendor/codeigniter/framework/system/core/Controller.php 83
[2025-08-19 00:17:54] opensid.ERROR: Severity: 8192 --> Creation of dynamic property Utama::$utf8 is deprecated /Users/akmalfadli/Developer/desa-digital/wiradesa/vendor/codeigniter/framework/system/core/Controller.php 83
[2025-08-19 00:17:54] opensid.ERROR: Severity: 8192 --> Creation of dynamic property Utama::$uri is deprecated /Users/akmalfadli/Developer/desa-digital/wiradesa/vendor/codeigniter/framework/system/core/Controller.php 83
[2025-08-19 00:17:54] opensid.ERROR: Severity: 8192 --> Creation of dynamic property Utama::$exceptions is deprecated /Users/akmalfadli/Developer/desa-digital/wiradesa/vendor/codeigniter/framework/system/core/Controller.php 83
[2025-08-19 00:17:54] opensid.ERROR: Severity: 8192 --> Creation of dynamic property Utama::$router is deprecated /Users/akmalfadli/Developer/desa-digital/wiradesa/vendor/codeigniter/framework/system/core/Controller.php 83
[2025-08-19 00:17:54] opensid.ERROR: Severity: 8192 --> Creation of dynamic property Utama::$output is deprecated /Users/akmalfadli/Developer/desa-digital/wiradesa/vendor/codeigniter/framework/system/core/Controller.php 83
[2025-08-19 00:17:54] opensid.ERROR: Severity: 8192 --> Creation of dynamic property Utama::$security is deprecated /Users/akmalfadli/Developer/desa-digital/wiradesa/vendor/codeigniter/framework/system/core/Controller.php 83
[2025-08-19 00:17:54] opensid.ERROR: Severity: 8192 --> Creation of dynamic property Utama::$input is deprecated /Users/akmalfadli/Developer/desa-digital/wiradesa/vendor/codeigniter/framework/system/core/Controller.php 83
[2025-08-19 00:17:54] opensid.ERROR: Severity: 8192 --> Creation of dynamic property Utama::$lang is deprecated /Users/akmalfadli/Developer/desa-digital/wiradesa/vendor/codeigniter/framework/system/core/Controller.php 83
[2025-08-19 00:20:35] opensid.ERROR: Severity: 8192 --> Creation of dynamic property CI_URI::$config is deprecated /Users/akmalfadli/Developer/desa-digital/wiradesa/vendor/codeigniter/framework/system/core/URI.php 102
[2025-08-19 00:20:35] opensid.ERROR: Severity: 8192 --> Creation of dynamic property MY_Router::$uri is deprecated /Users/akmalfadli/Developer/desa-digital/wiradesa/vendor/codeigniter/framework/system/core/Router.php 128
[2025-08-19 00:20:35] opensid.ERROR: Severity: 8192 --> Creation of dynamic property Sosmed::$benchmark is deprecated /Users/akmalfadli/Developer/desa-digital/wiradesa/vendor/codeigniter/framework/system/core/Controller.php 83
[2025-08-19 00:20:35] opensid.ERROR: Severity: 8192 --> Creation of dynamic property Sosmed::$hooks is deprecated /Users/akmalfadli/Developer/desa-digital/wiradesa/vendor/codeigniter/framework/system/core/Controller.php 83
[2025-08-19 00:20:35] opensid.ERROR: Severity: 8192 --> Creation of dynamic property Sosmed::$config is deprecated /Users/akmalfadli/Developer/desa-digital/wiradesa/vendor/codeigniter/framework/system/core/Controller.php 83
[2025-08-19 00:20:35] opensid.ERROR: Severity: 8192 --> Creation of dynamic property Sosmed::$utf8 is deprecated /Users/akmalfadli/Developer/desa-digital/wiradesa/vendor/codeigniter/framework/system/core/Controller.php 83
[2025-08-19 00:20:35] opensid.ERROR: Severity: 8192 --> Creation of dynamic property Sosmed::$uri is deprecated /Users/akmalfadli/Developer/desa-digital/wiradesa/vendor/codeigniter/framework/system/core/Controller.php 83
[2025-08-19 00:20:35] opensid.ERROR: Severity: 8192 --> Creation of dynamic property Sosmed::$exceptions is deprecated /Users/akmalfadli/Developer/desa-digital/wiradesa/vendor/codeigniter/framework/system/core/Controller.php 83
[2025-08-19 00:20:35] opensid.ERROR: Severity: 8192 --> Creation of dynamic property Sosmed::$router is deprecated /Users/akmalfadli/Developer/desa-digital/wiradesa/vendor/codeigniter/framework/system/core/Controller.php 83
[2025-08-19 00:20:35] opensid.ERROR: Severity: 8192 --> Creation of dynamic property Sosmed::$output is deprecated /Users/akmalfadli/Developer/desa-digital/wiradesa/vendor/codeigniter/framework/system/core/Controller.php 83
[2025-08-19 00:20:35] opensid.ERROR: Severity: 8192 --> Creation of dynamic property Sosmed::$security is deprecated /Users/akmalfadli/Developer/desa-digital/wiradesa/vendor/codeigniter/framework/system/core/Controller.php 83
[2025-08-19 00:20:35] opensid.ERROR: Severity: 8192 --> Creation of dynamic property Sosmed::$input is deprecated /Users/akmalfadli/Developer/desa-digital/wiradesa/vendor/codeigniter/framework/system/core/Controller.php 83
[2025-08-19 00:20:35] opensid.ERROR: Severity: 8192 --> Creation of dynamic property Sosmed::$lang is deprecated /Users/akmalfadli/Developer/desa-digital/wiradesa/vendor/codeigniter/framework/system/core/Controller.php 83
[2025-08-19 00:20:35] opensid.ERROR: Severity: 8192 --> Creation of dynamic property CI_URI::$config is deprecated /Users/akmalfadli/Developer/desa-digital/wiradesa/vendor/codeigniter/framework/system/core/URI.php 102
[2025-08-19 00:20:35] opensid.ERROR: Severity: 8192 --> Creation of dynamic property MY_Router::$uri is deprecated /Users/akmalfadli/Developer/desa-digital/wiradesa/vendor/codeigniter/framework/system/core/Router.php 128
[2025-08-19 00:20:35] opensid.ERROR: Severity: 8192 --> Creation of dynamic property Sosmed::$benchmark is deprecated /Users/akmalfadli/Developer/desa-digital/wiradesa/vendor/codeigniter/framework/system/core/Controller.php 83
[2025-08-19 00:20:35] opensid.ERROR: Severity: 8192 --> Creation of dynamic property Sosmed::$hooks is deprecated /Users/akmalfadli/Developer/desa-digital/wiradesa/vendor/codeigniter/framework/system/core/Controller.php 83
[2025-08-19 00:20:35] opensid.ERROR: Severity: 8192 --> Creation of dynamic property Sosmed::$config is deprecated /Users/akmalfadli/Developer/desa-digital/wiradesa/vendor/codeigniter/framework/system/core/Controller.php 83
[2025-08-19 00:20:35] opensid.ERROR: Severity: 8192 --> Creation of dynamic property Sosmed::$utf8 is deprecated /Users/akmalfadli/Developer/desa-digital/wiradesa/vendor/codeigniter/framework/system/core/Controller.php 83
[2025-08-19 00:20:35] opensid.ERROR: Severity: 8192 --> Creation of dynamic property Sosmed::$uri is deprecated /Users/akmalfadli/Developer/desa-digital/wiradesa/vendor/codeigniter/framework/system/core/Controller.php 83
[2025-08-19 00:20:35] opensid.ERROR: Severity: 8192 --> Creation of dynamic property Sosmed::$exceptions is deprecated /Users/akmalfadli/Developer/desa-digital/wiradesa/vendor/codeigniter/framework/system/core/Controller.php 83
[2025-08-19 00:20:35] opensid.ERROR: Severity: 8192 --> Creation of dynamic property Sosmed::$router is deprecated /Users/akmalfadli/Developer/desa-digital/wiradesa/vendor/codeigniter/framework/system/core/Controller.php 83
[2025-08-19 00:20:35] opensid.ERROR: Severity: 8192 --> Creation of dynamic property Sosmed::$output is deprecated /Users/akmalfadli/Developer/desa-digital/wiradesa/vendor/codeigniter/framework/system/core/Controller.php 83
[2025-08-19 00:20:35] opensid.ERROR: Severity: 8192 --> Creation of dynamic property Sosmed::$security is deprecated /Users/akmalfadli/Developer/desa-digital/wiradesa/vendor/codeigniter/framework/system/core/Controller.php 83
[2025-08-19 00:20:35] opensid.ERROR: Severity: 8192 --> Creation of dynamic property Sosmed::$input is deprecated /Users/akmalfadli/Developer/desa-digital/wiradesa/vendor/codeigniter/framework/system/core/Controller.php 83
[2025-08-19 00:20:35] opensid.ERROR: Severity: 8192 --> Creation of dynamic property Sosmed::$lang is deprecated /Users/akmalfadli/Developer/desa-digital/wiradesa/vendor/codeigniter/framework/system/core/Controller.php 83
[2025-08-19 10:31:19] opensid.ERROR: GuzzleHttp\Exception\ConnectException: cURL error 28: Operation timed out after 5002 milliseconds with 0 bytes received (see https://curl.haxx.se/libcurl/c/libcurl-errors.html) for https://pantau.opensid.my.id/api/track/desa?token=eyJ0eXAiOiJKV1QiLCJhbGciOiJIUzI1NiJ9.eyJpZCI6bnVsbCwidGltZXN0YW1wIjoxNjAzNDY2MjM5fQ.HVCNnMLokF2tgHwjQhSIYo6-2GNXB4-Kf28FSIeXnZw in /Users/akmalfadli/Developer/desa-digital/wiradesa/vendor/guzzlehttp/guzzle/src/Handler/CurlFactory.php:275 Stack trace: #0 /Users/akmalfadli/Developer/desa-digital/wiradesa/vendor/guzzlehttp/guzzle/src/Handler/CurlFactory.php(205): GuzzleHttp\Handler\CurlFactory::createRejection(Object(GuzzleHttp\Handler\EasyHandle), Array) #1 /Users/akmalfadli/Developer/desa-digital/wiradesa/vendor/guzzlehttp/guzzle/src/Handler/CurlFactory.php(157): GuzzleHttp\Handler\CurlFactory::finishError(Object(GuzzleHttp\Handler\CurlHandler), Object(GuzzleHttp\Handler\EasyHandle), Object(GuzzleHttp\Handler\CurlFactory)) #2 /Users/akmalfadli/Developer/desa-digital/wiradesa/vendor/guzzlehttp/guzzle/src/Handler/CurlHandler.php(47): GuzzleHttp\Handler\CurlFactory::finish(Object(GuzzleHttp\Handler\CurlHandler), Object(GuzzleHttp\Handler\EasyHandle), Object(GuzzleHttp\Handler\CurlFactory)) #3 /Users/akmalfadli/Developer/desa-digital/wiradesa/vendor/guzzlehttp/guzzle/src/Handler/Proxy.php(28): GuzzleHttp\Handler\CurlHandler->__invoke(Object(GuzzleHttp\Psr7\Request), Array) #4 /Users/akmalfadli/Developer/desa-digital/wiradesa/vendor/guzzlehttp/guzzle/src/Handler/Proxy.php(48): GuzzleHttp\Handler\Proxy::GuzzleHttp\Handler\{closure}(Object(GuzzleHttp\Psr7\Request), Array) #5 /Users/akmalfadli/Developer/desa-digital/wiradesa/vendor/guzzlehttp/guzzle/src/PrepareBodyMiddleware.php(64): GuzzleHttp\Handler\Proxy::GuzzleHttp\Handler\{closure}(Object(GuzzleHttp\Psr7\Request), Array) #6 /Users/akmalfadli/Developer/desa-digital/wiradesa/vendor/guzzlehttp/guzzle/src/Middleware.php(31): GuzzleHttp\PrepareBodyMiddleware->__invoke(Object(GuzzleHttp\Psr7\Request), Array) #7 /Users/akmalfadli/Developer/desa-digital/wiradesa/vendor/guzzlehttp/guzzle/src/RedirectMiddleware.php(71): GuzzleHttp\Middleware::GuzzleHttp\{closure}(Object(GuzzleHttp\Psr7\Request), Array) #8 /Users/akmalfadli/Developer/desa-digital/wiradesa/vendor/guzzlehttp/guzzle/src/Middleware.php(66): GuzzleHttp\RedirectMiddleware->__invoke(Object(GuzzleHttp\Psr7\Request), Array) #9 /Users/akmalfadli/Developer/desa-digital/wiradesa/vendor/guzzlehttp/guzzle/src/HandlerStack.php(75): GuzzleHttp\Middleware::GuzzleHttp\{closure}(Object(GuzzleHttp\Psr7\Request), Array) #10 /Users/akmalfadli/Developer/desa-digital/wiradesa/vendor/guzzlehttp/guzzle/src/Client.php(333): GuzzleHttp\HandlerStack->__invoke(Object(GuzzleHttp\Psr7\Request), Array) #11 /Users/akmalfadli/Developer/desa-digital/wiradesa/vendor/guzzlehttp/guzzle/src/Client.php(169): GuzzleHttp\Client->transfer(Object(GuzzleHttp\Psr7\Request), Array) #12 /Users/akmalfadli/Developer/desa-digital/wiradesa/vendor/guzzlehttp/guzzle/src/Client.php(189): GuzzleHttp\Client->requestAsync('POST', Object(GuzzleHttp\Psr7\Uri), Array) #13 /Users/akmalfadli/Developer/desa-digital/wiradesa/vendor/guzzlehttp/guzzle/src/ClientTrait.php(95): GuzzleHttp\Client->request('POST', 'https://pantau....', Array) #14 /Users/akmalfadli/Developer/desa-digital/wiradesa/donjo-app/helpers/opensid_helper.php(227): GuzzleHttp\Client->post('https://pantau....', Array) #15 /Users/akmalfadli/Developer/desa-digital/wiradesa/donjo-app/models/Track_model.php(142): httpPost('https://pantau....', Array) #16 /Users/akmalfadli/Developer/desa-digital/wiradesa/donjo-app/models/Track_model.php(65): Track_model->kirim_data() #17 /Users/akmalfadli/Developer/desa-digital/wiradesa/donjo-app/models/Setting_model.php(56): Track_model->track_desa() #18 /Users/akmalfadli/Developer/desa-digital/wiradesa/donjo-app/core/MY_Controller.php(132): Setting_model->init() #19 /Users/akmalfadli/Developer/desa-digital/wiradesa/donjo-app/core/MY_Controller.php(91): MY_Controller->cekConfig() #20 /Users/akmalfadli/Developer/desa-digital/wiradesa/donjo-app/core/Web_Controller.php(52): MY_Controller->__construct() #21 /Users/akmalfadli/Developer/desa-digital/wiradesa/donjo-app/controllers/fweb/Utama.php(50): Web_Controller->__construct() #22 /Users/akmalfadli/Developer/desa-digital/wiradesa/vendor/codeigniter/framework/system/core/CodeIgniter.php(519): Utama->__construct() #23 /Users/akmalfadli/Developer/desa-digital/wiradesa/index.php(284): require_once('/Users/akmalfad...') #24 /Applications/Herd.app/Contents/Resources/valet/server.php(167): require('/Users/akmalfad...') #25 {main}
[2025-08-19 11:42:08] opensid.ERROR: GuzzleHttp\Exception\ConnectException: cURL error 28: Connection timed out after 4001 milliseconds (see https://curl.haxx.se/libcurl/c/libcurl-errors.html) for https://pantau.opensid.my.id/api/track/desa?token=eyJ0eXAiOiJKV1QiLCJhbGciOiJIUzI1NiJ9.eyJpZCI6bnVsbCwidGltZXN0YW1wIjoxNjAzNDY2MjM5fQ.HVCNnMLokF2tgHwjQhSIYo6-2GNXB4-Kf28FSIeXnZw in /Users/akmalfadli/Developer/desa-digital/wiradesa/vendor/guzzlehttp/guzzle/src/Handler/CurlFactory.php:275 Stack trace: #0 /Users/akmalfadli/Developer/desa-digital/wiradesa/vendor/guzzlehttp/guzzle/src/Handler/CurlFactory.php(205): GuzzleHttp\Handler\CurlFactory::createRejection(Object(GuzzleHttp\Handler\EasyHandle), Array) #1 /Users/akmalfadli/Developer/desa-digital/wiradesa/vendor/guzzlehttp/guzzle/src/Handler/CurlFactory.php(157): GuzzleHttp\Handler\CurlFactory::finishError(Object(GuzzleHttp\Handler\CurlHandler), Object(GuzzleHttp\Handler\EasyHandle), Object(GuzzleHttp\Handler\CurlFactory)) #2 /Users/akmalfadli/Developer/desa-digital/wiradesa/vendor/guzzlehttp/guzzle/src/Handler/CurlHandler.php(47): GuzzleHttp\Handler\CurlFactory::finish(Object(GuzzleHttp\Handler\CurlHandler), Object(GuzzleHttp\Handler\EasyHandle), Object(GuzzleHttp\Handler\CurlFactory)) #3 /Users/akmalfadli/Developer/desa-digital/wiradesa/vendor/guzzlehttp/guzzle/src/Handler/Proxy.php(28): GuzzleHttp\Handler\CurlHandler->__invoke(Object(GuzzleHttp\Psr7\Request), Array) #4 /Users/akmalfadli/Developer/desa-digital/wiradesa/vendor/guzzlehttp/guzzle/src/Handler/Proxy.php(48): GuzzleHttp\Handler\Proxy::GuzzleHttp\Handler\{closure}(Object(GuzzleHttp\Psr7\Request), Array) #5 /Users/akmalfadli/Developer/desa-digital/wiradesa/vendor/guzzlehttp/guzzle/src/PrepareBodyMiddleware.php(64): GuzzleHttp\Handler\Proxy::GuzzleHttp\Handler\{closure}(Object(GuzzleHttp\Psr7\Request), Array) #6 /Users/akmalfadli/Developer/desa-digital/wiradesa/vendor/guzzlehttp/guzzle/src/Middleware.php(31): GuzzleHttp\PrepareBodyMiddleware->__invoke(Object(GuzzleHttp\Psr7\Request), Array) #7 /Users/akmalfadli/Developer/desa-digital/wiradesa/vendor/guzzlehttp/guzzle/src/RedirectMiddleware.php(71): GuzzleHttp\Middleware::GuzzleHttp\{closure}(Object(GuzzleHttp\Psr7\Request), Array) #8 /Users/akmalfadli/Developer/desa-digital/wiradesa/vendor/guzzlehttp/guzzle/src/Middleware.php(66): GuzzleHttp\RedirectMiddleware->__invoke(Object(GuzzleHttp\Psr7\Request), Array) #9 /Users/akmalfadli/Developer/desa-digital/wiradesa/vendor/guzzlehttp/guzzle/src/HandlerStack.php(75): GuzzleHttp\Middleware::GuzzleHttp\{closure}(Object(GuzzleHttp\Psr7\Request), Array) #10 /Users/akmalfadli/Developer/desa-digital/wiradesa/vendor/guzzlehttp/guzzle/src/Client.php(333): GuzzleHttp\HandlerStack->__invoke(Object(GuzzleHttp\Psr7\Request), Array) #11 /Users/akmalfadli/Developer/desa-digital/wiradesa/vendor/guzzlehttp/guzzle/src/Client.php(169): GuzzleHttp\Client->transfer(Object(GuzzleHttp\Psr7\Request), Array) #12 /Users/akmalfadli/Developer/desa-digital/wiradesa/vendor/guzzlehttp/guzzle/src/Client.php(189): GuzzleHttp\Client->requestAsync('POST', Object(GuzzleHttp\Psr7\Uri), Array) #13 /Users/akmalfadli/Developer/desa-digital/wiradesa/vendor/guzzlehttp/guzzle/src/ClientTrait.php(95): GuzzleHttp\Client->request('POST', 'https://pantau....', Array) #14 /Users/akmalfadli/Developer/desa-digital/wiradesa/donjo-app/helpers/opensid_helper.php(227): GuzzleHttp\Client->post('https://pantau....', Array) #15 /Users/akmalfadli/Developer/desa-digital/wiradesa/donjo-app/models/Track_model.php(142): httpPost('https://pantau....', Array) #16 /Users/akmalfadli/Developer/desa-digital/wiradesa/donjo-app/models/Track_model.php(65): Track_model->kirim_data() #17 /Users/akmalfadli/Developer/desa-digital/wiradesa/donjo-app/models/Setting_model.php(56): Track_model->track_desa() #18 /Users/akmalfadli/Developer/desa-digital/wiradesa/donjo-app/core/MY_Controller.php(132): Setting_model->init() #19 /Users/akmalfadli/Developer/desa-digital/wiradesa/donjo-app/core/MY_Controller.php(91): MY_Controller->cekConfig() #20 /Users/akmalfadli/Developer/desa-digital/wiradesa/donjo-app/controllers/auth/AuthenticatedSessionController.php(51): MY_Controller->__construct() #21 /Users/akmalfadli/Developer/desa-digital/wiradesa/vendor/codeigniter/framework/system/core/CodeIgniter.php(519): AuthenticatedSessionController->__construct() #22 /Users/akmalfadli/Developer/desa-digital/wiradesa/index.php(284): require_once('/Users/akmalfad...') #23 /Applications/Herd.app/Contents/Resources/valet/server.php(167): require('/Users/akmalfad...') #24 {main}
[2025-08-19 11:42:18] opensid.ERROR: Telegram responded with an error `404 - Not Found`
[2025-08-19 11:42:18] opensid.ERROR: Telegram responded with an error `404 - Not Found`
[2025-08-19 11:42:25] opensid.ERROR: Telegram responded with an error `404 - Not Found`
[2025-08-19 11:42:25] opensid.ERROR: Telegram responded with an error `404 - Not Found`
[2025-08-19 04:42:43] opensid.ERROR: Severity: 8192 --> Creation of dynamic property CI_URI::$config is deprecated /Users/akmalfadli/Developer/desa-digital/wiradesa/vendor/codeigniter/framework/system/core/URI.php 102
[2025-08-19 04:42:43] opensid.ERROR: Severity: 8192 --> Creation of dynamic property MY_Router::$uri is deprecated /Users/akmalfadli/Developer/desa-digital/wiradesa/vendor/codeigniter/framework/system/core/Router.php 128
[2025-08-19 04:42:43] opensid.ERROR: Severity: 8192 --> Creation of dynamic property Web::$benchmark is deprecated /Users/akmalfadli/Developer/desa-digital/wiradesa/vendor/codeigniter/framework/system/core/Controller.php 83
[2025-08-19 04:42:43] opensid.ERROR: Severity: 8192 --> Creation of dynamic property Web::$hooks is deprecated /Users/akmalfadli/Developer/desa-digital/wiradesa/vendor/codeigniter/framework/system/core/Controller.php 83
[2025-08-19 04:42:43] opensid.ERROR: Severity: 8192 --> Creation of dynamic property Web::$config is deprecated /Users/akmalfadli/Developer/desa-digital/wiradesa/vendor/codeigniter/framework/system/core/Controller.php 83
[2025-08-19 04:42:43] opensid.ERROR: Severity: 8192 --> Creation of dynamic property Web::$utf8 is deprecated /Users/akmalfadli/Developer/desa-digital/wiradesa/vendor/codeigniter/framework/system/core/Controller.php 83
[2025-08-19 04:42:43] opensid.ERROR: Severity: 8192 --> Creation of dynamic property Web::$uri is deprecated /Users/akmalfadli/Developer/desa-digital/wiradesa/vendor/codeigniter/framework/system/core/Controller.php 83
[2025-08-19 04:42:43] opensid.ERROR: Severity: 8192 --> Creation of dynamic property Web::$exceptions is deprecated /Users/akmalfadli/Developer/desa-digital/wiradesa/vendor/codeigniter/framework/system/core/Controller.php 83
[2025-08-19 04:42:43] opensid.ERROR: Severity: 8192 --> Creation of dynamic property Web::$router is deprecated /Users/akmalfadli/Developer/desa-digital/wiradesa/vendor/codeigniter/framework/system/core/Controller.php 83
[2025-08-19 04:42:43] opensid.ERROR: Severity: 8192 --> Creation of dynamic property Web::$output is deprecated /Users/akmalfadli/Developer/desa-digital/wiradesa/vendor/codeigniter/framework/system/core/Controller.php 83
[2025-08-19 04:42:43] opensid.ERROR: Severity: 8192 --> Creation of dynamic property Web::$security is deprecated /Users/akmalfadli/Developer/desa-digital/wiradesa/vendor/codeigniter/framework/system/core/Controller.php 83
[2025-08-19 04:42:43] opensid.ERROR: Severity: 8192 --> Creation of dynamic property Web::$input is deprecated /Users/akmalfadli/Developer/desa-digital/wiradesa/vendor/codeigniter/framework/system/core/Controller.php 83
[2025-08-19 04:42:43] opensid.ERROR: Severity: 8192 --> Creation of dynamic property Web::$lang is deprecated /Users/akmalfadli/Developer/desa-digital/wiradesa/vendor/codeigniter/framework/system/core/Controller.php 83
[2025-08-19 04:42:43] opensid.ERROR: Severity: 8192 --> Creation of dynamic property CI_URI::$config is deprecated /Users/akmalfadli/Developer/desa-digital/wiradesa/vendor/codeigniter/framework/system/core/URI.php 102
[2025-08-19 04:42:43] opensid.ERROR: Severity: 8192 --> Creation of dynamic property MY_Router::$uri is deprecated /Users/akmalfadli/Developer/desa-digital/wiradesa/vendor/codeigniter/framework/system/core/Router.php 128
[2025-08-19 04:42:43] opensid.ERROR: Severity: 8192 --> Creation of dynamic property Web::$benchmark is deprecated /Users/akmalfadli/Developer/desa-digital/wiradesa/vendor/codeigniter/framework/system/core/Controller.php 83
[2025-08-19 04:42:43] opensid.ERROR: Severity: 8192 --> Creation of dynamic property Web::$hooks is deprecated /Users/akmalfadli/Developer/desa-digital/wiradesa/vendor/codeigniter/framework/system/core/Controller.php 83
[2025-08-19 04:42:43] opensid.ERROR: Severity: 8192 --> Creation of dynamic property Web::$config is deprecated /Users/akmalfadli/Developer/desa-digital/wiradesa/vendor/codeigniter/framework/system/core/Controller.php 83
[2025-08-19 04:42:43] opensid.ERROR: Severity: 8192 --> Creation of dynamic property Web::$utf8 is deprecated /Users/akmalfadli/Developer/desa-digital/wiradesa/vendor/codeigniter/framework/system/core/Controller.php 83
[2025-08-19 04:42:43] opensid.ERROR: Severity: 8192 --> Creation of dynamic property Web::$uri is deprecated /Users/akmalfadli/Developer/desa-digital/wiradesa/vendor/codeigniter/framework/system/core/Controller.php 83
[2025-08-19 04:42:43] opensid.ERROR: Severity: 8192 --> Creation of dynamic property Web::$exceptions is deprecated /Users/akmalfadli/Developer/desa-digital/wiradesa/vendor/codeigniter/framework/system/core/Controller.php 83
[2025-08-19 04:42:43] opensid.ERROR: Severity: 8192 --> Creation of dynamic property Web::$router is deprecated /Users/akmalfadli/Developer/desa-digital/wiradesa/vendor/codeigniter/framework/system/core/Controller.php 83
[2025-08-19 04:42:43] opensid.ERROR: Severity: 8192 --> Creation of dynamic property Web::$output is deprecated /Users/akmalfadli/Developer/desa-digital/wiradesa/vendor/codeigniter/framework/system/core/Controller.php 83
[2025-08-19 04:42:43] opensid.ERROR: Severity: 8192 --> Creation of dynamic property Web::$security is deprecated /Users/akmalfadli/Developer/desa-digital/wiradesa/vendor/codeigniter/framework/system/core/Controller.php 83
[2025-08-19 04:42:43] opensid.ERROR: Severity: 8192 --> Creation of dynamic property Web::$input is deprecated /Users/akmalfadli/Developer/desa-digital/wiradesa/vendor/codeigniter/framework/system/core/Controller.php 83
[2025-08-19 04:42:43] opensid.ERROR: Severity: 8192 --> Creation of dynamic property Web::$lang is deprecated /Users/akmalfadli/Developer/desa-digital/wiradesa/vendor/codeigniter/framework/system/core/Controller.php 83
[2025-08-19 04:42:48] opensid.ERROR: Severity: 8192 --> Creation of dynamic property CI_URI::$config is deprecated /Users/akmalfadli/Developer/desa-digital/wiradesa/vendor/codeigniter/framework/system/core/URI.php 102
[2025-08-19 04:42:48] opensid.ERROR: Severity: 8192 --> Creation of dynamic property MY_Router::$uri is deprecated /Users/akmalfadli/Developer/desa-digital/wiradesa/vendor/codeigniter/framework/system/core/Router.php 128
[2025-08-19 04:42:48] opensid.ERROR: Severity: 8192 --> Creation of dynamic property Web::$benchmark is deprecated /Users/akmalfadli/Developer/desa-digital/wiradesa/vendor/codeigniter/framework/system/core/Controller.php 83
[2025-08-19 04:42:48] opensid.ERROR: Severity: 8192 --> Creation of dynamic property Web::$hooks is deprecated /Users/akmalfadli/Developer/desa-digital/wiradesa/vendor/codeigniter/framework/system/core/Controller.php 83
[2025-08-19 04:42:48] opensid.ERROR: Severity: 8192 --> Creation of dynamic property Web::$config is deprecated /Users/akmalfadli/Developer/desa-digital/wiradesa/vendor/codeigniter/framework/system/core/Controller.php 83
[2025-08-19 04:42:48] opensid.ERROR: Severity: 8192 --> Creation of dynamic property Web::$utf8 is deprecated /Users/akmalfadli/Developer/desa-digital/wiradesa/vendor/codeigniter/framework/system/core/Controller.php 83
[2025-08-19 04:42:48] opensid.ERROR: Severity: 8192 --> Creation of dynamic property Web::$uri is deprecated /Users/akmalfadli/Developer/desa-digital/wiradesa/vendor/codeigniter/framework/system/core/Controller.php 83
[2025-08-19 04:42:48] opensid.ERROR: Severity: 8192 --> Creation of dynamic property Web::$exceptions is deprecated /Users/akmalfadli/Developer/desa-digital/wiradesa/vendor/codeigniter/framework/system/core/Controller.php 83
[2025-08-19 04:42:48] opensid.ERROR: Severity: 8192 --> Creation of dynamic property Web::$router is deprecated /Users/akmalfadli/Developer/desa-digital/wiradesa/vendor/codeigniter/framework/system/core/Controller.php 83
[2025-08-19 04:42:48] opensid.ERROR: Severity: 8192 --> Creation of dynamic property Web::$output is deprecated /Users/akmalfadli/Developer/desa-digital/wiradesa/vendor/codeigniter/framework/system/core/Controller.php 83
[2025-08-19 04:42:48] opensid.ERROR: Severity: 8192 --> Creation of dynamic property Web::$security is deprecated /Users/akmalfadli/Developer/desa-digital/wiradesa/vendor/codeigniter/framework/system/core/Controller.php 83
[2025-08-19 04:42:48] opensid.ERROR: Severity: 8192 --> Creation of dynamic property Web::$input is deprecated /Users/akmalfadli/Developer/desa-digital/wiradesa/vendor/codeigniter/framework/system/core/Controller.php 83
[2025-08-19 04:42:48] opensid.ERROR: Severity: 8192 --> Creation of dynamic property Web::$lang is deprecated /Users/akmalfadli/Developer/desa-digital/wiradesa/vendor/codeigniter/framework/system/core/Controller.php 83
[2025-08-19 04:42:48] opensid.ERROR: Severity: 8192 --> Creation of dynamic property CI_URI::$config is deprecated /Users/akmalfadli/Developer/desa-digital/wiradesa/vendor/codeigniter/framework/system/core/URI.php 102
[2025-08-19 04:42:48] opensid.ERROR: Severity: 8192 --> Creation of dynamic property MY_Router::$uri is deprecated /Users/akmalfadli/Developer/desa-digital/wiradesa/vendor/codeigniter/framework/system/core/Router.php 128
[2025-08-19 04:42:48] opensid.ERROR: Severity: 8192 --> Creation of dynamic property Web::$benchmark is deprecated /Users/akmalfadli/Developer/desa-digital/wiradesa/vendor/codeigniter/framework/system/core/Controller.php 83
[2025-08-19 04:42:48] opensid.ERROR: Severity: 8192 --> Creation of dynamic property Web::$hooks is deprecated /Users/akmalfadli/Developer/desa-digital/wiradesa/vendor/codeigniter/framework/system/core/Controller.php 83
[2025-08-19 04:42:48] opensid.ERROR: Severity: 8192 --> Creation of dynamic property Web::$config is deprecated /Users/akmalfadli/Developer/desa-digital/wiradesa/vendor/codeigniter/framework/system/core/Controller.php 83
[2025-08-19 04:42:48] opensid.ERROR: Severity: 8192 --> Creation of dynamic property Web::$utf8 is deprecated /Users/akmalfadli/Developer/desa-digital/wiradesa/vendor/codeigniter/framework/system/core/Controller.php 83
[2025-08-19 04:42:48] opensid.ERROR: Severity: 8192 --> Creation of dynamic property Web::$uri is deprecated /Users/akmalfadli/Developer/desa-digital/wiradesa/vendor/codeigniter/framework/system/core/Controller.php 83
[2025-08-19 04:42:48] opensid.ERROR: Severity: 8192 --> Creation of dynamic property Web::$exceptions is deprecated /Users/akmalfadli/Developer/desa-digital/wiradesa/vendor/codeigniter/framework/system/core/Controller.php 83
[2025-08-19 04:42:48] opensid.ERROR: Severity: 8192 --> Creation of dynamic property Web::$router is deprecated /Users/akmalfadli/Developer/desa-digital/wiradesa/vendor/codeigniter/framework/system/core/Controller.php 83
[2025-08-19 04:42:48] opensid.ERROR: Severity: 8192 --> Creation of dynamic property Web::$output is deprecated /Users/akmalfadli/Developer/desa-digital/wiradesa/vendor/codeigniter/framework/system/core/Controller.php 83
[2025-08-19 04:42:48] opensid.ERROR: Severity: 8192 --> Creation of dynamic property Web::$security is deprecated /Users/akmalfadli/Developer/desa-digital/wiradesa/vendor/codeigniter/framework/system/core/Controller.php 83
[2025-08-19 04:42:48] opensid.ERROR: Severity: 8192 --> Creation of dynamic property Web::$input is deprecated /Users/akmalfadli/Developer/desa-digital/wiradesa/vendor/codeigniter/framework/system/core/Controller.php 83
[2025-08-19 04:42:48] opensid.ERROR: Severity: 8192 --> Creation of dynamic property Web::$lang is deprecated /Users/akmalfadli/Developer/desa-digital/wiradesa/vendor/codeigniter/framework/system/core/Controller.php 83
[2025-08-19 04:43:38] opensid.ERROR: Severity: 8192 --> Creation of dynamic property CI_URI::$config is deprecated /Users/akmalfadli/Developer/desa-digital/wiradesa/vendor/codeigniter/framework/system/core/URI.php 102
[2025-08-19 04:43:38] opensid.ERROR: Severity: 8192 --> Creation of dynamic property MY_Router::$uri is deprecated /Users/akmalfadli/Developer/desa-digital/wiradesa/vendor/codeigniter/framework/system/core/Router.php 128
[2025-08-19 04:43:38] opensid.ERROR: Severity: 8192 --> Creation of dynamic property Web::$benchmark is deprecated /Users/akmalfadli/Developer/desa-digital/wiradesa/vendor/codeigniter/framework/system/core/Controller.php 83
[2025-08-19 04:43:38] opensid.ERROR: Severity: 8192 --> Creation of dynamic property Web::$hooks is deprecated /Users/akmalfadli/Developer/desa-digital/wiradesa/vendor/codeigniter/framework/system/core/Controller.php 83
[2025-08-19 04:43:38] opensid.ERROR: Severity: 8192 --> Creation of dynamic property Web::$config is deprecated /Users/akmalfadli/Developer/desa-digital/wiradesa/vendor/codeigniter/framework/system/core/Controller.php 83
[2025-08-19 04:43:38] opensid.ERROR: Severity: 8192 --> Creation of dynamic property Web::$utf8 is deprecated /Users/akmalfadli/Developer/desa-digital/wiradesa/vendor/codeigniter/framework/system/core/Controller.php 83
[2025-08-19 04:43:38] opensid.ERROR: Severity: 8192 --> Creation of dynamic property Web::$uri is deprecated /Users/akmalfadli/Developer/desa-digital/wiradesa/vendor/codeigniter/framework/system/core/Controller.php 83
[2025-08-19 04:43:38] opensid.ERROR: Severity: 8192 --> Creation of dynamic property Web::$exceptions is deprecated /Users/akmalfadli/Developer/desa-digital/wiradesa/vendor/codeigniter/framework/system/core/Controller.php 83
[2025-08-19 04:43:38] opensid.ERROR: Severity: 8192 --> Creation of dynamic property Web::$router is deprecated /Users/akmalfadli/Developer/desa-digital/wiradesa/vendor/codeigniter/framework/system/core/Controller.php 83
[2025-08-19 04:43:38] opensid.ERROR: Severity: 8192 --> Creation of dynamic property Web::$output is deprecated /Users/akmalfadli/Developer/desa-digital/wiradesa/vendor/codeigniter/framework/system/core/Controller.php 83
[2025-08-19 04:43:38] opensid.ERROR: Severity: 8192 --> Creation of dynamic property Web::$security is deprecated /Users/akmalfadli/Developer/desa-digital/wiradesa/vendor/codeigniter/framework/system/core/Controller.php 83
[2025-08-19 04:43:38] opensid.ERROR: Severity: 8192 --> Creation of dynamic property Web::$input is deprecated /Users/akmalfadli/Developer/desa-digital/wiradesa/vendor/codeigniter/framework/system/core/Controller.php 83
[2025-08-19 04:43:38] opensid.ERROR: Severity: 8192 --> Creation of dynamic property Web::$lang is deprecated /Users/akmalfadli/Developer/desa-digital/wiradesa/vendor/codeigniter/framework/system/core/Controller.php 83
[2025-08-19 04:43:38] opensid.ERROR: Severity: 8192 --> Creation of dynamic property CI_URI::$config is deprecated /Users/akmalfadli/Developer/desa-digital/wiradesa/vendor/codeigniter/framework/system/core/URI.php 102
[2025-08-19 04:43:38] opensid.ERROR: Severity: 8192 --> Creation of dynamic property MY_Router::$uri is deprecated /Users/akmalfadli/Developer/desa-digital/wiradesa/vendor/codeigniter/framework/system/core/Router.php 128
[2025-08-19 04:43:38] opensid.ERROR: Severity: 8192 --> Creation of dynamic property Web::$benchmark is deprecated /Users/akmalfadli/Developer/desa-digital/wiradesa/vendor/codeigniter/framework/system/core/Controller.php 83
[2025-08-19 04:43:38] opensid.ERROR: Severity: 8192 --> Creation of dynamic property Web::$hooks is deprecated /Users/akmalfadli/Developer/desa-digital/wiradesa/vendor/codeigniter/framework/system/core/Controller.php 83
[2025-08-19 04:43:38] opensid.ERROR: Severity: 8192 --> Creation of dynamic property Web::$config is deprecated /Users/akmalfadli/Developer/desa-digital/wiradesa/vendor/codeigniter/framework/system/core/Controller.php 83
[2025-08-19 04:43:38] opensid.ERROR: Severity: 8192 --> Creation of dynamic property Web::$utf8 is deprecated /Users/akmalfadli/Developer/desa-digital/wiradesa/vendor/codeigniter/framework/system/core/Controller.php 83
[2025-08-19 04:43:38] opensid.ERROR: Severity: 8192 --> Creation of dynamic property Web::$uri is deprecated /Users/akmalfadli/Developer/desa-digital/wiradesa/vendor/codeigniter/framework/system/core/Controller.php 83
[2025-08-19 04:43:38] opensid.ERROR: Severity: 8192 --> Creation of dynamic property Web::$exceptions is deprecated /Users/akmalfadli/Developer/desa-digital/wiradesa/vendor/codeigniter/framework/system/core/Controller.php 83
[2025-08-19 04:43:38] opensid.ERROR: Severity: 8192 --> Creation of dynamic property Web::$router is deprecated /Users/akmalfadli/Developer/desa-digital/wiradesa/vendor/codeigniter/framework/system/core/Controller.php 83
[2025-08-19 04:43:38] opensid.ERROR: Severity: 8192 --> Creation of dynamic property Web::$output is deprecated /Users/akmalfadli/Developer/desa-digital/wiradesa/vendor/codeigniter/framework/system/core/Controller.php 83
[2025-08-19 04:43:38] opensid.ERROR: Severity: 8192 --> Creation of dynamic property Web::$security is deprecated /Users/akmalfadli/Developer/desa-digital/wiradesa/vendor/codeigniter/framework/system/core/Controller.php 83
[2025-08-19 04:43:38] opensid.ERROR: Severity: 8192 --> Creation of dynamic property Web::$input is deprecated /Users/akmalfadli/Developer/desa-digital/wiradesa/vendor/codeigniter/framework/system/core/Controller.php 83
[2025-08-19 04:43:38] opensid.ERROR: Severity: 8192 --> Creation of dynamic property Web::$lang is deprecated /Users/akmalfadli/Developer/desa-digital/wiradesa/vendor/codeigniter/framework/system/core/Controller.php 83
[2025-08-19 04:43:44] opensid.ERROR: Severity: 8192 --> Creation of dynamic property CI_URI::$config is deprecated /Users/akmalfadli/Developer/desa-digital/wiradesa/vendor/codeigniter/framework/system/core/URI.php 102
[2025-08-19 04:43:44] opensid.ERROR: Severity: 8192 --> Creation of dynamic property MY_Router::$uri is deprecated /Users/akmalfadli/Developer/desa-digital/wiradesa/vendor/codeigniter/framework/system/core/Router.php 128
[2025-08-19 04:43:44] opensid.ERROR: Severity: 8192 --> Creation of dynamic property Web::$benchmark is deprecated /Users/akmalfadli/Developer/desa-digital/wiradesa/vendor/codeigniter/framework/system/core/Controller.php 83
[2025-08-19 04:43:44] opensid.ERROR: Severity: 8192 --> Creation of dynamic property Web::$hooks is deprecated /Users/akmalfadli/Developer/desa-digital/wiradesa/vendor/codeigniter/framework/system/core/Controller.php 83
[2025-08-19 04:43:44] opensid.ERROR: Severity: 8192 --> Creation of dynamic property Web::$config is deprecated /Users/akmalfadli/Developer/desa-digital/wiradesa/vendor/codeigniter/framework/system/core/Controller.php 83
[2025-08-19 04:43:44] opensid.ERROR: Severity: 8192 --> Creation of dynamic property Web::$utf8 is deprecated /Users/akmalfadli/Developer/desa-digital/wiradesa/vendor/codeigniter/framework/system/core/Controller.php 83
[2025-08-19 04:43:44] opensid.ERROR: Severity: 8192 --> Creation of dynamic property Web::$uri is deprecated /Users/akmalfadli/Developer/desa-digital/wiradesa/vendor/codeigniter/framework/system/core/Controller.php 83
[2025-08-19 04:43:44] opensid.ERROR: Severity: 8192 --> Creation of dynamic property Web::$exceptions is deprecated /Users/akmalfadli/Developer/desa-digital/wiradesa/vendor/codeigniter/framework/system/core/Controller.php 83
[2025-08-19 04:43:44] opensid.ERROR: Severity: 8192 --> Creation of dynamic property Web::$router is deprecated /Users/akmalfadli/Developer/desa-digital/wiradesa/vendor/codeigniter/framework/system/core/Controller.php 83
[2025-08-19 04:43:44] opensid.ERROR: Severity: 8192 --> Creation of dynamic property Web::$output is deprecated /Users/akmalfadli/Developer/desa-digital/wiradesa/vendor/codeigniter/framework/system/core/Controller.php 83
[2025-08-19 04:43:44] opensid.ERROR: Severity: 8192 --> Creation of dynamic property Web::$security is deprecated /Users/akmalfadli/Developer/desa-digital/wiradesa/vendor/codeigniter/framework/system/core/Controller.php 83
[2025-08-19 04:43:44] opensid.ERROR: Severity: 8192 --> Creation of dynamic property Web::$input is deprecated /Users/akmalfadli/Developer/desa-digital/wiradesa/vendor/codeigniter/framework/system/core/Controller.php 83
[2025-08-19 04:43:44] opensid.ERROR: Severity: 8192 --> Creation of dynamic property Web::$lang is deprecated /Users/akmalfadli/Developer/desa-digital/wiradesa/vendor/codeigniter/framework/system/core/Controller.php 83
[2025-08-19 04:43:44] opensid.ERROR: Severity: 8192 --> Creation of dynamic property CI_URI::$config is deprecated /Users/akmalfadli/Developer/desa-digital/wiradesa/vendor/codeigniter/framework/system/core/URI.php 102
[2025-08-19 04:43:44] opensid.ERROR: Severity: 8192 --> Creation of dynamic property MY_Router::$uri is deprecated /Users/akmalfadli/Developer/desa-digital/wiradesa/vendor/codeigniter/framework/system/core/Router.php 128
[2025-08-19 04:43:44] opensid.ERROR: Severity: 8192 --> Creation of dynamic property Web::$benchmark is deprecated /Users/akmalfadli/Developer/desa-digital/wiradesa/vendor/codeigniter/framework/system/core/Controller.php 83
[2025-08-19 04:43:44] opensid.ERROR: Severity: 8192 --> Creation of dynamic property Web::$hooks is deprecated /Users/akmalfadli/Developer/desa-digital/wiradesa/vendor/codeigniter/framework/system/core/Controller.php 83
[2025-08-19 04:43:44] opensid.ERROR: Severity: 8192 --> Creation of dynamic property Web::$config is deprecated /Users/akmalfadli/Developer/desa-digital/wiradesa/vendor/codeigniter/framework/system/core/Controller.php 83
[2025-08-19 04:43:44] opensid.ERROR: Severity: 8192 --> Creation of dynamic property Web::$utf8 is deprecated /Users/akmalfadli/Developer/desa-digital/wiradesa/vendor/codeigniter/framework/system/core/Controller.php 83
[2025-08-19 04:43:44] opensid.ERROR: Severity: 8192 --> Creation of dynamic property Web::$uri is deprecated /Users/akmalfadli/Developer/desa-digital/wiradesa/vendor/codeigniter/framework/system/core/Controller.php 83
[2025-08-19 04:43:44] opensid.ERROR: Severity: 8192 --> Creation of dynamic property Web::$exceptions is deprecated /Users/akmalfadli/Developer/desa-digital/wiradesa/vendor/codeigniter/framework/system/core/Controller.php 83
[2025-08-19 04:43:44] opensid.ERROR: Severity: 8192 --> Creation of dynamic property Web::$router is deprecated /Users/akmalfadli/Developer/desa-digital/wiradesa/vendor/codeigniter/framework/system/core/Controller.php 83
[2025-08-19 04:43:44] opensid.ERROR: Severity: 8192 --> Creation of dynamic property Web::$output is deprecated /Users/akmalfadli/Developer/desa-digital/wiradesa/vendor/codeigniter/framework/system/core/Controller.php 83
[2025-08-19 04:43:44] opensid.ERROR: Severity: 8192 --> Creation of dynamic property Web::$security is deprecated /Users/akmalfadli/Developer/desa-digital/wiradesa/vendor/codeigniter/framework/system/core/Controller.php 83
[2025-08-19 04:43:44] opensid.ERROR: Severity: 8192 --> Creation of dynamic property Web::$input is deprecated /Users/akmalfadli/Developer/desa-digital/wiradesa/vendor/codeigniter/framework/system/core/Controller.php 83
[2025-08-19 04:43:44] opensid.ERROR: Severity: 8192 --> Creation of dynamic property Web::$lang is deprecated /Users/akmalfadli/Developer/desa-digital/wiradesa/vendor/codeigniter/framework/system/core/Controller.php 83
[2025-08-19 04:43:48] opensid.ERROR: Severity: 8192 --> Creation of dynamic property CI_URI::$config is deprecated /Users/akmalfadli/Developer/desa-digital/wiradesa/vendor/codeigniter/framework/system/core/URI.php 102
[2025-08-19 04:43:48] opensid.ERROR: Severity: 8192 --> Creation of dynamic property MY_Router::$uri is deprecated /Users/akmalfadli/Developer/desa-digital/wiradesa/vendor/codeigniter/framework/system/core/Router.php 128
[2025-08-19 04:43:48] opensid.ERROR: Severity: 8192 --> Creation of dynamic property Web::$benchmark is deprecated /Users/akmalfadli/Developer/desa-digital/wiradesa/vendor/codeigniter/framework/system/core/Controller.php 83
[2025-08-19 04:43:48] opensid.ERROR: Severity: 8192 --> Creation of dynamic property Web::$hooks is deprecated /Users/akmalfadli/Developer/desa-digital/wiradesa/vendor/codeigniter/framework/system/core/Controller.php 83
[2025-08-19 04:43:48] opensid.ERROR: Severity: 8192 --> Creation of dynamic property Web::$config is deprecated /Users/akmalfadli/Developer/desa-digital/wiradesa/vendor/codeigniter/framework/system/core/Controller.php 83
[2025-08-19 04:43:48] opensid.ERROR: Severity: 8192 --> Creation of dynamic property Web::$utf8 is deprecated /Users/akmalfadli/Developer/desa-digital/wiradesa/vendor/codeigniter/framework/system/core/Controller.php 83
[2025-08-19 04:43:48] opensid.ERROR: Severity: 8192 --> Creation of dynamic property Web::$uri is deprecated /Users/akmalfadli/Developer/desa-digital/wiradesa/vendor/codeigniter/framework/system/core/Controller.php 83
[2025-08-19 04:43:48] opensid.ERROR: Severity: 8192 --> Creation of dynamic property Web::$exceptions is deprecated /Users/akmalfadli/Developer/desa-digital/wiradesa/vendor/codeigniter/framework/system/core/Controller.php 83
[2025-08-19 04:43:48] opensid.ERROR: Severity: 8192 --> Creation of dynamic property Web::$router is deprecated /Users/akmalfadli/Developer/desa-digital/wiradesa/vendor/codeigniter/framework/system/core/Controller.php 83
[2025-08-19 04:43:48] opensid.ERROR: Severity: 8192 --> Creation of dynamic property Web::$output is deprecated /Users/akmalfadli/Developer/desa-digital/wiradesa/vendor/codeigniter/framework/system/core/Controller.php 83
[2025-08-19 04:43:48] opensid.ERROR: Severity: 8192 --> Creation of dynamic property Web::$security is deprecated /Users/akmalfadli/Developer/desa-digital/wiradesa/vendor/codeigniter/framework/system/core/Controller.php 83
[2025-08-19 04:43:48] opensid.ERROR: Severity: 8192 --> Creation of dynamic property Web::$input is deprecated /Users/akmalfadli/Developer/desa-digital/wiradesa/vendor/codeigniter/framework/system/core/Controller.php 83
[2025-08-19 04:43:48] opensid.ERROR: Severity: 8192 --> Creation of dynamic property Web::$lang is deprecated /Users/akmalfadli/Developer/desa-digital/wiradesa/vendor/codeigniter/framework/system/core/Controller.php 83
[2025-08-19 04:59:32] opensid.ERROR: Severity: 8192 --> Creation of dynamic property CI_URI::$config is deprecated /Users/akmalfadli/Developer/desa-digital/wiradesa/vendor/codeigniter/framework/system/core/URI.php 102
[2025-08-19 04:59:32] opensid.ERROR: Severity: 8192 --> Creation of dynamic property MY_Router::$uri is deprecated /Users/akmalfadli/Developer/desa-digital/wiradesa/vendor/codeigniter/framework/system/core/Router.php 128
[2025-08-19 04:59:32] opensid.ERROR: Severity: error --> Exception: Class "AdminModulController" not found /Users/akmalfadli/Developer/desa-digital/wiradesa/Modules/Kehadiran/Http/Controllers/BackEnd/JamKerjaController.php 42
[2025-08-19 05:02:14] opensid.ERROR: Severity: 8192 --> Creation of dynamic property CI_URI::$config is deprecated /Users/akmalfadli/Developer/desa-digital/wiradesa/vendor/codeigniter/framework/system/core/URI.php 102
[2025-08-19 05:02:14] opensid.ERROR: Severity: 8192 --> Creation of dynamic property MY_Router::$uri is deprecated /Users/akmalfadli/Developer/desa-digital/wiradesa/vendor/codeigniter/framework/system/core/Router.php 128
[2025-08-19 05:03:02] opensid.ERROR: Severity: 8192 --> Creation of dynamic property CI_URI::$config is deprecated /Users/akmalfadli/Developer/desa-digital/wiradesa/vendor/codeigniter/framework/system/core/URI.php 102
[2025-08-19 05:03:02] opensid.ERROR: Severity: 8192 --> Creation of dynamic property MY_Router::$uri is deprecated /Users/akmalfadli/Developer/desa-digital/wiradesa/vendor/codeigniter/framework/system/core/Router.php 128
[2025-08-19 05:03:02] opensid.ERROR: Severity: 8192 --> Creation of dynamic property JamKerjaController::$benchmark is deprecated /Users/akmalfadli/Developer/desa-digital/wiradesa/vendor/codeigniter/framework/system/core/Controller.php 83
[2025-08-19 05:03:02] opensid.ERROR: Severity: 8192 --> Creation of dynamic property JamKerjaController::$hooks is deprecated /Users/akmalfadli/Developer/desa-digital/wiradesa/vendor/codeigniter/framework/system/core/Controller.php 83
[2025-08-19 05:03:02] opensid.ERROR: Severity: 8192 --> Creation of dynamic property JamKerjaController::$config is deprecated /Users/akmalfadli/Developer/desa-digital/wiradesa/vendor/codeigniter/framework/system/core/Controller.php 83
[2025-08-19 05:03:02] opensid.ERROR: Severity: 8192 --> Creation of dynamic property JamKerjaController::$utf8 is deprecated /Users/akmalfadli/Developer/desa-digital/wiradesa/vendor/codeigniter/framework/system/core/Controller.php 83
[2025-08-19 05:03:02] opensid.ERROR: Severity: 8192 --> Creation of dynamic property JamKerjaController::$uri is deprecated /Users/akmalfadli/Developer/desa-digital/wiradesa/vendor/codeigniter/framework/system/core/Controller.php 83
[2025-08-19 05:03:02] opensid.ERROR: Severity: 8192 --> Creation of dynamic property JamKerjaController::$exceptions is deprecated /Users/akmalfadli/Developer/desa-digital/wiradesa/vendor/codeigniter/framework/system/core/Controller.php 83
[2025-08-19 05:03:02] opensid.ERROR: Severity: 8192 --> Creation of dynamic property JamKerjaController::$router is deprecated /Users/akmalfadli/Developer/desa-digital/wiradesa/vendor/codeigniter/framework/system/core/Controller.php 83
[2025-08-19 05:03:02] opensid.ERROR: Severity: 8192 --> Creation of dynamic property JamKerjaController::$output is deprecated /Users/akmalfadli/Developer/desa-digital/wiradesa/vendor/codeigniter/framework/system/core/Controller.php 83
[2025-08-19 05:03:02] opensid.ERROR: Severity: 8192 --> Creation of dynamic property JamKerjaController::$security is deprecated /Users/akmalfadli/Developer/desa-digital/wiradesa/vendor/codeigniter/framework/system/core/Controller.php 83
[2025-08-19 05:03:02] opensid.ERROR: Severity: 8192 --> Creation of dynamic property JamKerjaController::$input is deprecated /Users/akmalfadli/Developer/desa-digital/wiradesa/vendor/codeigniter/framework/system/core/Controller.php 83
[2025-08-19 05:03:02] opensid.ERROR: Severity: 8192 --> Creation of dynamic property JamKerjaController::$lang is deprecated /Users/akmalfadli/Developer/desa-digital/wiradesa/vendor/codeigniter/framework/system/core/Controller.php 83
[2025-08-19 05:03:03] opensid.ERROR: Severity: 8192 --> Creation of dynamic property CI_URI::$config is deprecated /Users/akmalfadli/Developer/desa-digital/wiradesa/vendor/codeigniter/framework/system/core/URI.php 102
[2025-08-19 05:03:03] opensid.ERROR: Severity: 8192 --> Creation of dynamic property MY_Router::$uri is deprecated /Users/akmalfadli/Developer/desa-digital/wiradesa/vendor/codeigniter/framework/system/core/Router.php 128
[2025-08-19 05:03:03] opensid.ERROR: Severity: 8192 --> Creation of dynamic property JamKerjaController::$benchmark is deprecated /Users/akmalfadli/Developer/desa-digital/wiradesa/vendor/codeigniter/framework/system/core/Controller.php 83
[2025-08-19 05:03:03] opensid.ERROR: Severity: 8192 --> Creation of dynamic property JamKerjaController::$hooks is deprecated /Users/akmalfadli/Developer/desa-digital/wiradesa/vendor/codeigniter/framework/system/core/Controller.php 83
[2025-08-19 05:03:03] opensid.ERROR: Severity: 8192 --> Creation of dynamic property JamKerjaController::$config is deprecated /Users/akmalfadli/Developer/desa-digital/wiradesa/vendor/codeigniter/framework/system/core/Controller.php 83
[2025-08-19 05:03:03] opensid.ERROR: Severity: 8192 --> Creation of dynamic property JamKerjaController::$utf8 is deprecated /Users/akmalfadli/Developer/desa-digital/wiradesa/vendor/codeigniter/framework/system/core/Controller.php 83
[2025-08-19 05:03:03] opensid.ERROR: Severity: 8192 --> Creation of dynamic property JamKerjaController::$uri is deprecated /Users/akmalfadli/Developer/desa-digital/wiradesa/vendor/codeigniter/framework/system/core/Controller.php 83
[2025-08-19 05:03:03] opensid.ERROR: Severity: 8192 --> Creation of dynamic property JamKerjaController::$exceptions is deprecated /Users/akmalfadli/Developer/desa-digital/wiradesa/vendor/codeigniter/framework/system/core/Controller.php 83
[2025-08-19 05:03:03] opensid.ERROR: Severity: 8192 --> Creation of dynamic property JamKerjaController::$router is deprecated /Users/akmalfadli/Developer/desa-digital/wiradesa/vendor/codeigniter/framework/system/core/Controller.php 83
[2025-08-19 05:03:03] opensid.ERROR: Severity: 8192 --> Creation of dynamic property JamKerjaController::$output is deprecated /Users/akmalfadli/Developer/desa-digital/wiradesa/vendor/codeigniter/framework/system/core/Controller.php 83
[2025-08-19 05:03:03] opensid.ERROR: Severity: 8192 --> Creation of dynamic property JamKerjaController::$security is deprecated /Users/akmalfadli/Developer/desa-digital/wiradesa/vendor/codeigniter/framework/system/core/Controller.php 83
[2025-08-19 05:03:03] opensid.ERROR: Severity: 8192 --> Creation of dynamic property JamKerjaController::$input is deprecated /Users/akmalfadli/Developer/desa-digital/wiradesa/vendor/codeigniter/framework/system/core/Controller.php 83
[2025-08-19 05:03:03] opensid.ERROR: Severity: 8192 --> Creation of dynamic property JamKerjaController::$lang is deprecated /Users/akmalfadli/Developer/desa-digital/wiradesa/vendor/codeigniter/framework/system/core/Controller.php 83
[2025-08-19 05:03:40] opensid.ERROR: Severity: 8192 --> Creation of dynamic property CI_URI::$config is deprecated /Users/akmalfadli/Developer/desa-digital/wiradesa/vendor/codeigniter/framework/system/core/URI.php 102
[2025-08-19 05:03:40] opensid.ERROR: Severity: 8192 --> Creation of dynamic property MY_Router::$uri is deprecated /Users/akmalfadli/Developer/desa-digital/wiradesa/vendor/codeigniter/framework/system/core/Router.php 128
[2025-08-19 05:03:40] opensid.ERROR: Severity: 8192 --> Creation of dynamic property Utama::$benchmark is deprecated /Users/akmalfadli/Developer/desa-digital/wiradesa/vendor/codeigniter/framework/system/core/Controller.php 83
[2025-08-19 05:03:40] opensid.ERROR: Severity: 8192 --> Creation of dynamic property Utama::$hooks is deprecated /Users/akmalfadli/Developer/desa-digital/wiradesa/vendor/codeigniter/framework/system/core/Controller.php 83
[2025-08-19 05:03:40] opensid.ERROR: Severity: 8192 --> Creation of dynamic property Utama::$config is deprecated /Users/akmalfadli/Developer/desa-digital/wiradesa/vendor/codeigniter/framework/system/core/Controller.php 83
[2025-08-19 05:03:40] opensid.ERROR: Severity: 8192 --> Creation of dynamic property Utama::$utf8 is deprecated /Users/akmalfadli/Developer/desa-digital/wiradesa/vendor/codeigniter/framework/system/core/Controller.php 83
[2025-08-19 05:03:40] opensid.ERROR: Severity: 8192 --> Creation of dynamic property Utama::$uri is deprecated /Users/akmalfadli/Developer/desa-digital/wiradesa/vendor/codeigniter/framework/system/core/Controller.php 83
[2025-08-19 05:03:40] opensid.ERROR: Severity: 8192 --> Creation of dynamic property Utama::$exceptions is deprecated /Users/akmalfadli/Developer/desa-digital/wiradesa/vendor/codeigniter/framework/system/core/Controller.php 83
[2025-08-19 05:03:40] opensid.ERROR: Severity: 8192 --> Creation of dynamic property Utama::$router is deprecated /Users/akmalfadli/Developer/desa-digital/wiradesa/vendor/codeigniter/framework/system/core/Controller.php 83
[2025-08-19 05:03:40] opensid.ERROR: Severity: 8192 --> Creation of dynamic property Utama::$output is deprecated /Users/akmalfadli/Developer/desa-digital/wiradesa/vendor/codeigniter/framework/system/core/Controller.php 83
[2025-08-19 05:03:40] opensid.ERROR: Severity: 8192 --> Creation of dynamic property Utama::$security is deprecated /Users/akmalfadli/Developer/desa-digital/wiradesa/vendor/codeigniter/framework/system/core/Controller.php 83
[2025-08-19 05:03:40] opensid.ERROR: Severity: 8192 --> Creation of dynamic property Utama::$input is deprecated /Users/akmalfadli/Developer/desa-digital/wiradesa/vendor/codeigniter/framework/system/core/Controller.php 83
[2025-08-19 05:03:40] opensid.ERROR: Severity: 8192 --> Creation of dynamic property Utama::$lang is deprecated /Users/akmalfadli/Developer/desa-digital/wiradesa/vendor/codeigniter/framework/system/core/Controller.php 83
[2025-08-19 05:03:41] opensid.ERROR: Severity: 8192 --> Creation of dynamic property CI_URI::$config is deprecated /Users/akmalfadli/Developer/desa-digital/wiradesa/vendor/codeigniter/framework/system/core/URI.php 102
[2025-08-19 05:03:41] opensid.ERROR: Severity: 8192 --> Creation of dynamic property MY_Router::$uri is deprecated /Users/akmalfadli/Developer/desa-digital/wiradesa/vendor/codeigniter/framework/system/core/Router.php 128
[2025-08-19 05:03:41] opensid.ERROR: Severity: error --> Exception: Class "WebModulController" not found /Users/akmalfadli/Developer/desa-digital/wiradesa/Modules/Kehadiran/Http/Controllers/FrontEnd/PerangkatController.php 47
[2025-08-19 05:04:30] opensid.ERROR: Severity: 8192 --> Creation of dynamic property CI_URI::$config is deprecated /Users/akmalfadli/Developer/desa-digital/wiradesa/vendor/codeigniter/framework/system/core/URI.php 102
[2025-08-19 05:04:30] opensid.ERROR: Severity: 8192 --> Creation of dynamic property MY_Router::$uri is deprecated /Users/akmalfadli/Developer/desa-digital/wiradesa/vendor/codeigniter/framework/system/core/Router.php 128
[2025-08-19 05:04:30] opensid.ERROR: Severity: 8192 --> Creation of dynamic property PerangkatController::$benchmark is deprecated /Users/akmalfadli/Developer/desa-digital/wiradesa/vendor/codeigniter/framework/system/core/Controller.php 83
[2025-08-19 05:04:30] opensid.ERROR: Severity: 8192 --> Creation of dynamic property PerangkatController::$hooks is deprecated /Users/akmalfadli/Developer/desa-digital/wiradesa/vendor/codeigniter/framework/system/core/Controller.php 83
[2025-08-19 05:04:30] opensid.ERROR: Severity: 8192 --> Creation of dynamic property PerangkatController::$config is deprecated /Users/akmalfadli/Developer/desa-digital/wiradesa/vendor/codeigniter/framework/system/core/Controller.php 83
[2025-08-19 05:04:30] opensid.ERROR: Severity: 8192 --> Creation of dynamic property PerangkatController::$utf8 is deprecated /Users/akmalfadli/Developer/desa-digital/wiradesa/vendor/codeigniter/framework/system/core/Controller.php 83
[2025-08-19 05:04:30] opensid.ERROR: Severity: 8192 --> Creation of dynamic property PerangkatController::$uri is deprecated /Users/akmalfadli/Developer/desa-digital/wiradesa/vendor/codeigniter/framework/system/core/Controller.php 83
[2025-08-19 05:04:30] opensid.ERROR: Severity: 8192 --> Creation of dynamic property PerangkatController::$exceptions is deprecated /Users/akmalfadli/Developer/desa-digital/wiradesa/vendor/codeigniter/framework/system/core/Controller.php 83
[2025-08-19 05:04:30] opensid.ERROR: Severity: 8192 --> Creation of dynamic property PerangkatController::$router is deprecated /Users/akmalfadli/Developer/desa-digital/wiradesa/vendor/codeigniter/framework/system/core/Controller.php 83
[2025-08-19 05:04:30] opensid.ERROR: Severity: 8192 --> Creation of dynamic property PerangkatController::$output is deprecated /Users/akmalfadli/Developer/desa-digital/wiradesa/vendor/codeigniter/framework/system/core/Controller.php 83
[2025-08-19 05:04:30] opensid.ERROR: Severity: 8192 --> Creation of dynamic property PerangkatController::$security is deprecated /Users/akmalfadli/Developer/desa-digital/wiradesa/vendor/codeigniter/framework/system/core/Controller.php 83
[2025-08-19 05:04:30] opensid.ERROR: Severity: 8192 --> Creation of dynamic property PerangkatController::$input is deprecated /Users/akmalfadli/Developer/desa-digital/wiradesa/vendor/codeigniter/framework/system/core/Controller.php 83
[2025-08-19 05:04:30] opensid.ERROR: Severity: 8192 --> Creation of dynamic property PerangkatController::$lang is deprecated /Users/akmalfadli/Developer/desa-digital/wiradesa/vendor/codeigniter/framework/system/core/Controller.php 83
